[2026-06-09T20:52:33.603+0000] {processor.py:186} INFO - Started process (PID=368) to work on /opt/airflow/dags/batch_generator.py
[2026-06-09T20:52:33.606+0000] {processor.py:914} INFO - Processing file /opt/airflow/dags/batch_generator.py for tasks to queue
[2026-06-09T20:52:33.614+0000] {logging_mixin.py:190} INFO - [2026-06-09T20:52:33.612+0000] {dagbag.py:588} INFO - Filling up the DagBag from /opt/airflow/dags/batch_generator.py
[2026-06-09T20:52:34.923+0000] {processor.py:927} WARNING - No viable dags retrieved from /opt/airflow/dags/batch_generator.py
[2026-06-09T20:52:34.939+0000] {processor.py:208} INFO - Processing /opt/airflow/dags/batch_generator.py took 1.348 seconds
[2026-06-09T20:53:05.411+0000] {processor.py:186} INFO - Started process (PID=376) to work on /opt/airflow/dags/batch_generator.py
[2026-06-09T20:53:05.414+0000] {processor.py:914} INFO - Processing file /opt/airflow/dags/batch_generator.py for tasks to queue
[2026-06-09T20:53:05.420+0000] {logging_mixin.py:190} INFO - [2026-06-09T20:53:05.419+0000] {dagbag.py:588} INFO - Filling up the DagBag from /opt/airflow/dags/batch_generator.py
[2026-06-09T20:53:05.930+0000] {processor.py:927} WARNING - No viable dags retrieved from /opt/airflow/dags/batch_generator.py
[2026-06-09T20:53:05.949+0000] {processor.py:208} INFO - Processing /opt/airflow/dags/batch_generator.py took 0.554 seconds
[2026-06-09T20:53:36.664+0000] {processor.py:186} INFO - Started process (PID=384) to work on /opt/airflow/dags/batch_generator.py
[2026-06-09T20:53:36.665+0000] {processor.py:914} INFO - Processing file /opt/airflow/dags/batch_generator.py for tasks to queue
[2026-06-09T20:53:36.669+0000] {logging_mixin.py:190} INFO - [2026-06-09T20:53:36.668+0000] {dagbag.py:588} INFO - Filling up the DagBag from /opt/airflow/dags/batch_generator.py
[2026-06-09T20:53:36.927+0000] {processor.py:927} WARNING - No viable dags retrieved from /opt/airflow/dags/batch_generator.py
[2026-06-09T20:53:36.949+0000] {processor.py:208} INFO - Processing /opt/airflow/dags/batch_generator.py took 0.294 seconds
[2026-06-09T20:54:07.036+0000] {processor.py:186} INFO - Started process (PID=393) to work on /opt/airflow/dags/batch_generator.py
[2026-06-09T20:54:07.038+0000] {processor.py:914} INFO - Processing file /opt/airflow/dags/batch_generator.py for tasks to queue
[2026-06-09T20:54:07.043+0000] {logging_mixin.py:190} INFO - [2026-06-09T20:54:07.043+0000] {dagbag.py:588} INFO - Filling up the DagBag from /opt/airflow/dags/batch_generator.py
[2026-06-09T20:54:07.318+0000] {processor.py:927} WARNING - No viable dags retrieved from /opt/airflow/dags/batch_generator.py
[2026-06-09T20:54:07.338+0000] {processor.py:208} INFO - Processing /opt/airflow/dags/batch_generator.py took 0.315 seconds
[2026-06-09T20:54:37.671+0000] {processor.py:186} INFO - Started process (PID=401) to work on /opt/airflow/dags/batch_generator.py
[2026-06-09T20:54:37.673+0000] {processor.py:914} INFO - Processing file /opt/airflow/dags/batch_generator.py for tasks to queue
[2026-06-09T20:54:37.678+0000] {logging_mixin.py:190} INFO - [2026-06-09T20:54:37.677+0000] {dagbag.py:588} INFO - Filling up the DagBag from /opt/airflow/dags/batch_generator.py
[2026-06-09T20:54:37.965+0000] {processor.py:927} WARNING - No viable dags retrieved from /opt/airflow/dags/batch_generator.py
[2026-06-09T20:54:37.984+0000] {processor.py:208} INFO - Processing /opt/airflow/dags/batch_generator.py took 0.324 seconds
[2026-06-09T20:55:08.571+0000] {processor.py:186} INFO - Started process (PID=409) to work on /opt/airflow/dags/batch_generator.py
[2026-06-09T20:55:08.575+0000] {processor.py:914} INFO - Processing file /opt/airflow/dags/batch_generator.py for tasks to queue
[2026-06-09T20:55:08.582+0000] {logging_mixin.py:190} INFO - [2026-06-09T20:55:08.581+0000] {dagbag.py:588} INFO - Filling up the DagBag from /opt/airflow/dags/batch_generator.py
[2026-06-09T20:55:08.924+0000] {processor.py:927} WARNING - No viable dags retrieved from /opt/airflow/dags/batch_generator.py
[2026-06-09T20:55:08.959+0000] {processor.py:208} INFO - Processing /opt/airflow/dags/batch_generator.py took 0.398 seconds
[2026-06-09T20:55:39.460+0000] {processor.py:186} INFO - Started process (PID=417) to work on /opt/airflow/dags/batch_generator.py
[2026-06-09T20:55:39.463+0000] {processor.py:914} INFO - Processing file /opt/airflow/dags/batch_generator.py for tasks to queue
[2026-06-09T20:55:39.468+0000] {logging_mixin.py:190} INFO - [2026-06-09T20:55:39.467+0000] {dagbag.py:588} INFO - Filling up the DagBag from /opt/airflow/dags/batch_generator.py
[2026-06-09T20:55:39.784+0000] {processor.py:927} WARNING - No viable dags retrieved from /opt/airflow/dags/batch_generator.py
[2026-06-09T20:55:39.816+0000] {processor.py:208} INFO - Processing /opt/airflow/dags/batch_generator.py took 0.363 seconds
[2026-06-09T20:56:10.343+0000] {processor.py:186} INFO - Started process (PID=425) to work on /opt/airflow/dags/batch_generator.py
[2026-06-09T20:56:10.344+0000] {processor.py:914} INFO - Processing file /opt/airflow/dags/batch_generator.py for tasks to queue
[2026-06-09T20:56:10.348+0000] {logging_mixin.py:190} INFO - [2026-06-09T20:56:10.347+0000] {dagbag.py:588} INFO - Filling up the DagBag from /opt/airflow/dags/batch_generator.py
[2026-06-09T20:56:10.662+0000] {processor.py:927} WARNING - No viable dags retrieved from /opt/airflow/dags/batch_generator.py
[2026-06-09T20:56:10.682+0000] {processor.py:208} INFO - Processing /opt/airflow/dags/batch_generator.py took 0.353 seconds
[2026-06-09T20:56:41.195+0000] {processor.py:186} INFO - Started process (PID=433) to work on /opt/airflow/dags/batch_generator.py
[2026-06-09T20:56:41.199+0000] {processor.py:914} INFO - Processing file /opt/airflow/dags/batch_generator.py for tasks to queue
[2026-06-09T20:56:41.207+0000] {logging_mixin.py:190} INFO - [2026-06-09T20:56:41.206+0000] {dagbag.py:588} INFO - Filling up the DagBag from /opt/airflow/dags/batch_generator.py
[2026-06-09T20:56:41.487+0000] {processor.py:927} WARNING - No viable dags retrieved from /opt/airflow/dags/batch_generator.py
[2026-06-09T20:56:41.512+0000] {processor.py:208} INFO - Processing /opt/airflow/dags/batch_generator.py took 0.338 seconds
[2026-06-09T20:57:12.019+0000] {processor.py:186} INFO - Started process (PID=441) to work on /opt/airflow/dags/batch_generator.py
[2026-06-09T20:57:12.023+0000] {processor.py:914} INFO - Processing file /opt/airflow/dags/batch_generator.py for tasks to queue
[2026-06-09T20:57:12.028+0000] {logging_mixin.py:190} INFO - [2026-06-09T20:57:12.027+0000] {dagbag.py:588} INFO - Filling up the DagBag from /opt/airflow/dags/batch_generator.py
[2026-06-09T20:57:12.334+0000] {processor.py:927} WARNING - No viable dags retrieved from /opt/airflow/dags/batch_generator.py
[2026-06-09T20:57:12.354+0000] {processor.py:208} INFO - Processing /opt/airflow/dags/batch_generator.py took 0.344 seconds
[2026-06-09T20:57:42.547+0000] {processor.py:186} INFO - Started process (PID=449) to work on /opt/airflow/dags/batch_generator.py
[2026-06-09T20:57:42.550+0000] {processor.py:914} INFO - Processing file /opt/airflow/dags/batch_generator.py for tasks to queue
[2026-06-09T20:57:42.560+0000] {logging_mixin.py:190} INFO - [2026-06-09T20:57:42.558+0000] {dagbag.py:588} INFO - Filling up the DagBag from /opt/airflow/dags/batch_generator.py
[2026-06-09T20:57:42.881+0000] {processor.py:927} WARNING - No viable dags retrieved from /opt/airflow/dags/batch_generator.py
[2026-06-09T20:57:42.900+0000] {processor.py:208} INFO - Processing /opt/airflow/dags/batch_generator.py took 0.367 seconds
[2026-06-09T20:58:13.211+0000] {processor.py:186} INFO - Started process (PID=458) to work on /opt/airflow/dags/batch_generator.py
[2026-06-09T20:58:13.214+0000] {processor.py:914} INFO - Processing file /opt/airflow/dags/batch_generator.py for tasks to queue
[2026-06-09T20:58:13.217+0000] {logging_mixin.py:190} INFO - [2026-06-09T20:58:13.217+0000] {dagbag.py:588} INFO - Filling up the DagBag from /opt/airflow/dags/batch_generator.py
[2026-06-09T20:58:13.519+0000] {processor.py:927} WARNING - No viable dags retrieved from /opt/airflow/dags/batch_generator.py
[2026-06-09T20:58:13.538+0000] {processor.py:208} INFO - Processing /opt/airflow/dags/batch_generator.py took 0.335 seconds
[2026-06-09T20:58:43.735+0000] {processor.py:186} INFO - Started process (PID=466) to work on /opt/airflow/dags/batch_generator.py
[2026-06-09T20:58:43.739+0000] {processor.py:914} INFO - Processing file /opt/airflow/dags/batch_generator.py for tasks to queue
[2026-06-09T20:58:43.748+0000] {logging_mixin.py:190} INFO - [2026-06-09T20:58:43.747+0000] {dagbag.py:588} INFO - Filling up the DagBag from /opt/airflow/dags/batch_generator.py
[2026-06-09T20:58:44.025+0000] {processor.py:927} WARNING - No viable dags retrieved from /opt/airflow/dags/batch_generator.py
[2026-06-09T20:58:44.043+0000] {processor.py:208} INFO - Processing /opt/airflow/dags/batch_generator.py took 0.320 seconds
[2026-06-09T20:59:14.432+0000] {processor.py:186} INFO - Started process (PID=480) to work on /opt/airflow/dags/batch_generator.py
[2026-06-09T20:59:14.434+0000] {processor.py:914} INFO - Processing file /opt/airflow/dags/batch_generator.py for tasks to queue
[2026-06-09T20:59:14.441+0000] {logging_mixin.py:190} INFO - [2026-06-09T20:59:14.440+0000] {dagbag.py:588} INFO - Filling up the DagBag from /opt/airflow/dags/batch_generator.py
[2026-06-09T20:59:14.710+0000] {processor.py:927} WARNING - No viable dags retrieved from /opt/airflow/dags/batch_generator.py
[2026-06-09T20:59:14.731+0000] {processor.py:208} INFO - Processing /opt/airflow/dags/batch_generator.py took 0.309 seconds
[2026-06-09T20:59:44.889+0000] {processor.py:186} INFO - Started process (PID=488) to work on /opt/airflow/dags/batch_generator.py
[2026-06-09T20:59:44.892+0000] {processor.py:914} INFO - Processing file /opt/airflow/dags/batch_generator.py for tasks to queue
[2026-06-09T20:59:44.896+0000] {logging_mixin.py:190} INFO - [2026-06-09T20:59:44.896+0000] {dagbag.py:588} INFO - Filling up the DagBag from /opt/airflow/dags/batch_generator.py
[2026-06-09T20:59:45.227+0000] {processor.py:927} WARNING - No viable dags retrieved from /opt/airflow/dags/batch_generator.py
[2026-06-09T20:59:45.265+0000] {processor.py:208} INFO - Processing /opt/airflow/dags/batch_generator.py took 0.388 seconds
[2026-06-09T21:00:15.629+0000] {processor.py:186} INFO - Started process (PID=496) to work on /opt/airflow/dags/batch_generator.py
[2026-06-09T21:00:15.632+0000] {processor.py:914} INFO - Processing file /opt/airflow/dags/batch_generator.py for tasks to queue
[2026-06-09T21:00:15.639+0000] {logging_mixin.py:190} INFO - [2026-06-09T21:00:15.638+0000] {dagbag.py:588} INFO - Filling up the DagBag from /opt/airflow/dags/batch_generator.py
[2026-06-09T21:00:15.924+0000] {processor.py:927} WARNING - No viable dags retrieved from /opt/airflow/dags/batch_generator.py
[2026-06-09T21:00:15.946+0000] {processor.py:208} INFO - Processing /opt/airflow/dags/batch_generator.py took 0.333 seconds
[2026-06-09T21:00:46.170+0000] {processor.py:186} INFO - Started process (PID=504) to work on /opt/airflow/dags/batch_generator.py
[2026-06-09T21:00:46.174+0000] {processor.py:914} INFO - Processing file /opt/airflow/dags/batch_generator.py for tasks to queue
[2026-06-09T21:00:46.178+0000] {logging_mixin.py:190} INFO - [2026-06-09T21:00:46.177+0000] {dagbag.py:588} INFO - Filling up the DagBag from /opt/airflow/dags/batch_generator.py
[2026-06-09T21:00:46.490+0000] {processor.py:927} WARNING - No viable dags retrieved from /opt/airflow/dags/batch_generator.py
[2026-06-09T21:00:46.517+0000] {processor.py:208} INFO - Processing /opt/airflow/dags/batch_generator.py took 0.362 seconds
[2026-06-09T21:01:16.822+0000] {processor.py:186} INFO - Started process (PID=512) to work on /opt/airflow/dags/batch_generator.py
[2026-06-09T21:01:16.824+0000] {processor.py:914} INFO - Processing file /opt/airflow/dags/batch_generator.py for tasks to queue
[2026-06-09T21:01:16.828+0000] {logging_mixin.py:190} INFO - [2026-06-09T21:01:16.827+0000] {dagbag.py:588} INFO - Filling up the DagBag from /opt/airflow/dags/batch_generator.py
[2026-06-09T21:01:17.098+0000] {processor.py:927} WARNING - No viable dags retrieved from /opt/airflow/dags/batch_generator.py
[2026-06-09T21:01:17.124+0000] {processor.py:208} INFO - Processing /opt/airflow/dags/batch_generator.py took 0.311 seconds
[2026-06-09T21:01:47.428+0000] {processor.py:186} INFO - Started process (PID=520) to work on /opt/airflow/dags/batch_generator.py
[2026-06-09T21:01:47.430+0000] {processor.py:914} INFO - Processing file /opt/airflow/dags/batch_generator.py for tasks to queue
[2026-06-09T21:01:47.437+0000] {logging_mixin.py:190} INFO - [2026-06-09T21:01:47.436+0000] {dagbag.py:588} INFO - Filling up the DagBag from /opt/airflow/dags/batch_generator.py
[2026-06-09T21:01:47.783+0000] {processor.py:927} WARNING - No viable dags retrieved from /opt/airflow/dags/batch_generator.py
[2026-06-09T21:01:47.803+0000] {processor.py:208} INFO - Processing /opt/airflow/dags/batch_generator.py took 0.383 seconds
[2026-06-09T21:02:18.048+0000] {processor.py:186} INFO - Started process (PID=528) to work on /opt/airflow/dags/batch_generator.py
[2026-06-09T21:02:18.050+0000] {processor.py:914} INFO - Processing file /opt/airflow/dags/batch_generator.py for tasks to queue
[2026-06-09T21:02:18.056+0000] {logging_mixin.py:190} INFO - [2026-06-09T21:02:18.056+0000] {dagbag.py:588} INFO - Filling up the DagBag from /opt/airflow/dags/batch_generator.py
[2026-06-09T21:02:18.372+0000] {processor.py:927} WARNING - No viable dags retrieved from /opt/airflow/dags/batch_generator.py
[2026-06-09T21:02:18.403+0000] {processor.py:208} INFO - Processing /opt/airflow/dags/batch_generator.py took 0.367 seconds
[2026-06-09T21:02:48.794+0000] {processor.py:186} INFO - Started process (PID=536) to work on /opt/airflow/dags/batch_generator.py
[2026-06-09T21:02:48.795+0000] {processor.py:914} INFO - Processing file /opt/airflow/dags/batch_generator.py for tasks to queue
[2026-06-09T21:02:48.801+0000] {logging_mixin.py:190} INFO - [2026-06-09T21:02:48.800+0000] {dagbag.py:588} INFO - Filling up the DagBag from /opt/airflow/dags/batch_generator.py
[2026-06-09T21:02:49.087+0000] {processor.py:927} WARNING - No viable dags retrieved from /opt/airflow/dags/batch_generator.py
[2026-06-09T21:02:49.114+0000] {processor.py:208} INFO - Processing /opt/airflow/dags/batch_generator.py took 0.334 seconds
[2026-06-09T21:03:19.245+0000] {processor.py:186} INFO - Started process (PID=544) to work on /opt/airflow/dags/batch_generator.py
[2026-06-09T21:03:19.248+0000] {processor.py:914} INFO - Processing file /opt/airflow/dags/batch_generator.py for tasks to queue
[2026-06-09T21:03:19.251+0000] {logging_mixin.py:190} INFO - [2026-06-09T21:03:19.251+0000] {dagbag.py:588} INFO - Filling up the DagBag from /opt/airflow/dags/batch_generator.py
[2026-06-09T21:03:19.536+0000] {processor.py:927} WARNING - No viable dags retrieved from /opt/airflow/dags/batch_generator.py
[2026-06-09T21:03:19.557+0000] {processor.py:208} INFO - Processing /opt/airflow/dags/batch_generator.py took 0.321 seconds
[2026-06-09T21:03:49.960+0000] {processor.py:186} INFO - Started process (PID=552) to work on /opt/airflow/dags/batch_generator.py
[2026-06-09T21:03:49.964+0000] {processor.py:914} INFO - Processing file /opt/airflow/dags/batch_generator.py for tasks to queue
[2026-06-09T21:03:49.969+0000] {logging_mixin.py:190} INFO - [2026-06-09T21:03:49.968+0000] {dagbag.py:588} INFO - Filling up the DagBag from /opt/airflow/dags/batch_generator.py
[2026-06-09T21:03:50.238+0000] {processor.py:927} WARNING - No viable dags retrieved from /opt/airflow/dags/batch_generator.py
[2026-06-09T21:03:50.257+0000] {processor.py:208} INFO - Processing /opt/airflow/dags/batch_generator.py took 0.310 seconds
[2026-06-09T21:04:20.406+0000] {processor.py:186} INFO - Started process (PID=560) to work on /opt/airflow/dags/batch_generator.py
[2026-06-09T21:04:20.408+0000] {processor.py:914} INFO - Processing file /opt/airflow/dags/batch_generator.py for tasks to queue
[2026-06-09T21:04:20.413+0000] {logging_mixin.py:190} INFO - [2026-06-09T21:04:20.413+0000] {dagbag.py:588} INFO - Filling up the DagBag from /opt/airflow/dags/batch_generator.py
[2026-06-09T21:04:20.688+0000] {processor.py:927} WARNING - No viable dags retrieved from /opt/airflow/dags/batch_generator.py
[2026-06-09T21:04:20.707+0000] {processor.py:208} INFO - Processing /opt/airflow/dags/batch_generator.py took 0.312 seconds
[2026-06-09T21:04:51.181+0000] {processor.py:186} INFO - Started process (PID=568) to work on /opt/airflow/dags/batch_generator.py
[2026-06-09T21:04:51.185+0000] {processor.py:914} INFO - Processing file /opt/airflow/dags/batch_generator.py for tasks to queue
[2026-06-09T21:04:51.191+0000] {logging_mixin.py:190} INFO - [2026-06-09T21:04:51.190+0000] {dagbag.py:588} INFO - Filling up the DagBag from /opt/airflow/dags/batch_generator.py
[2026-06-09T21:04:51.534+0000] {processor.py:927} WARNING - No viable dags retrieved from /opt/airflow/dags/batch_generator.py
[2026-06-09T21:04:51.555+0000] {processor.py:208} INFO - Processing /opt/airflow/dags/batch_generator.py took 0.384 seconds
[2026-06-09T21:05:22.074+0000] {processor.py:186} INFO - Started process (PID=576) to work on /opt/airflow/dags/batch_generator.py
[2026-06-09T21:05:22.076+0000] {processor.py:914} INFO - Processing file /opt/airflow/dags/batch_generator.py for tasks to queue
[2026-06-09T21:05:22.082+0000] {logging_mixin.py:190} INFO - [2026-06-09T21:05:22.081+0000] {dagbag.py:588} INFO - Filling up the DagBag from /opt/airflow/dags/batch_generator.py
[2026-06-09T21:05:22.332+0000] {processor.py:927} WARNING - No viable dags retrieved from /opt/airflow/dags/batch_generator.py
[2026-06-09T21:05:22.352+0000] {processor.py:208} INFO - Processing /opt/airflow/dags/batch_generator.py took 0.286 seconds
[2026-06-09T21:05:52.514+0000] {processor.py:186} INFO - Started process (PID=584) to work on /opt/airflow/dags/batch_generator.py
[2026-06-09T21:05:52.520+0000] {processor.py:914} INFO - Processing file /opt/airflow/dags/batch_generator.py for tasks to queue
[2026-06-09T21:05:52.530+0000] {logging_mixin.py:190} INFO - [2026-06-09T21:05:52.528+0000] {dagbag.py:588} INFO - Filling up the DagBag from /opt/airflow/dags/batch_generator.py
[2026-06-09T21:05:52.788+0000] {processor.py:927} WARNING - No viable dags retrieved from /opt/airflow/dags/batch_generator.py
[2026-06-09T21:05:52.806+0000] {processor.py:208} INFO - Processing /opt/airflow/dags/batch_generator.py took 0.304 seconds
[2026-06-09T21:05:55.842+0000] {processor.py:186} INFO - Started process (PID=586) to work on /opt/airflow/dags/batch_generator.py
[2026-06-09T21:05:55.845+0000] {processor.py:914} INFO - Processing file /opt/airflow/dags/batch_generator.py for tasks to queue
[2026-06-09T21:05:55.850+0000] {logging_mixin.py:190} INFO - [2026-06-09T21:05:55.849+0000] {dagbag.py:588} INFO - Filling up the DagBag from /opt/airflow/dags/batch_generator.py
[2026-06-09T21:05:55.906+0000] {logging_mixin.py:190} INFO - [2026-06-09T21:05:55.902+0000] {dagbag.py:387} ERROR - Failed to import: /opt/airflow/dags/batch_generator.py
Traceback (most recent call last):
  File "/home/airflow/.local/lib/python3.12/site-packages/airflow/models/dagbag.py", line 383, in parse
    loader.exec_module(new_module)
  File "<frozen importlib._bootstrap_external>", line 991, in exec_module
  File "<frozen importlib._bootstrap_external>", line 1129, in get_code
  File "<frozen importlib._bootstrap_external>", line 1059, in source_to_code
  File "<frozen importlib._bootstrap>", line 488, in _call_with_frames_removed
  File "/opt/airflow/dags/batch_generator.py", line 65
    if str(date.today()) == "2026-06-09"
                                        ^
SyntaxError: expected ':'
[2026-06-09T21:05:55.907+0000] {processor.py:927} WARNING - No viable dags retrieved from /opt/airflow/dags/batch_generator.py
[2026-06-09T21:05:55.956+0000] {processor.py:208} INFO - Processing /opt/airflow/dags/batch_generator.py took 0.126 seconds
[2026-06-09T21:06:26.322+0000] {processor.py:186} INFO - Started process (PID=593) to work on /opt/airflow/dags/batch_generator.py
[2026-06-09T21:06:26.325+0000] {processor.py:914} INFO - Processing file /opt/airflow/dags/batch_generator.py for tasks to queue
[2026-06-09T21:06:26.329+0000] {logging_mixin.py:190} INFO - [2026-06-09T21:06:26.329+0000] {dagbag.py:588} INFO - Filling up the DagBag from /opt/airflow/dags/batch_generator.py
[2026-06-09T21:06:26.376+0000] {logging_mixin.py:190} INFO - [2026-06-09T21:06:26.375+0000] {dagbag.py:387} ERROR - Failed to import: /opt/airflow/dags/batch_generator.py
Traceback (most recent call last):
  File "/home/airflow/.local/lib/python3.12/site-packages/airflow/models/dagbag.py", line 383, in parse
    loader.exec_module(new_module)
  File "<frozen importlib._bootstrap_external>", line 991, in exec_module
  File "<frozen importlib._bootstrap_external>", line 1129, in get_code
  File "<frozen importlib._bootstrap_external>", line 1059, in source_to_code
  File "<frozen importlib._bootstrap>", line 488, in _call_with_frames_removed
  File "/opt/airflow/dags/batch_generator.py", line 65
    if str(date.today()) == "2026-06-09"
                                        ^
SyntaxError: expected ':'
[2026-06-09T21:06:26.377+0000] {processor.py:927} WARNING - No viable dags retrieved from /opt/airflow/dags/batch_generator.py
[2026-06-09T21:06:26.408+0000] {processor.py:208} INFO - Processing /opt/airflow/dags/batch_generator.py took 0.096 seconds
[2026-06-09T21:06:56.733+0000] {processor.py:186} INFO - Started process (PID=600) to work on /opt/airflow/dags/batch_generator.py
[2026-06-09T21:06:56.736+0000] {processor.py:914} INFO - Processing file /opt/airflow/dags/batch_generator.py for tasks to queue
[2026-06-09T21:06:56.743+0000] {logging_mixin.py:190} INFO - [2026-06-09T21:06:56.742+0000] {dagbag.py:588} INFO - Filling up the DagBag from /opt/airflow/dags/batch_generator.py
[2026-06-09T21:06:56.799+0000] {logging_mixin.py:190} INFO - [2026-06-09T21:06:56.796+0000] {dagbag.py:387} ERROR - Failed to import: /opt/airflow/dags/batch_generator.py
Traceback (most recent call last):
  File "/home/airflow/.local/lib/python3.12/site-packages/airflow/models/dagbag.py", line 383, in parse
    loader.exec_module(new_module)
  File "<frozen importlib._bootstrap_external>", line 991, in exec_module
  File "<frozen importlib._bootstrap_external>", line 1129, in get_code
  File "<frozen importlib._bootstrap_external>", line 1059, in source_to_code
  File "<frozen importlib._bootstrap>", line 488, in _call_with_frames_removed
  File "/opt/airflow/dags/batch_generator.py", line 65
    if str(date.today()) == "2026-06-09"
                                        ^
SyntaxError: expected ':'
[2026-06-09T21:06:56.801+0000] {processor.py:927} WARNING - No viable dags retrieved from /opt/airflow/dags/batch_generator.py
[2026-06-09T21:06:56.833+0000] {processor.py:208} INFO - Processing /opt/airflow/dags/batch_generator.py took 0.109 seconds
[2026-06-09T21:07:27.140+0000] {processor.py:186} INFO - Started process (PID=607) to work on /opt/airflow/dags/batch_generator.py
[2026-06-09T21:07:27.142+0000] {processor.py:914} INFO - Processing file /opt/airflow/dags/batch_generator.py for tasks to queue
[2026-06-09T21:07:27.148+0000] {logging_mixin.py:190} INFO - [2026-06-09T21:07:27.147+0000] {dagbag.py:588} INFO - Filling up the DagBag from /opt/airflow/dags/batch_generator.py
[2026-06-09T21:07:27.192+0000] {logging_mixin.py:190} INFO - [2026-06-09T21:07:27.190+0000] {dagbag.py:387} ERROR - Failed to import: /opt/airflow/dags/batch_generator.py
Traceback (most recent call last):
  File "/home/airflow/.local/lib/python3.12/site-packages/airflow/models/dagbag.py", line 383, in parse
    loader.exec_module(new_module)
  File "<frozen importlib._bootstrap_external>", line 991, in exec_module
  File "<frozen importlib._bootstrap_external>", line 1129, in get_code
  File "<frozen importlib._bootstrap_external>", line 1059, in source_to_code
  File "<frozen importlib._bootstrap>", line 488, in _call_with_frames_removed
  File "/opt/airflow/dags/batch_generator.py", line 65
    if str(date.today()) == "2026-06-09"
                                        ^
SyntaxError: expected ':'
[2026-06-09T21:07:27.194+0000] {processor.py:927} WARNING - No viable dags retrieved from /opt/airflow/dags/batch_generator.py
[2026-06-09T21:07:27.223+0000] {processor.py:208} INFO - Processing /opt/airflow/dags/batch_generator.py took 0.093 seconds
[2026-06-09T21:07:57.647+0000] {processor.py:186} INFO - Started process (PID=614) to work on /opt/airflow/dags/batch_generator.py
[2026-06-09T21:07:57.649+0000] {processor.py:914} INFO - Processing file /opt/airflow/dags/batch_generator.py for tasks to queue
[2026-06-09T21:07:57.654+0000] {logging_mixin.py:190} INFO - [2026-06-09T21:07:57.654+0000] {dagbag.py:588} INFO - Filling up the DagBag from /opt/airflow/dags/batch_generator.py
[2026-06-09T21:07:57.703+0000] {logging_mixin.py:190} INFO - [2026-06-09T21:07:57.700+0000] {dagbag.py:387} ERROR - Failed to import: /opt/airflow/dags/batch_generator.py
Traceback (most recent call last):
  File "/home/airflow/.local/lib/python3.12/site-packages/airflow/models/dagbag.py", line 383, in parse
    loader.exec_module(new_module)
  File "<frozen importlib._bootstrap_external>", line 991, in exec_module
  File "<frozen importlib._bootstrap_external>", line 1129, in get_code
  File "<frozen importlib._bootstrap_external>", line 1059, in source_to_code
  File "<frozen importlib._bootstrap>", line 488, in _call_with_frames_removed
  File "/opt/airflow/dags/batch_generator.py", line 65
    if str(date.today()) == "2026-06-09"
                                        ^
SyntaxError: expected ':'
[2026-06-09T21:07:57.704+0000] {processor.py:927} WARNING - No viable dags retrieved from /opt/airflow/dags/batch_generator.py
[2026-06-09T21:07:57.731+0000] {processor.py:208} INFO - Processing /opt/airflow/dags/batch_generator.py took 0.094 seconds
[2026-06-09T21:08:28.153+0000] {processor.py:186} INFO - Started process (PID=621) to work on /opt/airflow/dags/batch_generator.py
[2026-06-09T21:08:28.156+0000] {processor.py:914} INFO - Processing file /opt/airflow/dags/batch_generator.py for tasks to queue
[2026-06-09T21:08:28.164+0000] {logging_mixin.py:190} INFO - [2026-06-09T21:08:28.163+0000] {dagbag.py:588} INFO - Filling up the DagBag from /opt/airflow/dags/batch_generator.py
[2026-06-09T21:08:28.230+0000] {logging_mixin.py:190} INFO - [2026-06-09T21:08:28.228+0000] {dagbag.py:387} ERROR - Failed to import: /opt/airflow/dags/batch_generator.py
Traceback (most recent call last):
  File "/home/airflow/.local/lib/python3.12/site-packages/airflow/models/dagbag.py", line 383, in parse
    loader.exec_module(new_module)
  File "<frozen importlib._bootstrap_external>", line 991, in exec_module
  File "<frozen importlib._bootstrap_external>", line 1129, in get_code
  File "<frozen importlib._bootstrap_external>", line 1059, in source_to_code
  File "<frozen importlib._bootstrap>", line 488, in _call_with_frames_removed
  File "/opt/airflow/dags/batch_generator.py", line 65
    if str(date.today()) == "2026-06-09"
                                        ^
SyntaxError: expected ':'
[2026-06-09T21:08:28.232+0000] {processor.py:927} WARNING - No viable dags retrieved from /opt/airflow/dags/batch_generator.py
[2026-06-09T21:08:28.273+0000] {processor.py:208} INFO - Processing /opt/airflow/dags/batch_generator.py took 0.137 seconds
[2026-06-09T21:08:58.617+0000] {processor.py:186} INFO - Started process (PID=628) to work on /opt/airflow/dags/batch_generator.py
[2026-06-09T21:08:58.619+0000] {processor.py:914} INFO - Processing file /opt/airflow/dags/batch_generator.py for tasks to queue
[2026-06-09T21:08:58.626+0000] {logging_mixin.py:190} INFO - [2026-06-09T21:08:58.625+0000] {dagbag.py:588} INFO - Filling up the DagBag from /opt/airflow/dags/batch_generator.py
[2026-06-09T21:08:58.709+0000] {logging_mixin.py:190} INFO - [2026-06-09T21:08:58.705+0000] {dagbag.py:387} ERROR - Failed to import: /opt/airflow/dags/batch_generator.py
Traceback (most recent call last):
  File "/home/airflow/.local/lib/python3.12/site-packages/airflow/models/dagbag.py", line 383, in parse
    loader.exec_module(new_module)
  File "<frozen importlib._bootstrap_external>", line 991, in exec_module
  File "<frozen importlib._bootstrap_external>", line 1129, in get_code
  File "<frozen importlib._bootstrap_external>", line 1059, in source_to_code
  File "<frozen importlib._bootstrap>", line 488, in _call_with_frames_removed
  File "/opt/airflow/dags/batch_generator.py", line 65
    if str(date.today()) == "2026-06-09"
                                        ^
SyntaxError: expected ':'
[2026-06-09T21:08:58.711+0000] {processor.py:927} WARNING - No viable dags retrieved from /opt/airflow/dags/batch_generator.py
[2026-06-09T21:08:58.757+0000] {processor.py:208} INFO - Processing /opt/airflow/dags/batch_generator.py took 0.156 seconds
[2026-06-09T21:09:29.150+0000] {processor.py:186} INFO - Started process (PID=635) to work on /opt/airflow/dags/batch_generator.py
[2026-06-09T21:09:29.152+0000] {processor.py:914} INFO - Processing file /opt/airflow/dags/batch_generator.py for tasks to queue
[2026-06-09T21:09:29.158+0000] {logging_mixin.py:190} INFO - [2026-06-09T21:09:29.157+0000] {dagbag.py:588} INFO - Filling up the DagBag from /opt/airflow/dags/batch_generator.py
[2026-06-09T21:09:29.221+0000] {logging_mixin.py:190} INFO - [2026-06-09T21:09:29.219+0000] {dagbag.py:387} ERROR - Failed to import: /opt/airflow/dags/batch_generator.py
Traceback (most recent call last):
  File "/home/airflow/.local/lib/python3.12/site-packages/airflow/models/dagbag.py", line 383, in parse
    loader.exec_module(new_module)
  File "<frozen importlib._bootstrap_external>", line 991, in exec_module
  File "<frozen importlib._bootstrap_external>", line 1129, in get_code
  File "<frozen importlib._bootstrap_external>", line 1059, in source_to_code
  File "<frozen importlib._bootstrap>", line 488, in _call_with_frames_removed
  File "/opt/airflow/dags/batch_generator.py", line 65
    if str(date.today()) == "2026-06-09"
                                        ^
SyntaxError: expected ':'
[2026-06-09T21:09:29.222+0000] {processor.py:927} WARNING - No viable dags retrieved from /opt/airflow/dags/batch_generator.py
[2026-06-09T21:09:29.258+0000] {processor.py:208} INFO - Processing /opt/airflow/dags/batch_generator.py took 0.116 seconds
[2026-06-09T21:09:59.518+0000] {processor.py:186} INFO - Started process (PID=642) to work on /opt/airflow/dags/batch_generator.py
[2026-06-09T21:09:59.520+0000] {processor.py:914} INFO - Processing file /opt/airflow/dags/batch_generator.py for tasks to queue
[2026-06-09T21:09:59.524+0000] {logging_mixin.py:190} INFO - [2026-06-09T21:09:59.523+0000] {dagbag.py:588} INFO - Filling up the DagBag from /opt/airflow/dags/batch_generator.py
[2026-06-09T21:09:59.568+0000] {logging_mixin.py:190} INFO - [2026-06-09T21:09:59.566+0000] {dagbag.py:387} ERROR - Failed to import: /opt/airflow/dags/batch_generator.py
Traceback (most recent call last):
  File "/home/airflow/.local/lib/python3.12/site-packages/airflow/models/dagbag.py", line 383, in parse
    loader.exec_module(new_module)
  File "<frozen importlib._bootstrap_external>", line 991, in exec_module
  File "<frozen importlib._bootstrap_external>", line 1129, in get_code
  File "<frozen importlib._bootstrap_external>", line 1059, in source_to_code
  File "<frozen importlib._bootstrap>", line 488, in _call_with_frames_removed
  File "/opt/airflow/dags/batch_generator.py", line 65
    if str(date.today()) == "2026-06-09"
                                        ^
SyntaxError: expected ':'
[2026-06-09T21:09:59.570+0000] {processor.py:927} WARNING - No viable dags retrieved from /opt/airflow/dags/batch_generator.py
[2026-06-09T21:09:59.606+0000] {processor.py:208} INFO - Processing /opt/airflow/dags/batch_generator.py took 0.098 seconds
[2026-06-09T21:10:29.947+0000] {processor.py:186} INFO - Started process (PID=649) to work on /opt/airflow/dags/batch_generator.py
[2026-06-09T21:10:29.949+0000] {processor.py:914} INFO - Processing file /opt/airflow/dags/batch_generator.py for tasks to queue
[2026-06-09T21:10:29.952+0000] {logging_mixin.py:190} INFO - [2026-06-09T21:10:29.951+0000] {dagbag.py:588} INFO - Filling up the DagBag from /opt/airflow/dags/batch_generator.py
[2026-06-09T21:10:30.002+0000] {logging_mixin.py:190} INFO - [2026-06-09T21:10:30.000+0000] {dagbag.py:387} ERROR - Failed to import: /opt/airflow/dags/batch_generator.py
Traceback (most recent call last):
  File "/home/airflow/.local/lib/python3.12/site-packages/airflow/models/dagbag.py", line 383, in parse
    loader.exec_module(new_module)
  File "<frozen importlib._bootstrap_external>", line 991, in exec_module
  File "<frozen importlib._bootstrap_external>", line 1129, in get_code
  File "<frozen importlib._bootstrap_external>", line 1059, in source_to_code
  File "<frozen importlib._bootstrap>", line 488, in _call_with_frames_removed
  File "/opt/airflow/dags/batch_generator.py", line 65
    if str(date.today()) == "2026-06-09"
                                        ^
SyntaxError: expected ':'
[2026-06-09T21:10:30.003+0000] {processor.py:927} WARNING - No viable dags retrieved from /opt/airflow/dags/batch_generator.py
[2026-06-09T21:10:30.028+0000] {processor.py:208} INFO - Processing /opt/airflow/dags/batch_generator.py took 0.088 seconds
[2026-06-09T21:11:00.425+0000] {processor.py:186} INFO - Started process (PID=657) to work on /opt/airflow/dags/batch_generator.py
[2026-06-09T21:11:00.427+0000] {processor.py:914} INFO - Processing file /opt/airflow/dags/batch_generator.py for tasks to queue
[2026-06-09T21:11:00.430+0000] {logging_mixin.py:190} INFO - [2026-06-09T21:11:00.430+0000] {dagbag.py:588} INFO - Filling up the DagBag from /opt/airflow/dags/batch_generator.py
[2026-06-09T21:11:00.488+0000] {logging_mixin.py:190} INFO - [2026-06-09T21:11:00.486+0000] {dagbag.py:387} ERROR - Failed to import: /opt/airflow/dags/batch_generator.py
Traceback (most recent call last):
  File "/home/airflow/.local/lib/python3.12/site-packages/airflow/models/dagbag.py", line 383, in parse
    loader.exec_module(new_module)
  File "<frozen importlib._bootstrap_external>", line 991, in exec_module
  File "<frozen importlib._bootstrap_external>", line 1129, in get_code
  File "<frozen importlib._bootstrap_external>", line 1059, in source_to_code
  File "<frozen importlib._bootstrap>", line 488, in _call_with_frames_removed
  File "/opt/airflow/dags/batch_generator.py", line 65
    if str(date.today()) == "2026-06-09"
                                        ^
SyntaxError: expected ':'
[2026-06-09T21:11:00.490+0000] {processor.py:927} WARNING - No viable dags retrieved from /opt/airflow/dags/batch_generator.py
[2026-06-09T21:11:00.526+0000] {processor.py:208} INFO - Processing /opt/airflow/dags/batch_generator.py took 0.109 seconds
[2026-06-09T21:11:30.948+0000] {processor.py:186} INFO - Started process (PID=664) to work on /opt/airflow/dags/batch_generator.py
[2026-06-09T21:11:30.951+0000] {processor.py:914} INFO - Processing file /opt/airflow/dags/batch_generator.py for tasks to queue
[2026-06-09T21:11:30.956+0000] {logging_mixin.py:190} INFO - [2026-06-09T21:11:30.955+0000] {dagbag.py:588} INFO - Filling up the DagBag from /opt/airflow/dags/batch_generator.py
[2026-06-09T21:11:31.027+0000] {logging_mixin.py:190} INFO - [2026-06-09T21:11:31.024+0000] {dagbag.py:387} ERROR - Failed to import: /opt/airflow/dags/batch_generator.py
Traceback (most recent call last):
  File "/home/airflow/.local/lib/python3.12/site-packages/airflow/models/dagbag.py", line 383, in parse
    loader.exec_module(new_module)
  File "<frozen importlib._bootstrap_external>", line 991, in exec_module
  File "<frozen importlib._bootstrap_external>", line 1129, in get_code
  File "<frozen importlib._bootstrap_external>", line 1059, in source_to_code
  File "<frozen importlib._bootstrap>", line 488, in _call_with_frames_removed
  File "/opt/airflow/dags/batch_generator.py", line 65
    if str(date.today()) == "2026-06-09"
                                        ^
SyntaxError: expected ':'
[2026-06-09T21:11:31.030+0000] {processor.py:927} WARNING - No viable dags retrieved from /opt/airflow/dags/batch_generator.py
[2026-06-09T21:11:31.070+0000] {processor.py:208} INFO - Processing /opt/airflow/dags/batch_generator.py took 0.134 seconds
[2026-06-09T21:12:01.491+0000] {processor.py:186} INFO - Started process (PID=671) to work on /opt/airflow/dags/batch_generator.py
[2026-06-09T21:12:01.492+0000] {processor.py:914} INFO - Processing file /opt/airflow/dags/batch_generator.py for tasks to queue
[2026-06-09T21:12:01.496+0000] {logging_mixin.py:190} INFO - [2026-06-09T21:12:01.496+0000] {dagbag.py:588} INFO - Filling up the DagBag from /opt/airflow/dags/batch_generator.py
[2026-06-09T21:12:01.539+0000] {logging_mixin.py:190} INFO - [2026-06-09T21:12:01.536+0000] {dagbag.py:387} ERROR - Failed to import: /opt/airflow/dags/batch_generator.py
Traceback (most recent call last):
  File "/home/airflow/.local/lib/python3.12/site-packages/airflow/models/dagbag.py", line 383, in parse
    loader.exec_module(new_module)
  File "<frozen importlib._bootstrap_external>", line 991, in exec_module
  File "<frozen importlib._bootstrap_external>", line 1129, in get_code
  File "<frozen importlib._bootstrap_external>", line 1059, in source_to_code
  File "<frozen importlib._bootstrap>", line 488, in _call_with_frames_removed
  File "/opt/airflow/dags/batch_generator.py", line 65
    if str(date.today()) == "2026-06-09"
                                        ^
SyntaxError: expected ':'
[2026-06-09T21:12:01.542+0000] {processor.py:927} WARNING - No viable dags retrieved from /opt/airflow/dags/batch_generator.py
[2026-06-09T21:12:01.609+0000] {processor.py:208} INFO - Processing /opt/airflow/dags/batch_generator.py took 0.128 seconds
[2026-06-09T21:12:31.995+0000] {processor.py:186} INFO - Started process (PID=678) to work on /opt/airflow/dags/batch_generator.py
[2026-06-09T21:12:31.998+0000] {processor.py:914} INFO - Processing file /opt/airflow/dags/batch_generator.py for tasks to queue
[2026-06-09T21:12:32.003+0000] {logging_mixin.py:190} INFO - [2026-06-09T21:12:32.002+0000] {dagbag.py:588} INFO - Filling up the DagBag from /opt/airflow/dags/batch_generator.py
[2026-06-09T21:12:32.057+0000] {logging_mixin.py:190} INFO - [2026-06-09T21:12:32.054+0000] {dagbag.py:387} ERROR - Failed to import: /opt/airflow/dags/batch_generator.py
Traceback (most recent call last):
  File "/home/airflow/.local/lib/python3.12/site-packages/airflow/models/dagbag.py", line 383, in parse
    loader.exec_module(new_module)
  File "<frozen importlib._bootstrap_external>", line 991, in exec_module
  File "<frozen importlib._bootstrap_external>", line 1129, in get_code
  File "<frozen importlib._bootstrap_external>", line 1059, in source_to_code
  File "<frozen importlib._bootstrap>", line 488, in _call_with_frames_removed
  File "/opt/airflow/dags/batch_generator.py", line 65
    if str(date.today()) == "2026-06-09"
                                        ^
SyntaxError: expected ':'
[2026-06-09T21:12:32.058+0000] {processor.py:927} WARNING - No viable dags retrieved from /opt/airflow/dags/batch_generator.py
[2026-06-09T21:12:32.094+0000] {processor.py:208} INFO - Processing /opt/airflow/dags/batch_generator.py took 0.107 seconds
[2026-06-09T21:13:02.586+0000] {processor.py:186} INFO - Started process (PID=685) to work on /opt/airflow/dags/batch_generator.py
[2026-06-09T21:13:02.588+0000] {processor.py:914} INFO - Processing file /opt/airflow/dags/batch_generator.py for tasks to queue
[2026-06-09T21:13:02.592+0000] {logging_mixin.py:190} INFO - [2026-06-09T21:13:02.591+0000] {dagbag.py:588} INFO - Filling up the DagBag from /opt/airflow/dags/batch_generator.py
[2026-06-09T21:13:02.652+0000] {logging_mixin.py:190} INFO - [2026-06-09T21:13:02.650+0000] {dagbag.py:387} ERROR - Failed to import: /opt/airflow/dags/batch_generator.py
Traceback (most recent call last):
  File "/home/airflow/.local/lib/python3.12/site-packages/airflow/models/dagbag.py", line 383, in parse
    loader.exec_module(new_module)
  File "<frozen importlib._bootstrap_external>", line 991, in exec_module
  File "<frozen importlib._bootstrap_external>", line 1129, in get_code
  File "<frozen importlib._bootstrap_external>", line 1059, in source_to_code
  File "<frozen importlib._bootstrap>", line 488, in _call_with_frames_removed
  File "/opt/airflow/dags/batch_generator.py", line 65
    if str(date.today()) == "2026-06-09"
                                        ^
SyntaxError: expected ':'
[2026-06-09T21:13:02.655+0000] {processor.py:927} WARNING - No viable dags retrieved from /opt/airflow/dags/batch_generator.py
[2026-06-09T21:13:02.694+0000] {processor.py:208} INFO - Processing /opt/airflow/dags/batch_generator.py took 0.120 seconds
[2026-06-09T21:13:32.995+0000] {processor.py:186} INFO - Started process (PID=692) to work on /opt/airflow/dags/batch_generator.py
[2026-06-09T21:13:32.997+0000] {processor.py:914} INFO - Processing file /opt/airflow/dags/batch_generator.py for tasks to queue
[2026-06-09T21:13:33.001+0000] {logging_mixin.py:190} INFO - [2026-06-09T21:13:33.000+0000] {dagbag.py:588} INFO - Filling up the DagBag from /opt/airflow/dags/batch_generator.py
[2026-06-09T21:13:33.027+0000] {logging_mixin.py:190} INFO - [2026-06-09T21:13:33.026+0000] {dagbag.py:387} ERROR - Failed to import: /opt/airflow/dags/batch_generator.py
Traceback (most recent call last):
  File "/home/airflow/.local/lib/python3.12/site-packages/airflow/models/dagbag.py", line 383, in parse
    loader.exec_module(new_module)
  File "<frozen importlib._bootstrap_external>", line 991, in exec_module
  File "<frozen importlib._bootstrap_external>", line 1129, in get_code
  File "<frozen importlib._bootstrap_external>", line 1059, in source_to_code
  File "<frozen importlib._bootstrap>", line 488, in _call_with_frames_removed
  File "/opt/airflow/dags/batch_generator.py", line 65
    if str(date.today()) == "2026-06-09"
                                        ^
SyntaxError: expected ':'
[2026-06-09T21:13:33.028+0000] {processor.py:927} WARNING - No viable dags retrieved from /opt/airflow/dags/batch_generator.py
[2026-06-09T21:13:33.055+0000] {processor.py:208} INFO - Processing /opt/airflow/dags/batch_generator.py took 0.066 seconds
[2026-06-09T21:14:03.420+0000] {processor.py:186} INFO - Started process (PID=699) to work on /opt/airflow/dags/batch_generator.py
[2026-06-09T21:14:03.422+0000] {processor.py:914} INFO - Processing file /opt/airflow/dags/batch_generator.py for tasks to queue
[2026-06-09T21:14:03.426+0000] {logging_mixin.py:190} INFO - [2026-06-09T21:14:03.425+0000] {dagbag.py:588} INFO - Filling up the DagBag from /opt/airflow/dags/batch_generator.py
[2026-06-09T21:14:03.484+0000] {logging_mixin.py:190} INFO - [2026-06-09T21:14:03.481+0000] {dagbag.py:387} ERROR - Failed to import: /opt/airflow/dags/batch_generator.py
Traceback (most recent call last):
  File "/home/airflow/.local/lib/python3.12/site-packages/airflow/models/dagbag.py", line 383, in parse
    loader.exec_module(new_module)
  File "<frozen importlib._bootstrap_external>", line 991, in exec_module
  File "<frozen importlib._bootstrap_external>", line 1129, in get_code
  File "<frozen importlib._bootstrap_external>", line 1059, in source_to_code
  File "<frozen importlib._bootstrap>", line 488, in _call_with_frames_removed
  File "/opt/airflow/dags/batch_generator.py", line 65
    if str(date.today()) == "2026-06-09"
                                        ^
SyntaxError: expected ':'
[2026-06-09T21:14:03.486+0000] {processor.py:927} WARNING - No viable dags retrieved from /opt/airflow/dags/batch_generator.py
[2026-06-09T21:14:03.524+0000] {processor.py:208} INFO - Processing /opt/airflow/dags/batch_generator.py took 0.117 seconds
[2026-06-09T21:14:33.972+0000] {processor.py:186} INFO - Started process (PID=706) to work on /opt/airflow/dags/batch_generator.py
[2026-06-09T21:14:33.973+0000] {processor.py:914} INFO - Processing file /opt/airflow/dags/batch_generator.py for tasks to queue
[2026-06-09T21:14:33.976+0000] {logging_mixin.py:190} INFO - [2026-06-09T21:14:33.976+0000] {dagbag.py:588} INFO - Filling up the DagBag from /opt/airflow/dags/batch_generator.py
[2026-06-09T21:14:34.027+0000] {logging_mixin.py:190} INFO - [2026-06-09T21:14:34.024+0000] {dagbag.py:387} ERROR - Failed to import: /opt/airflow/dags/batch_generator.py
Traceback (most recent call last):
  File "/home/airflow/.local/lib/python3.12/site-packages/airflow/models/dagbag.py", line 383, in parse
    loader.exec_module(new_module)
  File "<frozen importlib._bootstrap_external>", line 991, in exec_module
  File "<frozen importlib._bootstrap_external>", line 1129, in get_code
  File "<frozen importlib._bootstrap_external>", line 1059, in source_to_code
  File "<frozen importlib._bootstrap>", line 488, in _call_with_frames_removed
  File "/opt/airflow/dags/batch_generator.py", line 65
    if str(date.today()) == "2026-06-09"
                                        ^
SyntaxError: expected ':'
[2026-06-09T21:14:34.029+0000] {processor.py:927} WARNING - No viable dags retrieved from /opt/airflow/dags/batch_generator.py
[2026-06-09T21:14:34.068+0000] {processor.py:208} INFO - Processing /opt/airflow/dags/batch_generator.py took 0.105 seconds
