[2026-06-15T19:37:28.582+0000] {local_task_job_runner.py:123} INFO - ::group::Pre task execution logs
[2026-06-15T19:37:28.602+0000] {taskinstance.py:2612} INFO - Dependencies all met for dep_context=non-requeueable deps ti=<TaskInstance: extract_raw_data_pipeline.create_raw_schema manual__2026-06-15T19:37:26.955506+00:00 [queued]>
[2026-06-15T19:37:28.610+0000] {taskinstance.py:2612} INFO - Dependencies all met for dep_context=requeueable deps ti=<TaskInstance: extract_raw_data_pipeline.create_raw_schema manual__2026-06-15T19:37:26.955506+00:00 [queued]>
[2026-06-15T19:37:28.611+0000] {taskinstance.py:2865} INFO - Starting attempt 1 of 1
[2026-06-15T19:37:28.626+0000] {taskinstance.py:2888} INFO - Executing <Task(SQLExecuteQueryOperator): create_raw_schema> on 2026-06-15 19:37:26.955506+00:00
[2026-06-15T19:37:28.634+0000] {warnings.py:112} WARNING - /home/***/.local/lib/python3.12/site-packages/***/task/task_runner/standard_task_runner.py:70: DeprecationWarning: This process (pid=1210) is multi-threaded, use of fork() may lead to deadlocks in the child.
  pid = os.fork()

[2026-06-15T19:37:28.638+0000] {standard_task_runner.py:104} INFO - Running: ['***', 'tasks', 'run', 'extract_raw_data_pipeline', 'create_raw_schema', 'manual__2026-06-15T19:37:26.955506+00:00', '--job-id', '27', '--raw', '--subdir', 'DAGS_FOLDER/driven_data_pipeline.py', '--cfg-path', '/tmp/tmpl3er_6f8']
[2026-06-15T19:37:28.638+0000] {standard_task_runner.py:72} INFO - Started process 1214 to run task
[2026-06-15T19:37:28.639+0000] {standard_task_runner.py:105} INFO - Job 27: Subtask create_raw_schema
[2026-06-15T19:37:28.702+0000] {task_command.py:467} INFO - Running <TaskInstance: extract_raw_data_pipeline.create_raw_schema manual__2026-06-15T19:37:26.955506+00:00 [running]> on host 56fd351e601a
[2026-06-15T19:37:28.795+0000] {taskinstance.py:3131} INFO - Exporting env vars: AIRFLOW_CTX_DAG_OWNER='***' AIRFLOW_CTX_DAG_ID='extract_raw_data_pipeline' AIRFLOW_CTX_TASK_ID='create_raw_schema' AIRFLOW_CTX_EXECUTION_DATE='2026-06-15T19:37:26.955506+00:00' AIRFLOW_CTX_TRY_NUMBER='1' AIRFLOW_CTX_DAG_RUN_ID='manual__2026-06-15T19:37:26.955506+00:00'
[2026-06-15T19:37:28.798+0000] {taskinstance.py:731} INFO - ::endgroup::
[2026-06-15T19:37:28.814+0000] {sql.py:266} INFO - Executing: 
        CREATE SCHEMA IF NOT EXISTS driven_raw;
    
[2026-06-15T19:37:28.825+0000] {base.py:84} INFO - Retrieving connection 'postgres_conn'
[2026-06-15T19:37:28.837+0000] {base.py:84} INFO - Retrieving connection 'postgres_conn'
[2026-06-15T19:37:28.843+0000] {sql.py:509} INFO - Running statement: 
        CREATE SCHEMA IF NOT EXISTS driven_raw;
    , parameters: None
[2026-06-15T19:37:28.857+0000] {taskinstance.py:340} INFO - ::group::Post task execution logs
[2026-06-15T19:37:28.858+0000] {taskinstance.py:352} INFO - Marking task as SUCCESS. dag_id=extract_raw_data_pipeline, task_id=create_raw_schema, run_id=manual__2026-06-15T19:37:26.955506+00:00, execution_date=20260615T193726, start_date=20260615T193728, end_date=20260615T193728
[2026-06-15T19:37:28.899+0000] {local_task_job_runner.py:266} INFO - Task exited with return code 0
[2026-06-15T19:37:28.924+0000] {taskinstance.py:3900} INFO - 0 downstream tasks scheduled from follow-on schedule check
[2026-06-15T19:37:28.928+0000] {local_task_job_runner.py:245} INFO - ::endgroup::
