[2026-06-15T19:37:31.293+0000] {local_task_job_runner.py:123} INFO - ::group::Pre task execution logs
[2026-06-15T19:37:31.320+0000] {taskinstance.py:2612} INFO - Dependencies all met for dep_context=non-requeueable deps ti=<TaskInstance: extract_raw_data_pipeline.create_raw_table manual__2026-06-15T19:37:26.955506+00:00 [queued]>
[2026-06-15T19:37:31.340+0000] {taskinstance.py:2612} INFO - Dependencies all met for dep_context=requeueable deps ti=<TaskInstance: extract_raw_data_pipeline.create_raw_table manual__2026-06-15T19:37:26.955506+00:00 [queued]>
[2026-06-15T19:37:31.343+0000] {taskinstance.py:2865} INFO - Starting attempt 1 of 1
[2026-06-15T19:37:31.379+0000] {taskinstance.py:2888} INFO - Executing <Task(SQLExecuteQueryOperator): create_raw_table> on 2026-06-15 19:37:26.955506+00:00
[2026-06-15T19:37:31.393+0000] {warnings.py:112} WARNING - /home/***/.local/lib/python3.12/site-packages/***/task/task_runner/standard_task_runner.py:70: DeprecationWarning: This process (pid=1230) is multi-threaded, use of fork() may lead to deadlocks in the child.
  pid = os.fork()

[2026-06-15T19:37:31.398+0000] {standard_task_runner.py:72} INFO - Started process 1232 to run task
[2026-06-15T19:37:31.398+0000] {standard_task_runner.py:104} INFO - Running: ['***', 'tasks', 'run', 'extract_raw_data_pipeline', 'create_raw_table', 'manual__2026-06-15T19:37:26.955506+00:00', '--job-id', '28', '--raw', '--subdir', 'DAGS_FOLDER/driven_data_pipeline.py', '--cfg-path', '/tmp/tmpx99gveyl']
[2026-06-15T19:37:31.401+0000] {standard_task_runner.py:105} INFO - Job 28: Subtask create_raw_table
[2026-06-15T19:37:31.479+0000] {task_command.py:467} INFO - Running <TaskInstance: extract_raw_data_pipeline.create_raw_table manual__2026-06-15T19:37:26.955506+00:00 [running]> on host 56fd351e601a
[2026-06-15T19:37:31.619+0000] {taskinstance.py:3131} INFO - Exporting env vars: AIRFLOW_CTX_DAG_OWNER='***' AIRFLOW_CTX_DAG_ID='extract_raw_data_pipeline' AIRFLOW_CTX_TASK_ID='create_raw_table' AIRFLOW_CTX_EXECUTION_DATE='2026-06-15T19:37:26.955506+00:00' AIRFLOW_CTX_TRY_NUMBER='1' AIRFLOW_CTX_DAG_RUN_ID='manual__2026-06-15T19:37:26.955506+00:00'
[2026-06-15T19:37:31.623+0000] {taskinstance.py:731} INFO - ::endgroup::
[2026-06-15T19:37:31.645+0000] {sql.py:266} INFO - Executing: 
        CREATE TABLE IF NOT EXISTS driven_raw.raw_batch_data (
            person_name VARCHAR(100),
            user_name VARCHAR(100),
            email VARCHAR(100),
            personal_number VARCHAR(100),
            birth_date VARCHAR(100),
            address VARCHAR(255),
            phone VARCHAR(100),
            mac_address VARCHAR(100),
            ip_address VARCHAR(100),
            iban VARCHAR(100),
            accessed_at TIMESTAMP,
            session_duration INT,
            download_speed INT,
            upload_speed INT,
            consumed_traffic INT,
            unique_id VARCHAR(100)
        );
    
[2026-06-15T19:37:31.663+0000] {base.py:84} INFO - Retrieving connection 'postgres_conn'
[2026-06-15T19:37:31.684+0000] {base.py:84} INFO - Retrieving connection 'postgres_conn'
[2026-06-15T19:37:31.689+0000] {sql.py:509} INFO - Running statement: 
        CREATE TABLE IF NOT EXISTS driven_raw.raw_batch_data (
            person_name VARCHAR(100),
            user_name VARCHAR(100),
            email VARCHAR(100),
            personal_number VARCHAR(100),
            birth_date VARCHAR(100),
            address VARCHAR(255),
            phone VARCHAR(100),
            mac_address VARCHAR(100),
            ip_address VARCHAR(100),
            iban VARCHAR(100),
            accessed_at TIMESTAMP,
            session_duration INT,
            download_speed INT,
            upload_speed INT,
            consumed_traffic INT,
            unique_id VARCHAR(100)
        );
    , parameters: None
[2026-06-15T19:37:31.704+0000] {taskinstance.py:340} INFO - ::group::Post task execution logs
[2026-06-15T19:37:31.705+0000] {taskinstance.py:352} INFO - Marking task as SUCCESS. dag_id=extract_raw_data_pipeline, task_id=create_raw_table, run_id=manual__2026-06-15T19:37:26.955506+00:00, execution_date=20260615T193726, start_date=20260615T193731, end_date=20260615T193731
[2026-06-15T19:37:31.740+0000] {local_task_job_runner.py:266} INFO - Task exited with return code 0
[2026-06-15T19:37:31.762+0000] {taskinstance.py:3900} INFO - 1 downstream tasks scheduled from follow-on schedule check
[2026-06-15T19:37:31.766+0000] {local_task_job_runner.py:245} INFO - ::endgroup::
