[2026-06-15T18:46:04.813+0000] {local_task_job_runner.py:123} INFO - ::group::Pre task execution logs
[2026-06-15T18:46:04.840+0000] {taskinstance.py:2612} INFO - Dependencies all met for dep_context=non-requeueable deps ti=<TaskInstance: extract_raw_data_pipeline.create_raw_schema scheduled__2026-06-14T07:00:00+00:00 [queued]>
[2026-06-15T18:46:04.856+0000] {taskinstance.py:2612} INFO - Dependencies all met for dep_context=requeueable deps ti=<TaskInstance: extract_raw_data_pipeline.create_raw_schema scheduled__2026-06-14T07:00:00+00:00 [queued]>
[2026-06-15T18:46:04.859+0000] {taskinstance.py:2865} INFO - Starting attempt 1 of 1
[2026-06-15T18:46:04.880+0000] {taskinstance.py:2888} INFO - Executing <Task(SQLExecuteQueryOperator): create_raw_schema> on 2026-06-14 07:00:00+00:00
[2026-06-15T18:46:04.890+0000] {warnings.py:112} WARNING - /home/***/.local/lib/python3.12/site-packages/***/task/task_runner/standard_task_runner.py:70: DeprecationWarning: This process (pid=330) is multi-threaded, use of fork() may lead to deadlocks in the child.
  pid = os.fork()

[2026-06-15T18:46:04.895+0000] {standard_task_runner.py:72} INFO - Started process 339 to run task
[2026-06-15T18:46:04.895+0000] {standard_task_runner.py:104} INFO - Running: ['***', 'tasks', 'run', 'extract_raw_data_pipeline', 'create_raw_schema', 'scheduled__2026-06-14T07:00:00+00:00', '--job-id', '6', '--raw', '--subdir', 'DAGS_FOLDER/driven_data_pipeline.py', '--cfg-path', '/tmp/tmpcwxd3dex']
[2026-06-15T18:46:04.898+0000] {standard_task_runner.py:105} INFO - Job 6: Subtask create_raw_schema
[2026-06-15T18:46:04.984+0000] {task_command.py:467} INFO - Running <TaskInstance: extract_raw_data_pipeline.create_raw_schema scheduled__2026-06-14T07:00:00+00:00 [running]> on host 56fd351e601a
[2026-06-15T18:46:05.113+0000] {taskinstance.py:3131} INFO - Exporting env vars: AIRFLOW_CTX_DAG_OWNER='***' AIRFLOW_CTX_DAG_ID='extract_raw_data_pipeline' AIRFLOW_CTX_TASK_ID='create_raw_schema' AIRFLOW_CTX_EXECUTION_DATE='2026-06-14T07:00:00+00:00' AIRFLOW_CTX_TRY_NUMBER='1' AIRFLOW_CTX_DAG_RUN_ID='scheduled__2026-06-14T07:00:00+00:00'
[2026-06-15T18:46:05.115+0000] {taskinstance.py:731} INFO - ::endgroup::
[2026-06-15T18:46:05.163+0000] {sql.py:266} INFO - Executing: 
        CREATE SCHEMA IF NOT EXISTS driven_raw;
    
[2026-06-15T18:46:05.177+0000] {base.py:84} INFO - Retrieving connection 'postgres_conn'
[2026-06-15T18:46:05.203+0000] {base.py:84} INFO - Retrieving connection 'postgres_conn'
[2026-06-15T18:46:05.211+0000] {sql.py:509} INFO - Running statement: 
        CREATE SCHEMA IF NOT EXISTS driven_raw;
    , parameters: None
[2026-06-15T18:46:05.232+0000] {taskinstance.py:340} INFO - ::group::Post task execution logs
[2026-06-15T18:46:05.233+0000] {taskinstance.py:352} INFO - Marking task as SUCCESS. dag_id=extract_raw_data_pipeline, task_id=create_raw_schema, run_id=scheduled__2026-06-14T07:00:00+00:00, execution_date=20260614T070000, start_date=20260615T184604, end_date=20260615T184605
[2026-06-15T18:46:05.281+0000] {local_task_job_runner.py:266} INFO - Task exited with return code 0
[2026-06-15T18:46:05.310+0000] {taskinstance.py:3900} INFO - 0 downstream tasks scheduled from follow-on schedule check
[2026-06-15T18:46:05.314+0000] {local_task_job_runner.py:245} INFO - ::endgroup::
