[2026-06-15T19:23:15.737+0000] {local_task_job_runner.py:123} INFO - ::group::Pre task execution logs
[2026-06-15T19:23:15.770+0000] {taskinstance.py:2612} INFO - Dependencies all met for dep_context=non-requeueable deps ti=<TaskInstance: extract_raw_data_pipeline.run_dbt_trusted manual__2026-06-15T19:22:54.042136+00:00 [queued]>
[2026-06-15T19:23:15.789+0000] {taskinstance.py:2612} INFO - Dependencies all met for dep_context=requeueable deps ti=<TaskInstance: extract_raw_data_pipeline.run_dbt_trusted manual__2026-06-15T19:22:54.042136+00:00 [queued]>
[2026-06-15T19:23:15.792+0000] {taskinstance.py:2865} INFO - Starting attempt 1 of 1
[2026-06-15T19:23:15.819+0000] {taskinstance.py:2888} INFO - Executing <Task(BashOperator): run_dbt_trusted> on 2026-06-15 19:22:54.042136+00:00
[2026-06-15T19:23:15.828+0000] {warnings.py:112} WARNING - /home/***/.local/lib/python3.12/site-packages/***/task/task_runner/standard_task_runner.py:70: DeprecationWarning: This process (pid=953) is multi-threaded, use of fork() may lead to deadlocks in the child.
  pid = os.fork()

[2026-06-15T19:23:15.830+0000] {standard_task_runner.py:72} INFO - Started process 955 to run task
[2026-06-15T19:23:15.831+0000] {standard_task_runner.py:104} INFO - Running: ['***', 'tasks', 'run', 'extract_raw_data_pipeline', 'run_dbt_trusted', 'manual__2026-06-15T19:22:54.042136+00:00', '--job-id', '19', '--raw', '--subdir', 'DAGS_FOLDER/driven_data_pipeline.py', '--cfg-path', '/tmp/tmpyrskka5d']
[2026-06-15T19:23:15.833+0000] {standard_task_runner.py:105} INFO - Job 19: Subtask run_dbt_trusted
[2026-06-15T19:23:15.921+0000] {task_command.py:467} INFO - Running <TaskInstance: extract_raw_data_pipeline.run_dbt_trusted manual__2026-06-15T19:22:54.042136+00:00 [running]> on host 56fd351e601a
[2026-06-15T19:23:16.049+0000] {taskinstance.py:3131} INFO - Exporting env vars: AIRFLOW_CTX_DAG_OWNER='***' AIRFLOW_CTX_DAG_ID='extract_raw_data_pipeline' AIRFLOW_CTX_TASK_ID='run_dbt_trusted' AIRFLOW_CTX_EXECUTION_DATE='2026-06-15T19:22:54.042136+00:00' AIRFLOW_CTX_TRY_NUMBER='1' AIRFLOW_CTX_DAG_RUN_ID='manual__2026-06-15T19:22:54.042136+00:00'
[2026-06-15T19:23:16.054+0000] {taskinstance.py:731} INFO - ::endgroup::
[2026-06-15T19:23:16.080+0000] {subprocess.py:63} INFO - Tmp dir root location: /tmp
[2026-06-15T19:23:16.082+0000] {subprocess.py:75} INFO - Running command: ['/usr/bin/bash', '-c', '\n        set -x\n        cd /opt/***/dbt\n        dbt run --select tag:trusted\n    ']
[2026-06-15T19:23:16.101+0000] {subprocess.py:86} INFO - Output:
[2026-06-15T19:23:16.105+0000] {subprocess.py:93} INFO - + cd /opt/***/dbt
[2026-06-15T19:23:16.108+0000] {subprocess.py:93} INFO - + dbt run --select tag:trusted
[2026-06-15T19:23:19.402+0000] {subprocess.py:93} INFO - [0m19:23:19  Running with dbt=1.8.0
[2026-06-15T19:23:19.973+0000] {subprocess.py:93} INFO - [0m19:23:19  Registered adapter: postgres=1.8.2
[2026-06-15T19:23:21.115+0000] {subprocess.py:93} INFO - [0m19:23:21  Found 9 models, 10 sources, 428 macros
[2026-06-15T19:23:21.125+0000] {subprocess.py:93} INFO - [0m19:23:21
[2026-06-15T19:23:21.397+0000] {subprocess.py:93} INFO - [0m19:23:21  Concurrency: 1 threads (target='dev')
[2026-06-15T19:23:21.400+0000] {subprocess.py:93} INFO - [0m19:23:21
[2026-06-15T19:23:21.417+0000] {subprocess.py:93} INFO - [0m19:23:21  1 of 4 START sql table model driven_trusted.non_pii_data ....................... [RUN]
[2026-06-15T19:23:21.576+0000] {subprocess.py:93} INFO - [0m19:23:21  1 of 4 ERROR creating sql table model driven_trusted.non_pii_data .............. [[31mERROR[0m in 0.15s]
[2026-06-15T19:23:21.580+0000] {subprocess.py:93} INFO - [0m19:23:21  2 of 4 START sql table model driven_trusted.payment_data ....................... [RUN]
[2026-06-15T19:23:21.731+0000] {subprocess.py:93} INFO - [0m19:23:21  2 of 4 ERROR creating sql table model driven_trusted.payment_data .............. [[31mERROR[0m in 0.14s]
[2026-06-15T19:23:21.741+0000] {subprocess.py:93} INFO - [0m19:23:21  3 of 4 START sql table model driven_trusted.pii_data ........................... [RUN]
[2026-06-15T19:23:21.894+0000] {subprocess.py:93} INFO - [0m19:23:21  3 of 4 ERROR creating sql table model driven_trusted.pii_data .................. [[31mERROR[0m in 0.15s]
[2026-06-15T19:23:21.903+0000] {subprocess.py:93} INFO - [0m19:23:21  4 of 4 START sql table model driven_trusted.technical_data ..................... [RUN]
[2026-06-15T19:23:22.242+0000] {subprocess.py:93} INFO - [0m19:23:22  4 of 4 OK created sql table model driven_trusted.technical_data ................ [[32mSELECT 14590[0m in 0.33s]
[2026-06-15T19:23:22.308+0000] {subprocess.py:93} INFO - [0m19:23:22
[2026-06-15T19:23:22.310+0000] {subprocess.py:93} INFO - [0m19:23:22  Finished running 4 table models in 0 hours 0 minutes and 1.18 seconds (1.18s).
[2026-06-15T19:23:22.403+0000] {subprocess.py:93} INFO - [0m19:23:22
[2026-06-15T19:23:22.404+0000] {subprocess.py:93} INFO - [0m19:23:22  [31mCompleted with 3 errors and 0 warnings:[0m
[2026-06-15T19:23:22.405+0000] {subprocess.py:93} INFO - [0m19:23:22
[2026-06-15T19:23:22.407+0000] {subprocess.py:93} INFO - [0m19:23:22    Database Error in model trusted_non_pii_data (models/trusted_non_pii_data.sql)
[2026-06-15T19:23:22.409+0000] {subprocess.py:93} INFO -   syntax error at or near "FROM"
[2026-06-15T19:23:22.409+0000] {subprocess.py:93} INFO -   LINE 32:     FROM "***"."driven_staging"."fact_network_usage" fnu
[2026-06-15T19:23:22.410+0000] {subprocess.py:93} INFO -                ^
[2026-06-15T19:23:22.411+0000] {subprocess.py:93} INFO -   compiled code at target/run/dbt_driven_data/models/trusted_non_pii_data.sql
[2026-06-15T19:23:22.411+0000] {subprocess.py:93} INFO - [0m19:23:22
[2026-06-15T19:23:22.412+0000] {subprocess.py:93} INFO - [0m19:23:22    Database Error in model trusted_payment_data (models/trusted_payment_data.sql)
[2026-06-15T19:23:22.412+0000] {subprocess.py:93} INFO -   column df.clabe does not exist
[2026-06-15T19:23:22.413+0000] {subprocess.py:93} INFO -   LINE 17:         df.clabe,
[2026-06-15T19:23:22.414+0000] {subprocess.py:93} INFO -                    ^
[2026-06-15T19:23:22.414+0000] {subprocess.py:93} INFO -   compiled code at target/run/dbt_driven_data/models/trusted_payment_data.sql
[2026-06-15T19:23:22.415+0000] {subprocess.py:93} INFO - [0m19:23:22
[2026-06-15T19:23:22.416+0000] {subprocess.py:93} INFO - [0m19:23:22    Database Error in model trusted_pii_data (models/trusted_pii_data.sql)
[2026-06-15T19:23:22.417+0000] {subprocess.py:93} INFO -   syntax error at or near "."
[2026-06-15T19:23:22.417+0000] {subprocess.py:93} INFO -   LINE 17:         dp.person_name,
[2026-06-15T19:23:22.418+0000] {subprocess.py:93} INFO -                      ^
[2026-06-15T19:23:22.419+0000] {subprocess.py:93} INFO -   compiled code at target/run/dbt_driven_data/models/trusted_pii_data.sql
[2026-06-15T19:23:22.420+0000] {subprocess.py:93} INFO - [0m19:23:22
[2026-06-15T19:23:22.421+0000] {subprocess.py:93} INFO - [0m19:23:22  Done. PASS=1 WARN=0 ERROR=3 SKIP=0 TOTAL=4
[2026-06-15T19:23:23.147+0000] {subprocess.py:97} INFO - Command exited with return code 1
[2026-06-15T19:23:23.159+0000] {taskinstance.py:3310} ERROR - Task failed with exception
Traceback (most recent call last):
  File "/home/airflow/.local/lib/python3.12/site-packages/airflow/models/taskinstance.py", line 767, in _execute_task
    result = _execute_callable(context=context, **execute_callable_kwargs)
             ^^^^^^^^^^^^^^^^^^^^^^^^^^^^^^^^^^^^^^^^^^^^^^^^^^^^^^^^^^^^^
  File "/home/airflow/.local/lib/python3.12/site-packages/airflow/models/taskinstance.py", line 733, in _execute_callable
    return ExecutionCallableRunner(
           ^^^^^^^^^^^^^^^^^^^^^^^^
  File "/home/airflow/.local/lib/python3.12/site-packages/airflow/utils/operator_helpers.py", line 252, in run
    return self.func(*args, **kwargs)
           ^^^^^^^^^^^^^^^^^^^^^^^^^^
  File "/home/airflow/.local/lib/python3.12/site-packages/airflow/models/baseoperator.py", line 406, in wrapper
    return func(self, *args, **kwargs)
           ^^^^^^^^^^^^^^^^^^^^^^^^^^^
  File "/home/airflow/.local/lib/python3.12/site-packages/airflow/operators/bash.py", line 249, in execute
    raise AirflowException(
airflow.exceptions.AirflowException: Bash command failed. The command returned a non-zero exit code 1.
[2026-06-15T19:23:23.165+0000] {taskinstance.py:1225} INFO - Marking task as FAILED. dag_id=extract_raw_data_pipeline, task_id=run_dbt_trusted, run_id=manual__2026-06-15T19:22:54.042136+00:00, execution_date=20260615T192254, start_date=20260615T192315, end_date=20260615T192323
[2026-06-15T19:23:23.214+0000] {taskinstance.py:340} INFO - ::group::Post task execution logs
[2026-06-15T19:23:23.216+0000] {standard_task_runner.py:124} ERROR - Failed to execute job 19 for task run_dbt_trusted (Bash command failed. The command returned a non-zero exit code 1.; 955)
Traceback (most recent call last):
  File "/home/airflow/.local/lib/python3.12/site-packages/airflow/task/task_runner/standard_task_runner.py", line 117, in _start_by_fork
    ret = args.func(args, dag=self.dag)
          ^^^^^^^^^^^^^^^^^^^^^^^^^^^^^
  File "/home/airflow/.local/lib/python3.12/site-packages/airflow/cli/cli_config.py", line 49, in command
    return func(*args, **kwargs)
           ^^^^^^^^^^^^^^^^^^^^^
  File "/home/airflow/.local/lib/python3.12/site-packages/airflow/utils/cli.py", line 115, in wrapper
    return f(*args, **kwargs)
           ^^^^^^^^^^^^^^^^^^
  File "/home/airflow/.local/lib/python3.12/site-packages/airflow/cli/commands/task_command.py", line 483, in task_run
    task_return_code = _run_task_by_selected_method(args, _dag, ti)
                       ^^^^^^^^^^^^^^^^^^^^^^^^^^^^^^^^^^^^^^^^^^^^
  File "/home/airflow/.local/lib/python3.12/site-packages/airflow/cli/commands/task_command.py", line 256, in _run_task_by_selected_method
    return _run_raw_task(args, ti)
           ^^^^^^^^^^^^^^^^^^^^^^^
  File "/home/airflow/.local/lib/python3.12/site-packages/airflow/cli/commands/task_command.py", line 341, in _run_raw_task
    return ti._run_raw_task(
           ^^^^^^^^^^^^^^^^^
  File "/home/airflow/.local/lib/python3.12/site-packages/airflow/utils/session.py", line 97, in wrapper
    return func(*args, session=session, **kwargs)
           ^^^^^^^^^^^^^^^^^^^^^^^^^^^^^^^^^^^^^^
  File "/home/airflow/.local/lib/python3.12/site-packages/airflow/models/taskinstance.py", line 3004, in _run_raw_task
    return _run_raw_task(
           ^^^^^^^^^^^^^^
  File "/home/airflow/.local/lib/python3.12/site-packages/airflow/models/taskinstance.py", line 273, in _run_raw_task
    TaskInstance._execute_task_with_callbacks(
  File "/home/airflow/.local/lib/python3.12/site-packages/airflow/models/taskinstance.py", line 3158, in _execute_task_with_callbacks
    result = self._execute_task(context, task_orig)
             ^^^^^^^^^^^^^^^^^^^^^^^^^^^^^^^^^^^^^^
  File "/home/airflow/.local/lib/python3.12/site-packages/airflow/models/taskinstance.py", line 3182, in _execute_task
    return _execute_task(self, context, task_orig)
           ^^^^^^^^^^^^^^^^^^^^^^^^^^^^^^^^^^^^^^^
  File "/home/airflow/.local/lib/python3.12/site-packages/airflow/models/taskinstance.py", line 767, in _execute_task
    result = _execute_callable(context=context, **execute_callable_kwargs)
             ^^^^^^^^^^^^^^^^^^^^^^^^^^^^^^^^^^^^^^^^^^^^^^^^^^^^^^^^^^^^^
  File "/home/airflow/.local/lib/python3.12/site-packages/airflow/models/taskinstance.py", line 733, in _execute_callable
    return ExecutionCallableRunner(
           ^^^^^^^^^^^^^^^^^^^^^^^^
  File "/home/airflow/.local/lib/python3.12/site-packages/airflow/utils/operator_helpers.py", line 252, in run
    return self.func(*args, **kwargs)
           ^^^^^^^^^^^^^^^^^^^^^^^^^^
  File "/home/airflow/.local/lib/python3.12/site-packages/airflow/models/baseoperator.py", line 406, in wrapper
    return func(self, *args, **kwargs)
           ^^^^^^^^^^^^^^^^^^^^^^^^^^^
  File "/home/airflow/.local/lib/python3.12/site-packages/airflow/operators/bash.py", line 249, in execute
    raise AirflowException(
airflow.exceptions.AirflowException: Bash command failed. The command returned a non-zero exit code 1.
[2026-06-15T19:23:23.241+0000] {local_task_job_runner.py:266} INFO - Task exited with return code 1
[2026-06-15T19:23:23.282+0000] {taskinstance.py:3900} INFO - 0 downstream tasks scheduled from follow-on schedule check
[2026-06-15T19:23:23.289+0000] {local_task_job_runner.py:245} INFO - ::endgroup::
