[2026-06-15T19:22:55.266+0000] {local_task_job_runner.py:123} INFO - ::group::Pre task execution logs
[2026-06-15T19:22:55.286+0000] {taskinstance.py:2612} INFO - Dependencies all met for dep_context=non-requeueable deps ti=<TaskInstance: extract_raw_data_pipeline.create_raw_schema manual__2026-06-15T19:22:54.042136+00:00 [queued]>
[2026-06-15T19:22:55.296+0000] {taskinstance.py:2612} INFO - Dependencies all met for dep_context=requeueable deps ti=<TaskInstance: extract_raw_data_pipeline.create_raw_schema manual__2026-06-15T19:22:54.042136+00:00 [queued]>
[2026-06-15T19:22:55.299+0000] {taskinstance.py:2865} INFO - Starting attempt 1 of 1
[2026-06-15T19:22:55.317+0000] {taskinstance.py:2888} INFO - Executing <Task(SQLExecuteQueryOperator): create_raw_schema> on 2026-06-15 19:22:54.042136+00:00
[2026-06-15T19:22:55.326+0000] {warnings.py:112} WARNING - /home/***/.local/lib/python3.12/site-packages/***/task/task_runner/standard_task_runner.py:70: DeprecationWarning: This process (pid=892) is multi-threaded, use of fork() may lead to deadlocks in the child.
  pid = os.fork()

[2026-06-15T19:22:55.327+0000] {standard_task_runner.py:72} INFO - Started process 896 to run task
[2026-06-15T19:22:55.328+0000] {standard_task_runner.py:104} INFO - Running: ['***', 'tasks', 'run', 'extract_raw_data_pipeline', 'create_raw_schema', 'manual__2026-06-15T19:22:54.042136+00:00', '--job-id', '15', '--raw', '--subdir', 'DAGS_FOLDER/driven_data_pipeline.py', '--cfg-path', '/tmp/tmp8e1l1187']
[2026-06-15T19:22:55.329+0000] {standard_task_runner.py:105} INFO - Job 15: Subtask create_raw_schema
[2026-06-15T19:22:55.404+0000] {task_command.py:467} INFO - Running <TaskInstance: extract_raw_data_pipeline.create_raw_schema manual__2026-06-15T19:22:54.042136+00:00 [running]> on host 56fd351e601a
[2026-06-15T19:22:55.494+0000] {taskinstance.py:3131} INFO - Exporting env vars: AIRFLOW_CTX_DAG_OWNER='***' AIRFLOW_CTX_DAG_ID='extract_raw_data_pipeline' AIRFLOW_CTX_TASK_ID='create_raw_schema' AIRFLOW_CTX_EXECUTION_DATE='2026-06-15T19:22:54.042136+00:00' AIRFLOW_CTX_TRY_NUMBER='1' AIRFLOW_CTX_DAG_RUN_ID='manual__2026-06-15T19:22:54.042136+00:00'
[2026-06-15T19:22:55.495+0000] {taskinstance.py:731} INFO - ::endgroup::
[2026-06-15T19:22:55.517+0000] {sql.py:266} INFO - Executing: 
        CREATE SCHEMA IF NOT EXISTS driven_raw;
    
[2026-06-15T19:22:55.529+0000] {base.py:84} INFO - Retrieving connection 'postgres_conn'
[2026-06-15T19:22:55.540+0000] {base.py:84} INFO - Retrieving connection 'postgres_conn'
[2026-06-15T19:22:55.545+0000] {sql.py:509} INFO - Running statement: 
        CREATE SCHEMA IF NOT EXISTS driven_raw;
    , parameters: None
[2026-06-15T19:22:55.558+0000] {taskinstance.py:340} INFO - ::group::Post task execution logs
[2026-06-15T19:22:55.560+0000] {taskinstance.py:352} INFO - Marking task as SUCCESS. dag_id=extract_raw_data_pipeline, task_id=create_raw_schema, run_id=manual__2026-06-15T19:22:54.042136+00:00, execution_date=20260615T192254, start_date=20260615T192255, end_date=20260615T192255
[2026-06-15T19:22:55.586+0000] {local_task_job_runner.py:266} INFO - Task exited with return code 0
[2026-06-15T19:22:55.612+0000] {taskinstance.py:3900} INFO - 0 downstream tasks scheduled from follow-on schedule check
[2026-06-15T19:22:55.616+0000] {local_task_job_runner.py:245} INFO - ::endgroup::
