[2026-06-15T19:33:53.646+0000] {local_task_job_runner.py:123} INFO - ::group::Pre task execution logs
[2026-06-15T19:33:53.687+0000] {taskinstance.py:2612} INFO - Dependencies all met for dep_context=non-requeueable deps ti=<TaskInstance: extract_raw_data_pipeline.run_dbt_staging manual__2026-06-15T19:33:45.226505+00:00 [queued]>
[2026-06-15T19:33:53.701+0000] {taskinstance.py:2612} INFO - Dependencies all met for dep_context=requeueable deps ti=<TaskInstance: extract_raw_data_pipeline.run_dbt_staging manual__2026-06-15T19:33:45.226505+00:00 [queued]>
[2026-06-15T19:33:53.702+0000] {taskinstance.py:2865} INFO - Starting attempt 1 of 1
[2026-06-15T19:33:53.721+0000] {taskinstance.py:2888} INFO - Executing <Task(BashOperator): run_dbt_staging> on 2026-06-15 19:33:45.226505+00:00
[2026-06-15T19:33:53.729+0000] {warnings.py:112} WARNING - /home/***/.local/lib/python3.12/site-packages/***/task/task_runner/standard_task_runner.py:70: DeprecationWarning: This process (pid=1128) is multi-threaded, use of fork() may lead to deadlocks in the child.
  pid = os.fork()

[2026-06-15T19:33:53.732+0000] {standard_task_runner.py:104} INFO - Running: ['***', 'tasks', 'run', 'extract_raw_data_pipeline', 'run_dbt_staging', 'manual__2026-06-15T19:33:45.226505+00:00', '--job-id', '24', '--raw', '--subdir', 'DAGS_FOLDER/driven_data_pipeline.py', '--cfg-path', '/tmp/tmpfb7zb9qs']
[2026-06-15T19:33:53.733+0000] {standard_task_runner.py:72} INFO - Started process 1130 to run task
[2026-06-15T19:33:53.734+0000] {standard_task_runner.py:105} INFO - Job 24: Subtask run_dbt_staging
[2026-06-15T19:33:53.856+0000] {task_command.py:467} INFO - Running <TaskInstance: extract_raw_data_pipeline.run_dbt_staging manual__2026-06-15T19:33:45.226505+00:00 [running]> on host 56fd351e601a
[2026-06-15T19:33:54.048+0000] {taskinstance.py:3131} INFO - Exporting env vars: AIRFLOW_CTX_DAG_OWNER='***' AIRFLOW_CTX_DAG_ID='extract_raw_data_pipeline' AIRFLOW_CTX_TASK_ID='run_dbt_staging' AIRFLOW_CTX_EXECUTION_DATE='2026-06-15T19:33:45.226505+00:00' AIRFLOW_CTX_TRY_NUMBER='1' AIRFLOW_CTX_DAG_RUN_ID='manual__2026-06-15T19:33:45.226505+00:00'
[2026-06-15T19:33:54.053+0000] {taskinstance.py:731} INFO - ::endgroup::
[2026-06-15T19:33:54.087+0000] {subprocess.py:63} INFO - Tmp dir root location: /tmp
[2026-06-15T19:33:54.091+0000] {subprocess.py:75} INFO - Running command: ['/usr/bin/bash', '-c', '\n        set -x\n        cd /opt/***/dbt\n        dbt run --select tag:staging\n    ']
[2026-06-15T19:33:54.109+0000] {subprocess.py:86} INFO - Output:
[2026-06-15T19:33:54.115+0000] {subprocess.py:93} INFO - + cd /opt/***/dbt
[2026-06-15T19:33:54.117+0000] {subprocess.py:93} INFO - + dbt run --select tag:staging
[2026-06-15T19:33:57.717+0000] {subprocess.py:93} INFO - [0m19:33:57  Running with dbt=1.8.0
[2026-06-15T19:33:58.200+0000] {subprocess.py:93} INFO - [0m19:33:58  Registered adapter: postgres=1.8.2
[2026-06-15T19:33:59.953+0000] {subprocess.py:93} INFO - [0m19:33:59  Found 9 models, 10 sources, 428 macros
[2026-06-15T19:33:59.963+0000] {subprocess.py:93} INFO - [0m19:33:59
[2026-06-15T19:34:00.268+0000] {subprocess.py:93} INFO - [0m19:34:00  Concurrency: 1 threads (target='dev')
[2026-06-15T19:34:00.270+0000] {subprocess.py:93} INFO - [0m19:34:00
[2026-06-15T19:34:00.295+0000] {subprocess.py:93} INFO - [0m19:34:00  1 of 5 START sql table model driven_staging.dim_address ........................ [RUN]
[2026-06-15T19:34:00.625+0000] {subprocess.py:93} INFO - [0m19:34:00  1 of 5 OK created sql table model driven_staging.dim_address ................... [[32mSELECT 17116[0m in 0.32s]
[2026-06-15T19:34:00.629+0000] {subprocess.py:93} INFO - [0m19:34:00  2 of 5 START sql table model driven_staging.dim_date ........................... [RUN]
[2026-06-15T19:34:00.858+0000] {subprocess.py:93} INFO - [0m19:34:00  2 of 5 OK created sql table model driven_staging.dim_date ...................... [[32mSELECT 17116[0m in 0.22s]
[2026-06-15T19:34:00.865+0000] {subprocess.py:93} INFO - [0m19:34:00  3 of 5 START sql table model driven_staging.dim_finance ........................ [RUN]
[2026-06-15T19:34:01.098+0000] {subprocess.py:93} INFO - [0m19:34:01  3 of 5 OK created sql table model driven_staging.dim_finance ................... [[32mSELECT 17116[0m in 0.23s]
[2026-06-15T19:34:01.104+0000] {subprocess.py:93} INFO - [0m19:34:01  4 of 5 START sql table model driven_staging.dim_person ......................... [RUN]
[2026-06-15T19:34:01.277+0000] {subprocess.py:93} INFO - [0m19:34:01  4 of 5 OK created sql table model driven_staging.dim_person .................... [[32mSELECT 17116[0m in 0.17s]
[2026-06-15T19:34:01.280+0000] {subprocess.py:93} INFO - [0m19:34:01  5 of 5 START sql table model driven_staging.fact_network_usage ................. [RUN]
[2026-06-15T19:34:01.437+0000] {subprocess.py:93} INFO - [0m19:34:01  5 of 5 OK created sql table model driven_staging.fact_network_usage ............ [[32mSELECT 17116[0m in 0.15s]
[2026-06-15T19:34:01.460+0000] {subprocess.py:93} INFO - [0m19:34:01
[2026-06-15T19:34:01.461+0000] {subprocess.py:93} INFO - [0m19:34:01  Finished running 5 table models in 0 hours 0 minutes and 1.49 seconds (1.49s).
[2026-06-15T19:34:01.586+0000] {subprocess.py:93} INFO - [0m19:34:01
[2026-06-15T19:34:01.588+0000] {subprocess.py:93} INFO - [0m19:34:01  [32mCompleted successfully[0m
[2026-06-15T19:34:01.589+0000] {subprocess.py:93} INFO - [0m19:34:01
[2026-06-15T19:34:01.591+0000] {subprocess.py:93} INFO - [0m19:34:01  Done. PASS=5 WARN=0 ERROR=0 SKIP=0 TOTAL=5
[2026-06-15T19:34:02.695+0000] {subprocess.py:97} INFO - Command exited with return code 0
[2026-06-15T19:34:02.775+0000] {taskinstance.py:340} INFO - ::group::Post task execution logs
[2026-06-15T19:34:02.776+0000] {taskinstance.py:352} INFO - Marking task as SUCCESS. dag_id=extract_raw_data_pipeline, task_id=run_dbt_staging, run_id=manual__2026-06-15T19:33:45.226505+00:00, execution_date=20260615T193345, start_date=20260615T193353, end_date=20260615T193402
[2026-06-15T19:34:02.834+0000] {local_task_job_runner.py:266} INFO - Task exited with return code 0
[2026-06-15T19:34:02.890+0000] {taskinstance.py:3900} INFO - 1 downstream tasks scheduled from follow-on schedule check
[2026-06-15T19:34:02.897+0000] {local_task_job_runner.py:245} INFO - ::endgroup::
