[2026-06-15T18:47:59.640+0000] {local_task_job_runner.py:123} INFO - ::group::Pre task execution logs
[2026-06-15T18:47:59.660+0000] {taskinstance.py:2612} INFO - Dependencies all met for dep_context=non-requeueable deps ti=<TaskInstance: extract_raw_data_pipeline.create_raw_schema manual__2026-06-15T18:47:57.618436+00:00 [queued]>
[2026-06-15T18:47:59.672+0000] {taskinstance.py:2612} INFO - Dependencies all met for dep_context=requeueable deps ti=<TaskInstance: extract_raw_data_pipeline.create_raw_schema manual__2026-06-15T18:47:57.618436+00:00 [queued]>
[2026-06-15T18:47:59.675+0000] {taskinstance.py:2865} INFO - Starting attempt 1 of 1
[2026-06-15T18:47:59.690+0000] {taskinstance.py:2888} INFO - Executing <Task(SQLExecuteQueryOperator): create_raw_schema> on 2026-06-15 18:47:57.618436+00:00
[2026-06-15T18:47:59.698+0000] {warnings.py:112} WARNING - /home/***/.local/lib/python3.12/site-packages/***/task/task_runner/standard_task_runner.py:70: DeprecationWarning: This process (pid=377) is multi-threaded, use of fork() may lead to deadlocks in the child.
  pid = os.fork()

[2026-06-15T18:47:59.701+0000] {standard_task_runner.py:72} INFO - Started process 382 to run task
[2026-06-15T18:47:59.701+0000] {standard_task_runner.py:104} INFO - Running: ['***', 'tasks', 'run', 'extract_raw_data_pipeline', 'create_raw_schema', 'manual__2026-06-15T18:47:57.618436+00:00', '--job-id', '7', '--raw', '--subdir', 'DAGS_FOLDER/driven_data_pipeline.py', '--cfg-path', '/tmp/tmpgvzwl4i7']
[2026-06-15T18:47:59.704+0000] {standard_task_runner.py:105} INFO - Job 7: Subtask create_raw_schema
[2026-06-15T18:47:59.765+0000] {task_command.py:467} INFO - Running <TaskInstance: extract_raw_data_pipeline.create_raw_schema manual__2026-06-15T18:47:57.618436+00:00 [running]> on host 56fd351e601a
[2026-06-15T18:47:59.852+0000] {taskinstance.py:3131} INFO - Exporting env vars: AIRFLOW_CTX_DAG_OWNER='***' AIRFLOW_CTX_DAG_ID='extract_raw_data_pipeline' AIRFLOW_CTX_TASK_ID='create_raw_schema' AIRFLOW_CTX_EXECUTION_DATE='2026-06-15T18:47:57.618436+00:00' AIRFLOW_CTX_TRY_NUMBER='1' AIRFLOW_CTX_DAG_RUN_ID='manual__2026-06-15T18:47:57.618436+00:00'
[2026-06-15T18:47:59.854+0000] {taskinstance.py:731} INFO - ::endgroup::
[2026-06-15T18:47:59.867+0000] {sql.py:266} INFO - Executing: 
        CREATE SCHEMA IF NOT EXISTS driven_raw;
    
[2026-06-15T18:47:59.877+0000] {base.py:84} INFO - Retrieving connection 'postgres_conn'
[2026-06-15T18:47:59.890+0000] {base.py:84} INFO - Retrieving connection 'postgres_conn'
[2026-06-15T18:47:59.896+0000] {sql.py:509} INFO - Running statement: 
        CREATE SCHEMA IF NOT EXISTS driven_raw;
    , parameters: None
[2026-06-15T18:47:59.907+0000] {taskinstance.py:340} INFO - ::group::Post task execution logs
[2026-06-15T18:47:59.908+0000] {taskinstance.py:352} INFO - Marking task as SUCCESS. dag_id=extract_raw_data_pipeline, task_id=create_raw_schema, run_id=manual__2026-06-15T18:47:57.618436+00:00, execution_date=20260615T184757, start_date=20260615T184759, end_date=20260615T184759
[2026-06-15T18:47:59.960+0000] {local_task_job_runner.py:266} INFO - Task exited with return code 0
[2026-06-15T18:47:59.987+0000] {taskinstance.py:3900} INFO - 0 downstream tasks scheduled from follow-on schedule check
[2026-06-15T18:47:59.991+0000] {local_task_job_runner.py:245} INFO - ::endgroup::
