[2026-06-16T00:33:57.310+0000] {processor.py:186} INFO - Started process (PID=1567) to work on /opt/airflow/dags/batch_generator.py
[2026-06-16T00:33:57.312+0000] {processor.py:914} INFO - Processing file /opt/airflow/dags/batch_generator.py for tasks to queue
[2026-06-16T00:33:57.316+0000] {logging_mixin.py:190} INFO - [2026-06-16T00:33:57.315+0000] {dagbag.py:588} INFO - Filling up the DagBag from /opt/airflow/dags/batch_generator.py
[2026-06-16T00:33:57.701+0000] {processor.py:927} WARNING - No viable dags retrieved from /opt/airflow/dags/batch_generator.py
[2026-06-16T00:33:57.747+0000] {processor.py:208} INFO - Processing /opt/airflow/dags/batch_generator.py took 0.445 seconds
[2026-06-16T00:34:28.681+0000] {processor.py:186} INFO - Started process (PID=1578) to work on /opt/airflow/dags/batch_generator.py
[2026-06-16T00:34:28.682+0000] {processor.py:914} INFO - Processing file /opt/airflow/dags/batch_generator.py for tasks to queue
[2026-06-16T00:34:28.686+0000] {logging_mixin.py:190} INFO - [2026-06-16T00:34:28.685+0000] {dagbag.py:588} INFO - Filling up the DagBag from /opt/airflow/dags/batch_generator.py
[2026-06-16T00:34:28.853+0000] {processor.py:927} WARNING - No viable dags retrieved from /opt/airflow/dags/batch_generator.py
[2026-06-16T00:34:28.871+0000] {processor.py:208} INFO - Processing /opt/airflow/dags/batch_generator.py took 0.197 seconds
[2026-06-16T00:34:59.425+0000] {processor.py:186} INFO - Started process (PID=1588) to work on /opt/airflow/dags/batch_generator.py
[2026-06-16T00:34:59.427+0000] {processor.py:914} INFO - Processing file /opt/airflow/dags/batch_generator.py for tasks to queue
[2026-06-16T00:34:59.430+0000] {logging_mixin.py:190} INFO - [2026-06-16T00:34:59.430+0000] {dagbag.py:588} INFO - Filling up the DagBag from /opt/airflow/dags/batch_generator.py
[2026-06-16T00:34:59.618+0000] {processor.py:927} WARNING - No viable dags retrieved from /opt/airflow/dags/batch_generator.py
[2026-06-16T00:34:59.637+0000] {processor.py:208} INFO - Processing /opt/airflow/dags/batch_generator.py took 0.218 seconds
[2026-06-16T00:35:30.110+0000] {processor.py:186} INFO - Started process (PID=1598) to work on /opt/airflow/dags/batch_generator.py
[2026-06-16T00:35:30.113+0000] {processor.py:914} INFO - Processing file /opt/airflow/dags/batch_generator.py for tasks to queue
[2026-06-16T00:35:30.118+0000] {logging_mixin.py:190} INFO - [2026-06-16T00:35:30.117+0000] {dagbag.py:588} INFO - Filling up the DagBag from /opt/airflow/dags/batch_generator.py
[2026-06-16T00:35:30.340+0000] {processor.py:927} WARNING - No viable dags retrieved from /opt/airflow/dags/batch_generator.py
[2026-06-16T00:35:30.361+0000] {processor.py:208} INFO - Processing /opt/airflow/dags/batch_generator.py took 0.266 seconds
[2026-06-16T00:36:01.034+0000] {processor.py:186} INFO - Started process (PID=1608) to work on /opt/airflow/dags/batch_generator.py
[2026-06-16T00:36:01.037+0000] {processor.py:914} INFO - Processing file /opt/airflow/dags/batch_generator.py for tasks to queue
[2026-06-16T00:36:01.043+0000] {logging_mixin.py:190} INFO - [2026-06-16T00:36:01.042+0000] {dagbag.py:588} INFO - Filling up the DagBag from /opt/airflow/dags/batch_generator.py
[2026-06-16T00:36:01.260+0000] {processor.py:927} WARNING - No viable dags retrieved from /opt/airflow/dags/batch_generator.py
[2026-06-16T00:36:01.279+0000] {processor.py:208} INFO - Processing /opt/airflow/dags/batch_generator.py took 0.264 seconds
[2026-06-16T00:36:31.922+0000] {processor.py:186} INFO - Started process (PID=1618) to work on /opt/airflow/dags/batch_generator.py
[2026-06-16T00:36:31.923+0000] {processor.py:914} INFO - Processing file /opt/airflow/dags/batch_generator.py for tasks to queue
[2026-06-16T00:36:31.927+0000] {logging_mixin.py:190} INFO - [2026-06-16T00:36:31.927+0000] {dagbag.py:588} INFO - Filling up the DagBag from /opt/airflow/dags/batch_generator.py
[2026-06-16T00:36:32.086+0000] {processor.py:927} WARNING - No viable dags retrieved from /opt/airflow/dags/batch_generator.py
[2026-06-16T00:36:32.102+0000] {processor.py:208} INFO - Processing /opt/airflow/dags/batch_generator.py took 0.189 seconds
[2026-06-16T00:37:02.764+0000] {processor.py:186} INFO - Started process (PID=1628) to work on /opt/airflow/dags/batch_generator.py
[2026-06-16T00:37:02.766+0000] {processor.py:914} INFO - Processing file /opt/airflow/dags/batch_generator.py for tasks to queue
[2026-06-16T00:37:02.769+0000] {logging_mixin.py:190} INFO - [2026-06-16T00:37:02.769+0000] {dagbag.py:588} INFO - Filling up the DagBag from /opt/airflow/dags/batch_generator.py
[2026-06-16T00:37:02.978+0000] {processor.py:927} WARNING - No viable dags retrieved from /opt/airflow/dags/batch_generator.py
[2026-06-16T00:37:02.996+0000] {processor.py:208} INFO - Processing /opt/airflow/dags/batch_generator.py took 0.240 seconds
[2026-06-16T00:37:33.691+0000] {processor.py:186} INFO - Started process (PID=1638) to work on /opt/airflow/dags/batch_generator.py
[2026-06-16T00:37:33.695+0000] {processor.py:914} INFO - Processing file /opt/airflow/dags/batch_generator.py for tasks to queue
[2026-06-16T00:37:33.702+0000] {logging_mixin.py:190} INFO - [2026-06-16T00:37:33.700+0000] {dagbag.py:588} INFO - Filling up the DagBag from /opt/airflow/dags/batch_generator.py
[2026-06-16T00:37:33.949+0000] {processor.py:927} WARNING - No viable dags retrieved from /opt/airflow/dags/batch_generator.py
[2026-06-16T00:37:33.970+0000] {processor.py:208} INFO - Processing /opt/airflow/dags/batch_generator.py took 0.299 seconds
[2026-06-16T00:38:04.709+0000] {processor.py:186} INFO - Started process (PID=1648) to work on /opt/airflow/dags/batch_generator.py
[2026-06-16T00:38:04.712+0000] {processor.py:914} INFO - Processing file /opt/airflow/dags/batch_generator.py for tasks to queue
[2026-06-16T00:38:04.719+0000] {logging_mixin.py:190} INFO - [2026-06-16T00:38:04.717+0000] {dagbag.py:588} INFO - Filling up the DagBag from /opt/airflow/dags/batch_generator.py
[2026-06-16T00:38:04.979+0000] {processor.py:927} WARNING - No viable dags retrieved from /opt/airflow/dags/batch_generator.py
[2026-06-16T00:38:04.996+0000] {processor.py:208} INFO - Processing /opt/airflow/dags/batch_generator.py took 0.305 seconds
[2026-06-16T00:38:35.722+0000] {processor.py:186} INFO - Started process (PID=1658) to work on /opt/airflow/dags/batch_generator.py
[2026-06-16T00:38:35.724+0000] {processor.py:914} INFO - Processing file /opt/airflow/dags/batch_generator.py for tasks to queue
[2026-06-16T00:38:35.729+0000] {logging_mixin.py:190} INFO - [2026-06-16T00:38:35.728+0000] {dagbag.py:588} INFO - Filling up the DagBag from /opt/airflow/dags/batch_generator.py
[2026-06-16T00:38:35.995+0000] {processor.py:927} WARNING - No viable dags retrieved from /opt/airflow/dags/batch_generator.py
[2026-06-16T00:38:36.015+0000] {processor.py:208} INFO - Processing /opt/airflow/dags/batch_generator.py took 0.310 seconds
[2026-06-16T00:39:06.856+0000] {processor.py:186} INFO - Started process (PID=1668) to work on /opt/airflow/dags/batch_generator.py
[2026-06-16T00:39:06.859+0000] {processor.py:914} INFO - Processing file /opt/airflow/dags/batch_generator.py for tasks to queue
[2026-06-16T00:39:06.866+0000] {logging_mixin.py:190} INFO - [2026-06-16T00:39:06.865+0000] {dagbag.py:588} INFO - Filling up the DagBag from /opt/airflow/dags/batch_generator.py
[2026-06-16T00:39:07.153+0000] {processor.py:927} WARNING - No viable dags retrieved from /opt/airflow/dags/batch_generator.py
[2026-06-16T00:39:07.177+0000] {processor.py:208} INFO - Processing /opt/airflow/dags/batch_generator.py took 0.341 seconds
[2026-06-16T00:39:37.899+0000] {processor.py:186} INFO - Started process (PID=1678) to work on /opt/airflow/dags/batch_generator.py
[2026-06-16T00:39:37.902+0000] {processor.py:914} INFO - Processing file /opt/airflow/dags/batch_generator.py for tasks to queue
[2026-06-16T00:39:37.908+0000] {logging_mixin.py:190} INFO - [2026-06-16T00:39:37.908+0000] {dagbag.py:588} INFO - Filling up the DagBag from /opt/airflow/dags/batch_generator.py
[2026-06-16T00:39:38.156+0000] {processor.py:927} WARNING - No viable dags retrieved from /opt/airflow/dags/batch_generator.py
[2026-06-16T00:39:38.173+0000] {processor.py:208} INFO - Processing /opt/airflow/dags/batch_generator.py took 0.290 seconds
[2026-06-16T00:40:08.886+0000] {processor.py:186} INFO - Started process (PID=1688) to work on /opt/airflow/dags/batch_generator.py
[2026-06-16T00:40:08.888+0000] {processor.py:914} INFO - Processing file /opt/airflow/dags/batch_generator.py for tasks to queue
[2026-06-16T00:40:08.895+0000] {logging_mixin.py:190} INFO - [2026-06-16T00:40:08.893+0000] {dagbag.py:588} INFO - Filling up the DagBag from /opt/airflow/dags/batch_generator.py
[2026-06-16T00:40:09.140+0000] {processor.py:927} WARNING - No viable dags retrieved from /opt/airflow/dags/batch_generator.py
[2026-06-16T00:40:09.159+0000] {processor.py:208} INFO - Processing /opt/airflow/dags/batch_generator.py took 0.290 seconds
[2026-06-16T00:40:39.801+0000] {processor.py:186} INFO - Started process (PID=1698) to work on /opt/airflow/dags/batch_generator.py
[2026-06-16T00:40:39.802+0000] {processor.py:914} INFO - Processing file /opt/airflow/dags/batch_generator.py for tasks to queue
[2026-06-16T00:40:39.807+0000] {logging_mixin.py:190} INFO - [2026-06-16T00:40:39.806+0000] {dagbag.py:588} INFO - Filling up the DagBag from /opt/airflow/dags/batch_generator.py
[2026-06-16T00:40:40.038+0000] {processor.py:927} WARNING - No viable dags retrieved from /opt/airflow/dags/batch_generator.py
[2026-06-16T00:40:40.061+0000] {processor.py:208} INFO - Processing /opt/airflow/dags/batch_generator.py took 0.277 seconds
[2026-06-16T00:41:10.714+0000] {processor.py:186} INFO - Started process (PID=1708) to work on /opt/airflow/dags/batch_generator.py
[2026-06-16T00:41:10.715+0000] {processor.py:914} INFO - Processing file /opt/airflow/dags/batch_generator.py for tasks to queue
[2026-06-16T00:41:10.720+0000] {logging_mixin.py:190} INFO - [2026-06-16T00:41:10.719+0000] {dagbag.py:588} INFO - Filling up the DagBag from /opt/airflow/dags/batch_generator.py
[2026-06-16T00:41:10.915+0000] {processor.py:927} WARNING - No viable dags retrieved from /opt/airflow/dags/batch_generator.py
[2026-06-16T00:41:10.934+0000] {processor.py:208} INFO - Processing /opt/airflow/dags/batch_generator.py took 0.233 seconds
[2026-06-16T00:41:41.568+0000] {processor.py:186} INFO - Started process (PID=1718) to work on /opt/airflow/dags/batch_generator.py
[2026-06-16T00:41:41.570+0000] {processor.py:914} INFO - Processing file /opt/airflow/dags/batch_generator.py for tasks to queue
[2026-06-16T00:41:41.576+0000] {logging_mixin.py:190} INFO - [2026-06-16T00:41:41.575+0000] {dagbag.py:588} INFO - Filling up the DagBag from /opt/airflow/dags/batch_generator.py
[2026-06-16T00:41:41.787+0000] {processor.py:927} WARNING - No viable dags retrieved from /opt/airflow/dags/batch_generator.py
[2026-06-16T00:41:41.811+0000] {processor.py:208} INFO - Processing /opt/airflow/dags/batch_generator.py took 0.254 seconds
[2026-06-16T00:42:12.485+0000] {processor.py:186} INFO - Started process (PID=1728) to work on /opt/airflow/dags/batch_generator.py
[2026-06-16T00:42:12.488+0000] {processor.py:914} INFO - Processing file /opt/airflow/dags/batch_generator.py for tasks to queue
[2026-06-16T00:42:12.495+0000] {logging_mixin.py:190} INFO - [2026-06-16T00:42:12.493+0000] {dagbag.py:588} INFO - Filling up the DagBag from /opt/airflow/dags/batch_generator.py
[2026-06-16T00:42:12.744+0000] {processor.py:927} WARNING - No viable dags retrieved from /opt/airflow/dags/batch_generator.py
[2026-06-16T00:42:12.762+0000] {processor.py:208} INFO - Processing /opt/airflow/dags/batch_generator.py took 0.293 seconds
[2026-06-16T00:42:43.424+0000] {processor.py:186} INFO - Started process (PID=1738) to work on /opt/airflow/dags/batch_generator.py
[2026-06-16T00:42:43.426+0000] {processor.py:914} INFO - Processing file /opt/airflow/dags/batch_generator.py for tasks to queue
[2026-06-16T00:42:43.431+0000] {logging_mixin.py:190} INFO - [2026-06-16T00:42:43.430+0000] {dagbag.py:588} INFO - Filling up the DagBag from /opt/airflow/dags/batch_generator.py
[2026-06-16T00:42:43.701+0000] {processor.py:927} WARNING - No viable dags retrieved from /opt/airflow/dags/batch_generator.py
[2026-06-16T00:42:43.725+0000] {processor.py:208} INFO - Processing /opt/airflow/dags/batch_generator.py took 0.319 seconds
[2026-06-16T00:43:14.387+0000] {processor.py:186} INFO - Started process (PID=1748) to work on /opt/airflow/dags/batch_generator.py
[2026-06-16T00:43:14.389+0000] {processor.py:914} INFO - Processing file /opt/airflow/dags/batch_generator.py for tasks to queue
[2026-06-16T00:43:14.394+0000] {logging_mixin.py:190} INFO - [2026-06-16T00:43:14.393+0000] {dagbag.py:588} INFO - Filling up the DagBag from /opt/airflow/dags/batch_generator.py
[2026-06-16T00:43:14.597+0000] {processor.py:927} WARNING - No viable dags retrieved from /opt/airflow/dags/batch_generator.py
[2026-06-16T00:43:14.627+0000] {processor.py:208} INFO - Processing /opt/airflow/dags/batch_generator.py took 0.251 seconds
[2026-06-16T00:43:45.233+0000] {processor.py:186} INFO - Started process (PID=1758) to work on /opt/airflow/dags/batch_generator.py
[2026-06-16T00:43:45.235+0000] {processor.py:914} INFO - Processing file /opt/airflow/dags/batch_generator.py for tasks to queue
[2026-06-16T00:43:45.241+0000] {logging_mixin.py:190} INFO - [2026-06-16T00:43:45.240+0000] {dagbag.py:588} INFO - Filling up the DagBag from /opt/airflow/dags/batch_generator.py
[2026-06-16T00:43:45.463+0000] {processor.py:927} WARNING - No viable dags retrieved from /opt/airflow/dags/batch_generator.py
[2026-06-16T00:43:45.491+0000] {processor.py:208} INFO - Processing /opt/airflow/dags/batch_generator.py took 0.271 seconds
[2026-06-16T00:44:16.345+0000] {processor.py:186} INFO - Started process (PID=1768) to work on /opt/airflow/dags/batch_generator.py
[2026-06-16T00:44:16.347+0000] {processor.py:914} INFO - Processing file /opt/airflow/dags/batch_generator.py for tasks to queue
[2026-06-16T00:44:16.355+0000] {logging_mixin.py:190} INFO - [2026-06-16T00:44:16.353+0000] {dagbag.py:588} INFO - Filling up the DagBag from /opt/airflow/dags/batch_generator.py
[2026-06-16T00:44:16.607+0000] {processor.py:927} WARNING - No viable dags retrieved from /opt/airflow/dags/batch_generator.py
[2026-06-16T00:44:16.627+0000] {processor.py:208} INFO - Processing /opt/airflow/dags/batch_generator.py took 0.295 seconds
[2026-06-16T00:44:47.306+0000] {processor.py:186} INFO - Started process (PID=1778) to work on /opt/airflow/dags/batch_generator.py
[2026-06-16T00:44:47.309+0000] {processor.py:914} INFO - Processing file /opt/airflow/dags/batch_generator.py for tasks to queue
[2026-06-16T00:44:47.316+0000] {logging_mixin.py:190} INFO - [2026-06-16T00:44:47.315+0000] {dagbag.py:588} INFO - Filling up the DagBag from /opt/airflow/dags/batch_generator.py
[2026-06-16T00:44:47.575+0000] {processor.py:927} WARNING - No viable dags retrieved from /opt/airflow/dags/batch_generator.py
[2026-06-16T00:44:47.591+0000] {processor.py:208} INFO - Processing /opt/airflow/dags/batch_generator.py took 0.303 seconds
[2026-06-16T00:45:18.259+0000] {processor.py:186} INFO - Started process (PID=1788) to work on /opt/airflow/dags/batch_generator.py
[2026-06-16T00:45:18.262+0000] {processor.py:914} INFO - Processing file /opt/airflow/dags/batch_generator.py for tasks to queue
[2026-06-16T00:45:18.266+0000] {logging_mixin.py:190} INFO - [2026-06-16T00:45:18.265+0000] {dagbag.py:588} INFO - Filling up the DagBag from /opt/airflow/dags/batch_generator.py
[2026-06-16T00:45:18.532+0000] {processor.py:927} WARNING - No viable dags retrieved from /opt/airflow/dags/batch_generator.py
[2026-06-16T00:45:18.553+0000] {processor.py:208} INFO - Processing /opt/airflow/dags/batch_generator.py took 0.306 seconds
[2026-06-16T00:45:49.280+0000] {processor.py:186} INFO - Started process (PID=1798) to work on /opt/airflow/dags/batch_generator.py
[2026-06-16T00:45:49.282+0000] {processor.py:914} INFO - Processing file /opt/airflow/dags/batch_generator.py for tasks to queue
[2026-06-16T00:45:49.286+0000] {logging_mixin.py:190} INFO - [2026-06-16T00:45:49.286+0000] {dagbag.py:588} INFO - Filling up the DagBag from /opt/airflow/dags/batch_generator.py
[2026-06-16T00:45:49.557+0000] {processor.py:927} WARNING - No viable dags retrieved from /opt/airflow/dags/batch_generator.py
[2026-06-16T00:45:49.577+0000] {processor.py:208} INFO - Processing /opt/airflow/dags/batch_generator.py took 0.313 seconds
[2026-06-16T00:46:20.252+0000] {processor.py:186} INFO - Started process (PID=1808) to work on /opt/airflow/dags/batch_generator.py
[2026-06-16T00:46:20.256+0000] {processor.py:914} INFO - Processing file /opt/airflow/dags/batch_generator.py for tasks to queue
[2026-06-16T00:46:20.265+0000] {logging_mixin.py:190} INFO - [2026-06-16T00:46:20.264+0000] {dagbag.py:588} INFO - Filling up the DagBag from /opt/airflow/dags/batch_generator.py
[2026-06-16T00:46:20.581+0000] {processor.py:927} WARNING - No viable dags retrieved from /opt/airflow/dags/batch_generator.py
[2026-06-16T00:46:20.598+0000] {processor.py:208} INFO - Processing /opt/airflow/dags/batch_generator.py took 0.360 seconds
[2026-06-16T00:46:51.276+0000] {processor.py:186} INFO - Started process (PID=1818) to work on /opt/airflow/dags/batch_generator.py
[2026-06-16T00:46:51.279+0000] {processor.py:914} INFO - Processing file /opt/airflow/dags/batch_generator.py for tasks to queue
[2026-06-16T00:46:51.284+0000] {logging_mixin.py:190} INFO - [2026-06-16T00:46:51.284+0000] {dagbag.py:588} INFO - Filling up the DagBag from /opt/airflow/dags/batch_generator.py
[2026-06-16T00:46:51.586+0000] {processor.py:927} WARNING - No viable dags retrieved from /opt/airflow/dags/batch_generator.py
[2026-06-16T00:46:51.608+0000] {processor.py:208} INFO - Processing /opt/airflow/dags/batch_generator.py took 0.351 seconds
[2026-06-16T00:47:22.286+0000] {processor.py:186} INFO - Started process (PID=1828) to work on /opt/airflow/dags/batch_generator.py
[2026-06-16T00:47:22.288+0000] {processor.py:914} INFO - Processing file /opt/airflow/dags/batch_generator.py for tasks to queue
[2026-06-16T00:47:22.292+0000] {logging_mixin.py:190} INFO - [2026-06-16T00:47:22.292+0000] {dagbag.py:588} INFO - Filling up the DagBag from /opt/airflow/dags/batch_generator.py
[2026-06-16T00:47:22.572+0000] {processor.py:927} WARNING - No viable dags retrieved from /opt/airflow/dags/batch_generator.py
[2026-06-16T00:47:22.592+0000] {processor.py:208} INFO - Processing /opt/airflow/dags/batch_generator.py took 0.323 seconds
[2026-06-16T00:47:53.221+0000] {processor.py:186} INFO - Started process (PID=1839) to work on /opt/airflow/dags/batch_generator.py
[2026-06-16T00:47:53.224+0000] {processor.py:914} INFO - Processing file /opt/airflow/dags/batch_generator.py for tasks to queue
[2026-06-16T00:47:53.231+0000] {logging_mixin.py:190} INFO - [2026-06-16T00:47:53.230+0000] {dagbag.py:588} INFO - Filling up the DagBag from /opt/airflow/dags/batch_generator.py
[2026-06-16T00:47:53.470+0000] {processor.py:927} WARNING - No viable dags retrieved from /opt/airflow/dags/batch_generator.py
[2026-06-16T00:47:53.488+0000] {processor.py:208} INFO - Processing /opt/airflow/dags/batch_generator.py took 0.283 seconds
[2026-06-16T00:48:24.106+0000] {processor.py:186} INFO - Started process (PID=1849) to work on /opt/airflow/dags/batch_generator.py
[2026-06-16T00:48:24.109+0000] {processor.py:914} INFO - Processing file /opt/airflow/dags/batch_generator.py for tasks to queue
[2026-06-16T00:48:24.117+0000] {logging_mixin.py:190} INFO - [2026-06-16T00:48:24.116+0000] {dagbag.py:588} INFO - Filling up the DagBag from /opt/airflow/dags/batch_generator.py
[2026-06-16T00:48:24.464+0000] {processor.py:927} WARNING - No viable dags retrieved from /opt/airflow/dags/batch_generator.py
[2026-06-16T00:48:24.507+0000] {processor.py:208} INFO - Processing /opt/airflow/dags/batch_generator.py took 0.423 seconds
[2026-06-16T00:48:55.300+0000] {processor.py:186} INFO - Started process (PID=1859) to work on /opt/airflow/dags/batch_generator.py
[2026-06-16T00:48:55.302+0000] {processor.py:914} INFO - Processing file /opt/airflow/dags/batch_generator.py for tasks to queue
[2026-06-16T00:48:55.310+0000] {logging_mixin.py:190} INFO - [2026-06-16T00:48:55.309+0000] {dagbag.py:588} INFO - Filling up the DagBag from /opt/airflow/dags/batch_generator.py
[2026-06-16T00:48:55.603+0000] {processor.py:927} WARNING - No viable dags retrieved from /opt/airflow/dags/batch_generator.py
[2026-06-16T00:48:55.630+0000] {processor.py:208} INFO - Processing /opt/airflow/dags/batch_generator.py took 0.349 seconds
[2026-06-16T00:49:26.274+0000] {processor.py:186} INFO - Started process (PID=1869) to work on /opt/airflow/dags/batch_generator.py
[2026-06-16T00:49:26.276+0000] {processor.py:914} INFO - Processing file /opt/airflow/dags/batch_generator.py for tasks to queue
[2026-06-16T00:49:26.281+0000] {logging_mixin.py:190} INFO - [2026-06-16T00:49:26.281+0000] {dagbag.py:588} INFO - Filling up the DagBag from /opt/airflow/dags/batch_generator.py
[2026-06-16T00:49:26.629+0000] {processor.py:927} WARNING - No viable dags retrieved from /opt/airflow/dags/batch_generator.py
[2026-06-16T00:49:26.659+0000] {processor.py:208} INFO - Processing /opt/airflow/dags/batch_generator.py took 0.398 seconds
[2026-06-16T00:49:57.270+0000] {processor.py:186} INFO - Started process (PID=1879) to work on /opt/airflow/dags/batch_generator.py
[2026-06-16T00:49:57.274+0000] {processor.py:914} INFO - Processing file /opt/airflow/dags/batch_generator.py for tasks to queue
[2026-06-16T00:49:57.282+0000] {logging_mixin.py:190} INFO - [2026-06-16T00:49:57.281+0000] {dagbag.py:588} INFO - Filling up the DagBag from /opt/airflow/dags/batch_generator.py
[2026-06-16T00:49:57.519+0000] {processor.py:927} WARNING - No viable dags retrieved from /opt/airflow/dags/batch_generator.py
[2026-06-16T00:49:57.542+0000] {processor.py:208} INFO - Processing /opt/airflow/dags/batch_generator.py took 0.291 seconds
[2026-06-16T00:50:28.218+0000] {processor.py:186} INFO - Started process (PID=1889) to work on /opt/airflow/dags/batch_generator.py
[2026-06-16T00:50:28.221+0000] {processor.py:914} INFO - Processing file /opt/airflow/dags/batch_generator.py for tasks to queue
[2026-06-16T00:50:28.229+0000] {logging_mixin.py:190} INFO - [2026-06-16T00:50:28.228+0000] {dagbag.py:588} INFO - Filling up the DagBag from /opt/airflow/dags/batch_generator.py
[2026-06-16T00:50:28.504+0000] {processor.py:927} WARNING - No viable dags retrieved from /opt/airflow/dags/batch_generator.py
[2026-06-16T00:50:28.527+0000] {processor.py:208} INFO - Processing /opt/airflow/dags/batch_generator.py took 0.324 seconds
[2026-06-16T00:50:59.118+0000] {processor.py:186} INFO - Started process (PID=1905) to work on /opt/airflow/dags/batch_generator.py
[2026-06-16T00:50:59.120+0000] {processor.py:914} INFO - Processing file /opt/airflow/dags/batch_generator.py for tasks to queue
[2026-06-16T00:50:59.123+0000] {logging_mixin.py:190} INFO - [2026-06-16T00:50:59.122+0000] {dagbag.py:588} INFO - Filling up the DagBag from /opt/airflow/dags/batch_generator.py
[2026-06-16T00:50:59.330+0000] {processor.py:927} WARNING - No viable dags retrieved from /opt/airflow/dags/batch_generator.py
[2026-06-16T00:50:59.347+0000] {processor.py:208} INFO - Processing /opt/airflow/dags/batch_generator.py took 0.234 seconds
[2026-06-16T00:51:30.000+0000] {processor.py:186} INFO - Started process (PID=1914) to work on /opt/airflow/dags/batch_generator.py
[2026-06-16T00:51:30.003+0000] {processor.py:914} INFO - Processing file /opt/airflow/dags/batch_generator.py for tasks to queue
[2026-06-16T00:51:30.011+0000] {logging_mixin.py:190} INFO - [2026-06-16T00:51:30.009+0000] {dagbag.py:588} INFO - Filling up the DagBag from /opt/airflow/dags/batch_generator.py
[2026-06-16T00:51:30.245+0000] {processor.py:927} WARNING - No viable dags retrieved from /opt/airflow/dags/batch_generator.py
[2026-06-16T00:51:30.262+0000] {processor.py:208} INFO - Processing /opt/airflow/dags/batch_generator.py took 0.279 seconds
[2026-06-16T00:52:00.864+0000] {processor.py:186} INFO - Started process (PID=1924) to work on /opt/airflow/dags/batch_generator.py
[2026-06-16T00:52:00.865+0000] {processor.py:914} INFO - Processing file /opt/airflow/dags/batch_generator.py for tasks to queue
[2026-06-16T00:52:00.869+0000] {logging_mixin.py:190} INFO - [2026-06-16T00:52:00.868+0000] {dagbag.py:588} INFO - Filling up the DagBag from /opt/airflow/dags/batch_generator.py
[2026-06-16T00:52:01.063+0000] {processor.py:927} WARNING - No viable dags retrieved from /opt/airflow/dags/batch_generator.py
[2026-06-16T00:52:01.081+0000] {processor.py:208} INFO - Processing /opt/airflow/dags/batch_generator.py took 0.224 seconds
[2026-06-16T00:52:31.750+0000] {processor.py:186} INFO - Started process (PID=1935) to work on /opt/airflow/dags/batch_generator.py
[2026-06-16T00:52:31.753+0000] {processor.py:914} INFO - Processing file /opt/airflow/dags/batch_generator.py for tasks to queue
[2026-06-16T00:52:31.759+0000] {logging_mixin.py:190} INFO - [2026-06-16T00:52:31.758+0000] {dagbag.py:588} INFO - Filling up the DagBag from /opt/airflow/dags/batch_generator.py
[2026-06-16T00:52:32.028+0000] {processor.py:927} WARNING - No viable dags retrieved from /opt/airflow/dags/batch_generator.py
[2026-06-16T00:52:32.044+0000] {processor.py:208} INFO - Processing /opt/airflow/dags/batch_generator.py took 0.311 seconds
[2026-06-16T00:53:02.694+0000] {processor.py:186} INFO - Started process (PID=1945) to work on /opt/airflow/dags/batch_generator.py
[2026-06-16T00:53:02.696+0000] {processor.py:914} INFO - Processing file /opt/airflow/dags/batch_generator.py for tasks to queue
[2026-06-16T00:53:02.700+0000] {logging_mixin.py:190} INFO - [2026-06-16T00:53:02.699+0000] {dagbag.py:588} INFO - Filling up the DagBag from /opt/airflow/dags/batch_generator.py
[2026-06-16T00:53:02.987+0000] {processor.py:927} WARNING - No viable dags retrieved from /opt/airflow/dags/batch_generator.py
[2026-06-16T00:53:03.012+0000] {processor.py:208} INFO - Processing /opt/airflow/dags/batch_generator.py took 0.336 seconds
[2026-06-16T00:53:33.670+0000] {processor.py:186} INFO - Started process (PID=1955) to work on /opt/airflow/dags/batch_generator.py
[2026-06-16T00:53:33.673+0000] {processor.py:914} INFO - Processing file /opt/airflow/dags/batch_generator.py for tasks to queue
[2026-06-16T00:53:33.679+0000] {logging_mixin.py:190} INFO - [2026-06-16T00:53:33.678+0000] {dagbag.py:588} INFO - Filling up the DagBag from /opt/airflow/dags/batch_generator.py
[2026-06-16T00:53:33.961+0000] {processor.py:927} WARNING - No viable dags retrieved from /opt/airflow/dags/batch_generator.py
[2026-06-16T00:53:33.981+0000] {processor.py:208} INFO - Processing /opt/airflow/dags/batch_generator.py took 0.328 seconds
[2026-06-16T00:54:04.835+0000] {processor.py:186} INFO - Started process (PID=1965) to work on /opt/airflow/dags/batch_generator.py
[2026-06-16T00:54:04.839+0000] {processor.py:914} INFO - Processing file /opt/airflow/dags/batch_generator.py for tasks to queue
[2026-06-16T00:54:04.845+0000] {logging_mixin.py:190} INFO - [2026-06-16T00:54:04.844+0000] {dagbag.py:588} INFO - Filling up the DagBag from /opt/airflow/dags/batch_generator.py
[2026-06-16T00:54:05.101+0000] {processor.py:927} WARNING - No viable dags retrieved from /opt/airflow/dags/batch_generator.py
[2026-06-16T00:54:05.119+0000] {processor.py:208} INFO - Processing /opt/airflow/dags/batch_generator.py took 0.300 seconds
[2026-06-16T00:54:35.836+0000] {processor.py:186} INFO - Started process (PID=1975) to work on /opt/airflow/dags/batch_generator.py
[2026-06-16T00:54:35.839+0000] {processor.py:914} INFO - Processing file /opt/airflow/dags/batch_generator.py for tasks to queue
[2026-06-16T00:54:35.844+0000] {logging_mixin.py:190} INFO - [2026-06-16T00:54:35.843+0000] {dagbag.py:588} INFO - Filling up the DagBag from /opt/airflow/dags/batch_generator.py
[2026-06-16T00:54:36.138+0000] {processor.py:927} WARNING - No viable dags retrieved from /opt/airflow/dags/batch_generator.py
[2026-06-16T00:54:36.166+0000] {processor.py:208} INFO - Processing /opt/airflow/dags/batch_generator.py took 0.340 seconds
[2026-06-16T00:55:06.787+0000] {processor.py:186} INFO - Started process (PID=1985) to work on /opt/airflow/dags/batch_generator.py
[2026-06-16T00:55:06.789+0000] {processor.py:914} INFO - Processing file /opt/airflow/dags/batch_generator.py for tasks to queue
[2026-06-16T00:55:06.795+0000] {logging_mixin.py:190} INFO - [2026-06-16T00:55:06.794+0000] {dagbag.py:588} INFO - Filling up the DagBag from /opt/airflow/dags/batch_generator.py
[2026-06-16T00:55:07.021+0000] {processor.py:927} WARNING - No viable dags retrieved from /opt/airflow/dags/batch_generator.py
[2026-06-16T00:55:07.034+0000] {processor.py:208} INFO - Processing /opt/airflow/dags/batch_generator.py took 0.261 seconds
[2026-06-16T00:55:37.679+0000] {processor.py:186} INFO - Started process (PID=1995) to work on /opt/airflow/dags/batch_generator.py
[2026-06-16T00:55:37.681+0000] {processor.py:914} INFO - Processing file /opt/airflow/dags/batch_generator.py for tasks to queue
[2026-06-16T00:55:37.685+0000] {logging_mixin.py:190} INFO - [2026-06-16T00:55:37.685+0000] {dagbag.py:588} INFO - Filling up the DagBag from /opt/airflow/dags/batch_generator.py
[2026-06-16T00:55:37.881+0000] {processor.py:927} WARNING - No viable dags retrieved from /opt/airflow/dags/batch_generator.py
[2026-06-16T00:55:37.898+0000] {processor.py:208} INFO - Processing /opt/airflow/dags/batch_generator.py took 0.229 seconds
[2026-06-16T00:56:08.610+0000] {processor.py:186} INFO - Started process (PID=2005) to work on /opt/airflow/dags/batch_generator.py
[2026-06-16T00:56:08.612+0000] {processor.py:914} INFO - Processing file /opt/airflow/dags/batch_generator.py for tasks to queue
[2026-06-16T00:56:08.618+0000] {logging_mixin.py:190} INFO - [2026-06-16T00:56:08.617+0000] {dagbag.py:588} INFO - Filling up the DagBag from /opt/airflow/dags/batch_generator.py
[2026-06-16T00:56:08.859+0000] {processor.py:927} WARNING - No viable dags retrieved from /opt/airflow/dags/batch_generator.py
[2026-06-16T00:56:08.875+0000] {processor.py:208} INFO - Processing /opt/airflow/dags/batch_generator.py took 0.278 seconds
[2026-06-16T00:56:39.585+0000] {processor.py:186} INFO - Started process (PID=2015) to work on /opt/airflow/dags/batch_generator.py
[2026-06-16T00:56:39.589+0000] {processor.py:914} INFO - Processing file /opt/airflow/dags/batch_generator.py for tasks to queue
[2026-06-16T00:56:39.597+0000] {logging_mixin.py:190} INFO - [2026-06-16T00:56:39.596+0000] {dagbag.py:588} INFO - Filling up the DagBag from /opt/airflow/dags/batch_generator.py
[2026-06-16T00:56:39.787+0000] {processor.py:927} WARNING - No viable dags retrieved from /opt/airflow/dags/batch_generator.py
[2026-06-16T00:56:39.803+0000] {processor.py:208} INFO - Processing /opt/airflow/dags/batch_generator.py took 0.238 seconds
[2026-06-16T00:57:10.502+0000] {processor.py:186} INFO - Started process (PID=2025) to work on /opt/airflow/dags/batch_generator.py
[2026-06-16T00:57:10.506+0000] {processor.py:914} INFO - Processing file /opt/airflow/dags/batch_generator.py for tasks to queue
[2026-06-16T00:57:10.512+0000] {logging_mixin.py:190} INFO - [2026-06-16T00:57:10.511+0000] {dagbag.py:588} INFO - Filling up the DagBag from /opt/airflow/dags/batch_generator.py
[2026-06-16T00:57:10.786+0000] {processor.py:927} WARNING - No viable dags retrieved from /opt/airflow/dags/batch_generator.py
[2026-06-16T00:57:10.802+0000] {processor.py:208} INFO - Processing /opt/airflow/dags/batch_generator.py took 0.318 seconds
[2026-06-16T00:57:41.507+0000] {processor.py:186} INFO - Started process (PID=2035) to work on /opt/airflow/dags/batch_generator.py
[2026-06-16T00:57:41.510+0000] {processor.py:914} INFO - Processing file /opt/airflow/dags/batch_generator.py for tasks to queue
[2026-06-16T00:57:41.518+0000] {logging_mixin.py:190} INFO - [2026-06-16T00:57:41.517+0000] {dagbag.py:588} INFO - Filling up the DagBag from /opt/airflow/dags/batch_generator.py
[2026-06-16T00:57:41.816+0000] {processor.py:927} WARNING - No viable dags retrieved from /opt/airflow/dags/batch_generator.py
[2026-06-16T00:57:41.843+0000] {processor.py:208} INFO - Processing /opt/airflow/dags/batch_generator.py took 0.352 seconds
[2026-06-16T00:58:12.472+0000] {processor.py:186} INFO - Started process (PID=2045) to work on /opt/airflow/dags/batch_generator.py
[2026-06-16T00:58:12.475+0000] {processor.py:914} INFO - Processing file /opt/airflow/dags/batch_generator.py for tasks to queue
[2026-06-16T00:58:12.482+0000] {logging_mixin.py:190} INFO - [2026-06-16T00:58:12.481+0000] {dagbag.py:588} INFO - Filling up the DagBag from /opt/airflow/dags/batch_generator.py
[2026-06-16T00:58:12.830+0000] {processor.py:927} WARNING - No viable dags retrieved from /opt/airflow/dags/batch_generator.py
[2026-06-16T00:58:12.858+0000] {processor.py:208} INFO - Processing /opt/airflow/dags/batch_generator.py took 0.398 seconds
[2026-06-16T00:58:43.559+0000] {processor.py:186} INFO - Started process (PID=2055) to work on /opt/airflow/dags/batch_generator.py
[2026-06-16T00:58:43.562+0000] {processor.py:914} INFO - Processing file /opt/airflow/dags/batch_generator.py for tasks to queue
[2026-06-16T00:58:43.569+0000] {logging_mixin.py:190} INFO - [2026-06-16T00:58:43.568+0000] {dagbag.py:588} INFO - Filling up the DagBag from /opt/airflow/dags/batch_generator.py
[2026-06-16T00:58:43.832+0000] {processor.py:927} WARNING - No viable dags retrieved from /opt/airflow/dags/batch_generator.py
[2026-06-16T00:58:43.863+0000] {processor.py:208} INFO - Processing /opt/airflow/dags/batch_generator.py took 0.324 seconds
[2026-06-16T00:59:14.654+0000] {processor.py:186} INFO - Started process (PID=2065) to work on /opt/airflow/dags/batch_generator.py
[2026-06-16T00:59:14.656+0000] {processor.py:914} INFO - Processing file /opt/airflow/dags/batch_generator.py for tasks to queue
[2026-06-16T00:59:14.662+0000] {logging_mixin.py:190} INFO - [2026-06-16T00:59:14.661+0000] {dagbag.py:588} INFO - Filling up the DagBag from /opt/airflow/dags/batch_generator.py
[2026-06-16T00:59:14.952+0000] {processor.py:927} WARNING - No viable dags retrieved from /opt/airflow/dags/batch_generator.py
[2026-06-16T00:59:14.967+0000] {processor.py:208} INFO - Processing /opt/airflow/dags/batch_generator.py took 0.328 seconds
[2026-06-16T00:59:45.659+0000] {processor.py:186} INFO - Started process (PID=2075) to work on /opt/airflow/dags/batch_generator.py
[2026-06-16T00:59:45.662+0000] {processor.py:914} INFO - Processing file /opt/airflow/dags/batch_generator.py for tasks to queue
[2026-06-16T00:59:45.667+0000] {logging_mixin.py:190} INFO - [2026-06-16T00:59:45.665+0000] {dagbag.py:588} INFO - Filling up the DagBag from /opt/airflow/dags/batch_generator.py
[2026-06-16T00:59:45.916+0000] {processor.py:927} WARNING - No viable dags retrieved from /opt/airflow/dags/batch_generator.py
[2026-06-16T00:59:45.930+0000] {processor.py:208} INFO - Processing /opt/airflow/dags/batch_generator.py took 0.289 seconds
[2026-06-16T01:00:16.569+0000] {processor.py:186} INFO - Started process (PID=2085) to work on /opt/airflow/dags/batch_generator.py
[2026-06-16T01:00:16.571+0000] {processor.py:914} INFO - Processing file /opt/airflow/dags/batch_generator.py for tasks to queue
[2026-06-16T01:00:16.577+0000] {logging_mixin.py:190} INFO - [2026-06-16T01:00:16.576+0000] {dagbag.py:588} INFO - Filling up the DagBag from /opt/airflow/dags/batch_generator.py
[2026-06-16T01:00:16.787+0000] {processor.py:927} WARNING - No viable dags retrieved from /opt/airflow/dags/batch_generator.py
[2026-06-16T01:00:16.805+0000] {processor.py:208} INFO - Processing /opt/airflow/dags/batch_generator.py took 0.254 seconds
[2026-06-16T01:00:47.452+0000] {processor.py:186} INFO - Started process (PID=2095) to work on /opt/airflow/dags/batch_generator.py
[2026-06-16T01:00:47.454+0000] {processor.py:914} INFO - Processing file /opt/airflow/dags/batch_generator.py for tasks to queue
[2026-06-16T01:00:47.459+0000] {logging_mixin.py:190} INFO - [2026-06-16T01:00:47.458+0000] {dagbag.py:588} INFO - Filling up the DagBag from /opt/airflow/dags/batch_generator.py
[2026-06-16T01:00:47.653+0000] {processor.py:927} WARNING - No viable dags retrieved from /opt/airflow/dags/batch_generator.py
[2026-06-16T01:00:47.671+0000] {processor.py:208} INFO - Processing /opt/airflow/dags/batch_generator.py took 0.236 seconds
[2026-06-16T01:01:18.409+0000] {processor.py:186} INFO - Started process (PID=2105) to work on /opt/airflow/dags/batch_generator.py
[2026-06-16T01:01:18.412+0000] {processor.py:914} INFO - Processing file /opt/airflow/dags/batch_generator.py for tasks to queue
[2026-06-16T01:01:18.418+0000] {logging_mixin.py:190} INFO - [2026-06-16T01:01:18.417+0000] {dagbag.py:588} INFO - Filling up the DagBag from /opt/airflow/dags/batch_generator.py
[2026-06-16T01:01:18.626+0000] {processor.py:927} WARNING - No viable dags retrieved from /opt/airflow/dags/batch_generator.py
[2026-06-16T01:01:18.645+0000] {processor.py:208} INFO - Processing /opt/airflow/dags/batch_generator.py took 0.251 seconds
[2026-06-16T01:01:49.332+0000] {processor.py:186} INFO - Started process (PID=2115) to work on /opt/airflow/dags/batch_generator.py
[2026-06-16T01:01:49.336+0000] {processor.py:914} INFO - Processing file /opt/airflow/dags/batch_generator.py for tasks to queue
[2026-06-16T01:01:49.342+0000] {logging_mixin.py:190} INFO - [2026-06-16T01:01:49.341+0000] {dagbag.py:588} INFO - Filling up the DagBag from /opt/airflow/dags/batch_generator.py
[2026-06-16T01:01:49.529+0000] {processor.py:927} WARNING - No viable dags retrieved from /opt/airflow/dags/batch_generator.py
[2026-06-16T01:01:49.543+0000] {processor.py:208} INFO - Processing /opt/airflow/dags/batch_generator.py took 0.221 seconds
[2026-06-16T01:02:20.188+0000] {processor.py:186} INFO - Started process (PID=2125) to work on /opt/airflow/dags/batch_generator.py
[2026-06-16T01:02:20.190+0000] {processor.py:914} INFO - Processing file /opt/airflow/dags/batch_generator.py for tasks to queue
[2026-06-16T01:02:20.196+0000] {logging_mixin.py:190} INFO - [2026-06-16T01:02:20.195+0000] {dagbag.py:588} INFO - Filling up the DagBag from /opt/airflow/dags/batch_generator.py
[2026-06-16T01:02:20.395+0000] {processor.py:927} WARNING - No viable dags retrieved from /opt/airflow/dags/batch_generator.py
[2026-06-16T01:02:20.412+0000] {processor.py:208} INFO - Processing /opt/airflow/dags/batch_generator.py took 0.239 seconds
[2026-06-16T01:02:51.027+0000] {processor.py:186} INFO - Started process (PID=2135) to work on /opt/airflow/dags/batch_generator.py
[2026-06-16T01:02:51.029+0000] {processor.py:914} INFO - Processing file /opt/airflow/dags/batch_generator.py for tasks to queue
[2026-06-16T01:02:51.031+0000] {logging_mixin.py:190} INFO - [2026-06-16T01:02:51.031+0000] {dagbag.py:588} INFO - Filling up the DagBag from /opt/airflow/dags/batch_generator.py
[2026-06-16T01:02:51.243+0000] {processor.py:927} WARNING - No viable dags retrieved from /opt/airflow/dags/batch_generator.py
[2026-06-16T01:02:51.261+0000] {processor.py:208} INFO - Processing /opt/airflow/dags/batch_generator.py took 0.242 seconds
[2026-06-16T01:03:21.979+0000] {processor.py:186} INFO - Started process (PID=2145) to work on /opt/airflow/dags/batch_generator.py
[2026-06-16T01:03:21.982+0000] {processor.py:914} INFO - Processing file /opt/airflow/dags/batch_generator.py for tasks to queue
[2026-06-16T01:03:21.988+0000] {logging_mixin.py:190} INFO - [2026-06-16T01:03:21.987+0000] {dagbag.py:588} INFO - Filling up the DagBag from /opt/airflow/dags/batch_generator.py
[2026-06-16T01:03:22.267+0000] {processor.py:927} WARNING - No viable dags retrieved from /opt/airflow/dags/batch_generator.py
[2026-06-16T01:03:22.285+0000] {processor.py:208} INFO - Processing /opt/airflow/dags/batch_generator.py took 0.326 seconds
[2026-06-16T01:03:52.954+0000] {processor.py:186} INFO - Started process (PID=2155) to work on /opt/airflow/dags/batch_generator.py
[2026-06-16T01:03:52.955+0000] {processor.py:914} INFO - Processing file /opt/airflow/dags/batch_generator.py for tasks to queue
[2026-06-16T01:03:52.959+0000] {logging_mixin.py:190} INFO - [2026-06-16T01:03:52.958+0000] {dagbag.py:588} INFO - Filling up the DagBag from /opt/airflow/dags/batch_generator.py
[2026-06-16T01:03:53.168+0000] {processor.py:927} WARNING - No viable dags retrieved from /opt/airflow/dags/batch_generator.py
[2026-06-16T01:03:53.194+0000] {processor.py:208} INFO - Processing /opt/airflow/dags/batch_generator.py took 0.249 seconds
[2026-06-16T01:04:24.065+0000] {processor.py:186} INFO - Started process (PID=2165) to work on /opt/airflow/dags/batch_generator.py
[2026-06-16T01:04:24.068+0000] {processor.py:914} INFO - Processing file /opt/airflow/dags/batch_generator.py for tasks to queue
[2026-06-16T01:04:24.074+0000] {logging_mixin.py:190} INFO - [2026-06-16T01:04:24.073+0000] {dagbag.py:588} INFO - Filling up the DagBag from /opt/airflow/dags/batch_generator.py
[2026-06-16T01:04:24.378+0000] {processor.py:927} WARNING - No viable dags retrieved from /opt/airflow/dags/batch_generator.py
[2026-06-16T01:04:24.396+0000] {processor.py:208} INFO - Processing /opt/airflow/dags/batch_generator.py took 0.347 seconds
[2026-06-16T01:04:55.065+0000] {processor.py:186} INFO - Started process (PID=2175) to work on /opt/airflow/dags/batch_generator.py
[2026-06-16T01:04:55.067+0000] {processor.py:914} INFO - Processing file /opt/airflow/dags/batch_generator.py for tasks to queue
[2026-06-16T01:04:55.075+0000] {logging_mixin.py:190} INFO - [2026-06-16T01:04:55.073+0000] {dagbag.py:588} INFO - Filling up the DagBag from /opt/airflow/dags/batch_generator.py
[2026-06-16T01:04:55.358+0000] {processor.py:927} WARNING - No viable dags retrieved from /opt/airflow/dags/batch_generator.py
[2026-06-16T01:04:55.384+0000] {processor.py:208} INFO - Processing /opt/airflow/dags/batch_generator.py took 0.336 seconds
[2026-06-16T01:05:26.054+0000] {processor.py:186} INFO - Started process (PID=2185) to work on /opt/airflow/dags/batch_generator.py
[2026-06-16T01:05:26.057+0000] {processor.py:914} INFO - Processing file /opt/airflow/dags/batch_generator.py for tasks to queue
[2026-06-16T01:05:26.064+0000] {logging_mixin.py:190} INFO - [2026-06-16T01:05:26.063+0000] {dagbag.py:588} INFO - Filling up the DagBag from /opt/airflow/dags/batch_generator.py
[2026-06-16T01:05:26.313+0000] {processor.py:927} WARNING - No viable dags retrieved from /opt/airflow/dags/batch_generator.py
[2026-06-16T01:05:26.337+0000] {processor.py:208} INFO - Processing /opt/airflow/dags/batch_generator.py took 0.301 seconds
[2026-06-16T01:05:57.023+0000] {processor.py:186} INFO - Started process (PID=2195) to work on /opt/airflow/dags/batch_generator.py
[2026-06-16T01:05:57.026+0000] {processor.py:914} INFO - Processing file /opt/airflow/dags/batch_generator.py for tasks to queue
[2026-06-16T01:05:57.033+0000] {logging_mixin.py:190} INFO - [2026-06-16T01:05:57.032+0000] {dagbag.py:588} INFO - Filling up the DagBag from /opt/airflow/dags/batch_generator.py
[2026-06-16T01:05:57.306+0000] {processor.py:927} WARNING - No viable dags retrieved from /opt/airflow/dags/batch_generator.py
[2026-06-16T01:05:57.356+0000] {processor.py:208} INFO - Processing /opt/airflow/dags/batch_generator.py took 0.347 seconds
