[2026-06-16T00:33:57.315+0000] {processor.py:186} INFO - Started process (PID=1568) to work on /opt/airflow/dags/driven_data_pipeline.py
[2026-06-16T00:33:57.317+0000] {processor.py:914} INFO - Processing file /opt/airflow/dags/driven_data_pipeline.py for tasks to queue
[2026-06-16T00:33:57.319+0000] {logging_mixin.py:190} INFO - [2026-06-16T00:33:57.318+0000] {dagbag.py:588} INFO - Filling up the DagBag from /opt/airflow/dags/driven_data_pipeline.py
[2026-06-16T00:33:57.798+0000] {processor.py:925} INFO - DAG(s) 'extract_raw_data_pipeline' retrieved from /opt/airflow/dags/driven_data_pipeline.py
[2026-06-16T00:33:57.843+0000] {logging_mixin.py:190} INFO - [2026-06-16T00:33:57.843+0000] {dag.py:3239} INFO - Sync 1 DAGs
[2026-06-16T00:33:57.899+0000] {logging_mixin.py:190} INFO - [2026-06-16T00:33:57.898+0000] {dag.py:4180} INFO - Setting next_dagrun for extract_raw_data_pipeline to 2026-06-15 07:00:00+00:00, run_after=2026-06-16 07:00:00+00:00
[2026-06-16T00:33:57.976+0000] {processor.py:208} INFO - Processing /opt/airflow/dags/driven_data_pipeline.py took 0.668 seconds
[2026-06-16T00:34:28.692+0000] {processor.py:186} INFO - Started process (PID=1579) to work on /opt/airflow/dags/driven_data_pipeline.py
[2026-06-16T00:34:28.693+0000] {processor.py:914} INFO - Processing file /opt/airflow/dags/driven_data_pipeline.py for tasks to queue
[2026-06-16T00:34:28.696+0000] {logging_mixin.py:190} INFO - [2026-06-16T00:34:28.695+0000] {dagbag.py:588} INFO - Filling up the DagBag from /opt/airflow/dags/driven_data_pipeline.py
[2026-06-16T00:34:28.864+0000] {processor.py:925} INFO - DAG(s) 'extract_raw_data_pipeline' retrieved from /opt/airflow/dags/driven_data_pipeline.py
[2026-06-16T00:34:28.895+0000] {logging_mixin.py:190} INFO - [2026-06-16T00:34:28.895+0000] {dag.py:3239} INFO - Sync 1 DAGs
[2026-06-16T00:34:28.917+0000] {logging_mixin.py:190} INFO - [2026-06-16T00:34:28.916+0000] {dag.py:4180} INFO - Setting next_dagrun for extract_raw_data_pipeline to 2026-06-15 07:00:00+00:00, run_after=2026-06-16 07:00:00+00:00
[2026-06-16T00:34:28.970+0000] {processor.py:208} INFO - Processing /opt/airflow/dags/driven_data_pipeline.py took 0.284 seconds
[2026-06-16T00:34:59.438+0000] {processor.py:186} INFO - Started process (PID=1589) to work on /opt/airflow/dags/driven_data_pipeline.py
[2026-06-16T00:34:59.439+0000] {processor.py:914} INFO - Processing file /opt/airflow/dags/driven_data_pipeline.py for tasks to queue
[2026-06-16T00:34:59.441+0000] {logging_mixin.py:190} INFO - [2026-06-16T00:34:59.441+0000] {dagbag.py:588} INFO - Filling up the DagBag from /opt/airflow/dags/driven_data_pipeline.py
[2026-06-16T00:34:59.656+0000] {processor.py:925} INFO - DAG(s) 'extract_raw_data_pipeline' retrieved from /opt/airflow/dags/driven_data_pipeline.py
[2026-06-16T00:34:59.678+0000] {logging_mixin.py:190} INFO - [2026-06-16T00:34:59.677+0000] {dag.py:3239} INFO - Sync 1 DAGs
[2026-06-16T00:34:59.697+0000] {logging_mixin.py:190} INFO - [2026-06-16T00:34:59.697+0000] {dag.py:4180} INFO - Setting next_dagrun for extract_raw_data_pipeline to 2026-06-15 07:00:00+00:00, run_after=2026-06-16 07:00:00+00:00
[2026-06-16T00:34:59.718+0000] {processor.py:208} INFO - Processing /opt/airflow/dags/driven_data_pipeline.py took 0.286 seconds
[2026-06-16T00:35:30.121+0000] {processor.py:186} INFO - Started process (PID=1599) to work on /opt/airflow/dags/driven_data_pipeline.py
[2026-06-16T00:35:30.124+0000] {processor.py:914} INFO - Processing file /opt/airflow/dags/driven_data_pipeline.py for tasks to queue
[2026-06-16T00:35:30.130+0000] {logging_mixin.py:190} INFO - [2026-06-16T00:35:30.128+0000] {dagbag.py:588} INFO - Filling up the DagBag from /opt/airflow/dags/driven_data_pipeline.py
[2026-06-16T00:35:30.375+0000] {processor.py:925} INFO - DAG(s) 'extract_raw_data_pipeline' retrieved from /opt/airflow/dags/driven_data_pipeline.py
[2026-06-16T00:35:30.400+0000] {logging_mixin.py:190} INFO - [2026-06-16T00:35:30.400+0000] {dag.py:3239} INFO - Sync 1 DAGs
[2026-06-16T00:35:30.421+0000] {logging_mixin.py:190} INFO - [2026-06-16T00:35:30.421+0000] {dag.py:4180} INFO - Setting next_dagrun for extract_raw_data_pipeline to 2026-06-15 07:00:00+00:00, run_after=2026-06-16 07:00:00+00:00
[2026-06-16T00:35:30.449+0000] {processor.py:208} INFO - Processing /opt/airflow/dags/driven_data_pipeline.py took 0.339 seconds
[2026-06-16T00:36:01.045+0000] {processor.py:186} INFO - Started process (PID=1609) to work on /opt/airflow/dags/driven_data_pipeline.py
[2026-06-16T00:36:01.047+0000] {processor.py:914} INFO - Processing file /opt/airflow/dags/driven_data_pipeline.py for tasks to queue
[2026-06-16T00:36:01.051+0000] {logging_mixin.py:190} INFO - [2026-06-16T00:36:01.051+0000] {dagbag.py:588} INFO - Filling up the DagBag from /opt/airflow/dags/driven_data_pipeline.py
[2026-06-16T00:36:01.289+0000] {processor.py:925} INFO - DAG(s) 'extract_raw_data_pipeline' retrieved from /opt/airflow/dags/driven_data_pipeline.py
[2026-06-16T00:36:01.325+0000] {logging_mixin.py:190} INFO - [2026-06-16T00:36:01.324+0000] {dag.py:3239} INFO - Sync 1 DAGs
[2026-06-16T00:36:01.355+0000] {logging_mixin.py:190} INFO - [2026-06-16T00:36:01.354+0000] {dag.py:4180} INFO - Setting next_dagrun for extract_raw_data_pipeline to 2026-06-15 07:00:00+00:00, run_after=2026-06-16 07:00:00+00:00
[2026-06-16T00:36:01.386+0000] {processor.py:208} INFO - Processing /opt/airflow/dags/driven_data_pipeline.py took 0.352 seconds
[2026-06-16T00:36:31.928+0000] {processor.py:186} INFO - Started process (PID=1619) to work on /opt/airflow/dags/driven_data_pipeline.py
[2026-06-16T00:36:31.930+0000] {processor.py:914} INFO - Processing file /opt/airflow/dags/driven_data_pipeline.py for tasks to queue
[2026-06-16T00:36:31.933+0000] {logging_mixin.py:190} INFO - [2026-06-16T00:36:31.932+0000] {dagbag.py:588} INFO - Filling up the DagBag from /opt/airflow/dags/driven_data_pipeline.py
[2026-06-16T00:36:32.112+0000] {processor.py:925} INFO - DAG(s) 'extract_raw_data_pipeline' retrieved from /opt/airflow/dags/driven_data_pipeline.py
[2026-06-16T00:36:32.138+0000] {logging_mixin.py:190} INFO - [2026-06-16T00:36:32.138+0000] {dag.py:3239} INFO - Sync 1 DAGs
[2026-06-16T00:36:32.159+0000] {logging_mixin.py:190} INFO - [2026-06-16T00:36:32.158+0000] {dag.py:4180} INFO - Setting next_dagrun for extract_raw_data_pipeline to 2026-06-15 07:00:00+00:00, run_after=2026-06-16 07:00:00+00:00
[2026-06-16T00:36:32.187+0000] {processor.py:208} INFO - Processing /opt/airflow/dags/driven_data_pipeline.py took 0.268 seconds
[2026-06-16T00:37:02.770+0000] {processor.py:186} INFO - Started process (PID=1629) to work on /opt/airflow/dags/driven_data_pipeline.py
[2026-06-16T00:37:02.772+0000] {processor.py:914} INFO - Processing file /opt/airflow/dags/driven_data_pipeline.py for tasks to queue
[2026-06-16T00:37:02.775+0000] {logging_mixin.py:190} INFO - [2026-06-16T00:37:02.774+0000] {dagbag.py:588} INFO - Filling up the DagBag from /opt/airflow/dags/driven_data_pipeline.py
[2026-06-16T00:37:03.008+0000] {processor.py:925} INFO - DAG(s) 'extract_raw_data_pipeline' retrieved from /opt/airflow/dags/driven_data_pipeline.py
[2026-06-16T00:37:03.036+0000] {logging_mixin.py:190} INFO - [2026-06-16T00:37:03.035+0000] {dag.py:3239} INFO - Sync 1 DAGs
[2026-06-16T00:37:03.062+0000] {logging_mixin.py:190} INFO - [2026-06-16T00:37:03.062+0000] {dag.py:4180} INFO - Setting next_dagrun for extract_raw_data_pipeline to 2026-06-15 07:00:00+00:00, run_after=2026-06-16 07:00:00+00:00
[2026-06-16T00:37:03.094+0000] {processor.py:208} INFO - Processing /opt/airflow/dags/driven_data_pipeline.py took 0.330 seconds
[2026-06-16T00:37:33.701+0000] {processor.py:186} INFO - Started process (PID=1639) to work on /opt/airflow/dags/driven_data_pipeline.py
[2026-06-16T00:37:33.704+0000] {processor.py:914} INFO - Processing file /opt/airflow/dags/driven_data_pipeline.py for tasks to queue
[2026-06-16T00:37:33.711+0000] {logging_mixin.py:190} INFO - [2026-06-16T00:37:33.710+0000] {dagbag.py:588} INFO - Filling up the DagBag from /opt/airflow/dags/driven_data_pipeline.py
[2026-06-16T00:37:33.971+0000] {processor.py:925} INFO - DAG(s) 'extract_raw_data_pipeline' retrieved from /opt/airflow/dags/driven_data_pipeline.py
[2026-06-16T00:37:34.013+0000] {logging_mixin.py:190} INFO - [2026-06-16T00:37:34.012+0000] {dag.py:3239} INFO - Sync 1 DAGs
[2026-06-16T00:37:34.036+0000] {logging_mixin.py:190} INFO - [2026-06-16T00:37:34.035+0000] {dag.py:4180} INFO - Setting next_dagrun for extract_raw_data_pipeline to 2026-06-15 07:00:00+00:00, run_after=2026-06-16 07:00:00+00:00
[2026-06-16T00:37:34.079+0000] {processor.py:208} INFO - Processing /opt/airflow/dags/driven_data_pipeline.py took 0.391 seconds
[2026-06-16T00:38:04.724+0000] {processor.py:186} INFO - Started process (PID=1649) to work on /opt/airflow/dags/driven_data_pipeline.py
[2026-06-16T00:38:04.727+0000] {processor.py:914} INFO - Processing file /opt/airflow/dags/driven_data_pipeline.py for tasks to queue
[2026-06-16T00:38:04.734+0000] {logging_mixin.py:190} INFO - [2026-06-16T00:38:04.733+0000] {dagbag.py:588} INFO - Filling up the DagBag from /opt/airflow/dags/driven_data_pipeline.py
[2026-06-16T00:38:05.001+0000] {processor.py:925} INFO - DAG(s) 'extract_raw_data_pipeline' retrieved from /opt/airflow/dags/driven_data_pipeline.py
[2026-06-16T00:38:05.035+0000] {logging_mixin.py:190} INFO - [2026-06-16T00:38:05.035+0000] {dag.py:3239} INFO - Sync 1 DAGs
[2026-06-16T00:38:05.069+0000] {logging_mixin.py:190} INFO - [2026-06-16T00:38:05.069+0000] {dag.py:4180} INFO - Setting next_dagrun for extract_raw_data_pipeline to 2026-06-15 07:00:00+00:00, run_after=2026-06-16 07:00:00+00:00
[2026-06-16T00:38:05.110+0000] {processor.py:208} INFO - Processing /opt/airflow/dags/driven_data_pipeline.py took 0.401 seconds
[2026-06-16T00:38:35.731+0000] {processor.py:186} INFO - Started process (PID=1659) to work on /opt/airflow/dags/driven_data_pipeline.py
[2026-06-16T00:38:35.733+0000] {processor.py:914} INFO - Processing file /opt/airflow/dags/driven_data_pipeline.py for tasks to queue
[2026-06-16T00:38:35.740+0000] {logging_mixin.py:190} INFO - [2026-06-16T00:38:35.739+0000] {dagbag.py:588} INFO - Filling up the DagBag from /opt/airflow/dags/driven_data_pipeline.py
[2026-06-16T00:38:36.024+0000] {processor.py:925} INFO - DAG(s) 'extract_raw_data_pipeline' retrieved from /opt/airflow/dags/driven_data_pipeline.py
[2026-06-16T00:38:36.066+0000] {logging_mixin.py:190} INFO - [2026-06-16T00:38:36.065+0000] {dag.py:3239} INFO - Sync 1 DAGs
[2026-06-16T00:38:36.103+0000] {logging_mixin.py:190} INFO - [2026-06-16T00:38:36.102+0000] {dag.py:4180} INFO - Setting next_dagrun for extract_raw_data_pipeline to 2026-06-15 07:00:00+00:00, run_after=2026-06-16 07:00:00+00:00
[2026-06-16T00:38:36.137+0000] {processor.py:208} INFO - Processing /opt/airflow/dags/driven_data_pipeline.py took 0.415 seconds
[2026-06-16T00:39:06.868+0000] {processor.py:186} INFO - Started process (PID=1669) to work on /opt/airflow/dags/driven_data_pipeline.py
[2026-06-16T00:39:06.870+0000] {processor.py:914} INFO - Processing file /opt/airflow/dags/driven_data_pipeline.py for tasks to queue
[2026-06-16T00:39:06.875+0000] {logging_mixin.py:190} INFO - [2026-06-16T00:39:06.874+0000] {dagbag.py:588} INFO - Filling up the DagBag from /opt/airflow/dags/driven_data_pipeline.py
[2026-06-16T00:39:07.192+0000] {processor.py:925} INFO - DAG(s) 'extract_raw_data_pipeline' retrieved from /opt/airflow/dags/driven_data_pipeline.py
[2026-06-16T00:39:07.247+0000] {logging_mixin.py:190} INFO - [2026-06-16T00:39:07.247+0000] {dag.py:3239} INFO - Sync 1 DAGs
[2026-06-16T00:39:07.299+0000] {logging_mixin.py:190} INFO - [2026-06-16T00:39:07.298+0000] {dag.py:4180} INFO - Setting next_dagrun for extract_raw_data_pipeline to 2026-06-15 07:00:00+00:00, run_after=2026-06-16 07:00:00+00:00
[2026-06-16T00:39:07.340+0000] {processor.py:208} INFO - Processing /opt/airflow/dags/driven_data_pipeline.py took 0.486 seconds
[2026-06-16T00:39:37.914+0000] {processor.py:186} INFO - Started process (PID=1679) to work on /opt/airflow/dags/driven_data_pipeline.py
[2026-06-16T00:39:37.915+0000] {processor.py:914} INFO - Processing file /opt/airflow/dags/driven_data_pipeline.py for tasks to queue
[2026-06-16T00:39:37.920+0000] {logging_mixin.py:190} INFO - [2026-06-16T00:39:37.920+0000] {dagbag.py:588} INFO - Filling up the DagBag from /opt/airflow/dags/driven_data_pipeline.py
[2026-06-16T00:39:38.202+0000] {processor.py:925} INFO - DAG(s) 'extract_raw_data_pipeline' retrieved from /opt/airflow/dags/driven_data_pipeline.py
[2026-06-16T00:39:38.232+0000] {logging_mixin.py:190} INFO - [2026-06-16T00:39:38.232+0000] {dag.py:3239} INFO - Sync 1 DAGs
[2026-06-16T00:39:38.252+0000] {logging_mixin.py:190} INFO - [2026-06-16T00:39:38.252+0000] {dag.py:4180} INFO - Setting next_dagrun for extract_raw_data_pipeline to 2026-06-15 07:00:00+00:00, run_after=2026-06-16 07:00:00+00:00
[2026-06-16T00:39:38.293+0000] {processor.py:208} INFO - Processing /opt/airflow/dags/driven_data_pipeline.py took 0.396 seconds
[2026-06-16T00:40:08.896+0000] {processor.py:186} INFO - Started process (PID=1689) to work on /opt/airflow/dags/driven_data_pipeline.py
[2026-06-16T00:40:08.898+0000] {processor.py:914} INFO - Processing file /opt/airflow/dags/driven_data_pipeline.py for tasks to queue
[2026-06-16T00:40:08.904+0000] {logging_mixin.py:190} INFO - [2026-06-16T00:40:08.903+0000] {dagbag.py:588} INFO - Filling up the DagBag from /opt/airflow/dags/driven_data_pipeline.py
[2026-06-16T00:40:09.180+0000] {processor.py:925} INFO - DAG(s) 'extract_raw_data_pipeline' retrieved from /opt/airflow/dags/driven_data_pipeline.py
[2026-06-16T00:40:09.206+0000] {logging_mixin.py:190} INFO - [2026-06-16T00:40:09.205+0000] {dag.py:3239} INFO - Sync 1 DAGs
[2026-06-16T00:40:09.230+0000] {logging_mixin.py:190} INFO - [2026-06-16T00:40:09.229+0000] {dag.py:4180} INFO - Setting next_dagrun for extract_raw_data_pipeline to 2026-06-15 07:00:00+00:00, run_after=2026-06-16 07:00:00+00:00
[2026-06-16T00:40:09.266+0000] {processor.py:208} INFO - Processing /opt/airflow/dags/driven_data_pipeline.py took 0.383 seconds
[2026-06-16T00:40:39.808+0000] {processor.py:186} INFO - Started process (PID=1699) to work on /opt/airflow/dags/driven_data_pipeline.py
[2026-06-16T00:40:39.810+0000] {processor.py:914} INFO - Processing file /opt/airflow/dags/driven_data_pipeline.py for tasks to queue
[2026-06-16T00:40:39.816+0000] {logging_mixin.py:190} INFO - [2026-06-16T00:40:39.815+0000] {dagbag.py:588} INFO - Filling up the DagBag from /opt/airflow/dags/driven_data_pipeline.py
[2026-06-16T00:40:40.085+0000] {processor.py:925} INFO - DAG(s) 'extract_raw_data_pipeline' retrieved from /opt/airflow/dags/driven_data_pipeline.py
[2026-06-16T00:40:40.114+0000] {logging_mixin.py:190} INFO - [2026-06-16T00:40:40.114+0000] {dag.py:3239} INFO - Sync 1 DAGs
[2026-06-16T00:40:40.140+0000] {logging_mixin.py:190} INFO - [2026-06-16T00:40:40.140+0000] {dag.py:4180} INFO - Setting next_dagrun for extract_raw_data_pipeline to 2026-06-15 07:00:00+00:00, run_after=2026-06-16 07:00:00+00:00
[2026-06-16T00:40:40.173+0000] {processor.py:208} INFO - Processing /opt/airflow/dags/driven_data_pipeline.py took 0.374 seconds
[2026-06-16T00:41:10.727+0000] {processor.py:186} INFO - Started process (PID=1709) to work on /opt/airflow/dags/driven_data_pipeline.py
[2026-06-16T00:41:10.728+0000] {processor.py:914} INFO - Processing file /opt/airflow/dags/driven_data_pipeline.py for tasks to queue
[2026-06-16T00:41:10.732+0000] {logging_mixin.py:190} INFO - [2026-06-16T00:41:10.731+0000] {dagbag.py:588} INFO - Filling up the DagBag from /opt/airflow/dags/driven_data_pipeline.py
[2026-06-16T00:41:10.956+0000] {processor.py:925} INFO - DAG(s) 'extract_raw_data_pipeline' retrieved from /opt/airflow/dags/driven_data_pipeline.py
[2026-06-16T00:41:10.986+0000] {logging_mixin.py:190} INFO - [2026-06-16T00:41:10.986+0000] {dag.py:3239} INFO - Sync 1 DAGs
[2026-06-16T00:41:11.013+0000] {logging_mixin.py:190} INFO - [2026-06-16T00:41:11.013+0000] {dag.py:4180} INFO - Setting next_dagrun for extract_raw_data_pipeline to 2026-06-15 07:00:00+00:00, run_after=2026-06-16 07:00:00+00:00
[2026-06-16T00:41:11.063+0000] {processor.py:208} INFO - Processing /opt/airflow/dags/driven_data_pipeline.py took 0.349 seconds
[2026-06-16T00:41:41.581+0000] {processor.py:186} INFO - Started process (PID=1719) to work on /opt/airflow/dags/driven_data_pipeline.py
[2026-06-16T00:41:41.582+0000] {processor.py:914} INFO - Processing file /opt/airflow/dags/driven_data_pipeline.py for tasks to queue
[2026-06-16T00:41:41.586+0000] {logging_mixin.py:190} INFO - [2026-06-16T00:41:41.585+0000] {dagbag.py:588} INFO - Filling up the DagBag from /opt/airflow/dags/driven_data_pipeline.py
[2026-06-16T00:41:41.839+0000] {processor.py:925} INFO - DAG(s) 'extract_raw_data_pipeline' retrieved from /opt/airflow/dags/driven_data_pipeline.py
[2026-06-16T00:41:41.874+0000] {logging_mixin.py:190} INFO - [2026-06-16T00:41:41.873+0000] {dag.py:3239} INFO - Sync 1 DAGs
[2026-06-16T00:41:41.898+0000] {logging_mixin.py:190} INFO - [2026-06-16T00:41:41.898+0000] {dag.py:4180} INFO - Setting next_dagrun for extract_raw_data_pipeline to 2026-06-15 07:00:00+00:00, run_after=2026-06-16 07:00:00+00:00
[2026-06-16T00:41:41.924+0000] {processor.py:208} INFO - Processing /opt/airflow/dags/driven_data_pipeline.py took 0.353 seconds
[2026-06-16T00:42:12.503+0000] {processor.py:186} INFO - Started process (PID=1729) to work on /opt/airflow/dags/driven_data_pipeline.py
[2026-06-16T00:42:12.506+0000] {processor.py:914} INFO - Processing file /opt/airflow/dags/driven_data_pipeline.py for tasks to queue
[2026-06-16T00:42:12.514+0000] {logging_mixin.py:190} INFO - [2026-06-16T00:42:12.513+0000] {dagbag.py:588} INFO - Filling up the DagBag from /opt/airflow/dags/driven_data_pipeline.py
[2026-06-16T00:42:12.782+0000] {processor.py:925} INFO - DAG(s) 'extract_raw_data_pipeline' retrieved from /opt/airflow/dags/driven_data_pipeline.py
[2026-06-16T00:42:12.811+0000] {logging_mixin.py:190} INFO - [2026-06-16T00:42:12.810+0000] {dag.py:3239} INFO - Sync 1 DAGs
[2026-06-16T00:42:12.839+0000] {logging_mixin.py:190} INFO - [2026-06-16T00:42:12.839+0000] {dag.py:4180} INFO - Setting next_dagrun for extract_raw_data_pipeline to 2026-06-15 07:00:00+00:00, run_after=2026-06-16 07:00:00+00:00
[2026-06-16T00:42:12.875+0000] {processor.py:208} INFO - Processing /opt/airflow/dags/driven_data_pipeline.py took 0.389 seconds
[2026-06-16T00:42:43.434+0000] {processor.py:186} INFO - Started process (PID=1739) to work on /opt/airflow/dags/driven_data_pipeline.py
[2026-06-16T00:42:43.436+0000] {processor.py:914} INFO - Processing file /opt/airflow/dags/driven_data_pipeline.py for tasks to queue
[2026-06-16T00:42:43.440+0000] {logging_mixin.py:190} INFO - [2026-06-16T00:42:43.439+0000] {dagbag.py:588} INFO - Filling up the DagBag from /opt/airflow/dags/driven_data_pipeline.py
[2026-06-16T00:42:43.755+0000] {processor.py:925} INFO - DAG(s) 'extract_raw_data_pipeline' retrieved from /opt/airflow/dags/driven_data_pipeline.py
[2026-06-16T00:42:43.789+0000] {logging_mixin.py:190} INFO - [2026-06-16T00:42:43.789+0000] {dag.py:3239} INFO - Sync 1 DAGs
[2026-06-16T00:42:43.831+0000] {logging_mixin.py:190} INFO - [2026-06-16T00:42:43.831+0000] {dag.py:4180} INFO - Setting next_dagrun for extract_raw_data_pipeline to 2026-06-15 07:00:00+00:00, run_after=2026-06-16 07:00:00+00:00
[2026-06-16T00:42:43.881+0000] {processor.py:208} INFO - Processing /opt/airflow/dags/driven_data_pipeline.py took 0.458 seconds
[2026-06-16T00:43:14.397+0000] {processor.py:186} INFO - Started process (PID=1749) to work on /opt/airflow/dags/driven_data_pipeline.py
[2026-06-16T00:43:14.398+0000] {processor.py:914} INFO - Processing file /opt/airflow/dags/driven_data_pipeline.py for tasks to queue
[2026-06-16T00:43:14.402+0000] {logging_mixin.py:190} INFO - [2026-06-16T00:43:14.401+0000] {dagbag.py:588} INFO - Filling up the DagBag from /opt/airflow/dags/driven_data_pipeline.py
[2026-06-16T00:43:14.644+0000] {processor.py:925} INFO - DAG(s) 'extract_raw_data_pipeline' retrieved from /opt/airflow/dags/driven_data_pipeline.py
[2026-06-16T00:43:14.673+0000] {logging_mixin.py:190} INFO - [2026-06-16T00:43:14.673+0000] {dag.py:3239} INFO - Sync 1 DAGs
[2026-06-16T00:43:14.696+0000] {logging_mixin.py:190} INFO - [2026-06-16T00:43:14.696+0000] {dag.py:4180} INFO - Setting next_dagrun for extract_raw_data_pipeline to 2026-06-15 07:00:00+00:00, run_after=2026-06-16 07:00:00+00:00
[2026-06-16T00:43:14.720+0000] {processor.py:208} INFO - Processing /opt/airflow/dags/driven_data_pipeline.py took 0.332 seconds
[2026-06-16T00:43:45.244+0000] {processor.py:186} INFO - Started process (PID=1759) to work on /opt/airflow/dags/driven_data_pipeline.py
[2026-06-16T00:43:45.247+0000] {processor.py:914} INFO - Processing file /opt/airflow/dags/driven_data_pipeline.py for tasks to queue
[2026-06-16T00:43:45.252+0000] {logging_mixin.py:190} INFO - [2026-06-16T00:43:45.251+0000] {dagbag.py:588} INFO - Filling up the DagBag from /opt/airflow/dags/driven_data_pipeline.py
[2026-06-16T00:43:45.493+0000] {processor.py:925} INFO - DAG(s) 'extract_raw_data_pipeline' retrieved from /opt/airflow/dags/driven_data_pipeline.py
[2026-06-16T00:43:45.526+0000] {logging_mixin.py:190} INFO - [2026-06-16T00:43:45.525+0000] {dag.py:3239} INFO - Sync 1 DAGs
[2026-06-16T00:43:45.550+0000] {logging_mixin.py:190} INFO - [2026-06-16T00:43:45.549+0000] {dag.py:4180} INFO - Setting next_dagrun for extract_raw_data_pipeline to 2026-06-15 07:00:00+00:00, run_after=2026-06-16 07:00:00+00:00
[2026-06-16T00:43:45.571+0000] {processor.py:208} INFO - Processing /opt/airflow/dags/driven_data_pipeline.py took 0.340 seconds
[2026-06-16T00:44:16.353+0000] {processor.py:186} INFO - Started process (PID=1769) to work on /opt/airflow/dags/driven_data_pipeline.py
[2026-06-16T00:44:16.358+0000] {processor.py:914} INFO - Processing file /opt/airflow/dags/driven_data_pipeline.py for tasks to queue
[2026-06-16T00:44:16.369+0000] {logging_mixin.py:190} INFO - [2026-06-16T00:44:16.367+0000] {dagbag.py:588} INFO - Filling up the DagBag from /opt/airflow/dags/driven_data_pipeline.py
[2026-06-16T00:44:16.633+0000] {processor.py:925} INFO - DAG(s) 'extract_raw_data_pipeline' retrieved from /opt/airflow/dags/driven_data_pipeline.py
[2026-06-16T00:44:16.659+0000] {logging_mixin.py:190} INFO - [2026-06-16T00:44:16.659+0000] {dag.py:3239} INFO - Sync 1 DAGs
[2026-06-16T00:44:16.681+0000] {logging_mixin.py:190} INFO - [2026-06-16T00:44:16.680+0000] {dag.py:4180} INFO - Setting next_dagrun for extract_raw_data_pipeline to 2026-06-15 07:00:00+00:00, run_after=2026-06-16 07:00:00+00:00
[2026-06-16T00:44:16.701+0000] {processor.py:208} INFO - Processing /opt/airflow/dags/driven_data_pipeline.py took 0.361 seconds
[2026-06-16T00:44:47.322+0000] {processor.py:186} INFO - Started process (PID=1779) to work on /opt/airflow/dags/driven_data_pipeline.py
[2026-06-16T00:44:47.325+0000] {processor.py:914} INFO - Processing file /opt/airflow/dags/driven_data_pipeline.py for tasks to queue
[2026-06-16T00:44:47.331+0000] {logging_mixin.py:190} INFO - [2026-06-16T00:44:47.330+0000] {dagbag.py:588} INFO - Filling up the DagBag from /opt/airflow/dags/driven_data_pipeline.py
[2026-06-16T00:44:47.590+0000] {processor.py:925} INFO - DAG(s) 'extract_raw_data_pipeline' retrieved from /opt/airflow/dags/driven_data_pipeline.py
[2026-06-16T00:44:47.616+0000] {logging_mixin.py:190} INFO - [2026-06-16T00:44:47.616+0000] {dag.py:3239} INFO - Sync 1 DAGs
[2026-06-16T00:44:47.645+0000] {logging_mixin.py:190} INFO - [2026-06-16T00:44:47.645+0000] {dag.py:4180} INFO - Setting next_dagrun for extract_raw_data_pipeline to 2026-06-15 07:00:00+00:00, run_after=2026-06-16 07:00:00+00:00
[2026-06-16T00:44:47.697+0000] {processor.py:208} INFO - Processing /opt/airflow/dags/driven_data_pipeline.py took 0.391 seconds
[2026-06-16T00:45:18.269+0000] {processor.py:186} INFO - Started process (PID=1789) to work on /opt/airflow/dags/driven_data_pipeline.py
[2026-06-16T00:45:18.272+0000] {processor.py:914} INFO - Processing file /opt/airflow/dags/driven_data_pipeline.py for tasks to queue
[2026-06-16T00:45:18.276+0000] {logging_mixin.py:190} INFO - [2026-06-16T00:45:18.276+0000] {dagbag.py:588} INFO - Filling up the DagBag from /opt/airflow/dags/driven_data_pipeline.py
[2026-06-16T00:45:18.560+0000] {processor.py:925} INFO - DAG(s) 'extract_raw_data_pipeline' retrieved from /opt/airflow/dags/driven_data_pipeline.py
[2026-06-16T00:45:18.596+0000] {logging_mixin.py:190} INFO - [2026-06-16T00:45:18.596+0000] {dag.py:3239} INFO - Sync 1 DAGs
[2026-06-16T00:45:18.624+0000] {logging_mixin.py:190} INFO - [2026-06-16T00:45:18.623+0000] {dag.py:4180} INFO - Setting next_dagrun for extract_raw_data_pipeline to 2026-06-15 07:00:00+00:00, run_after=2026-06-16 07:00:00+00:00
[2026-06-16T00:45:18.655+0000] {processor.py:208} INFO - Processing /opt/airflow/dags/driven_data_pipeline.py took 0.393 seconds
[2026-06-16T00:45:49.284+0000] {processor.py:186} INFO - Started process (PID=1799) to work on /opt/airflow/dags/driven_data_pipeline.py
[2026-06-16T00:45:49.286+0000] {processor.py:914} INFO - Processing file /opt/airflow/dags/driven_data_pipeline.py for tasks to queue
[2026-06-16T00:45:49.291+0000] {logging_mixin.py:190} INFO - [2026-06-16T00:45:49.291+0000] {dagbag.py:588} INFO - Filling up the DagBag from /opt/airflow/dags/driven_data_pipeline.py
[2026-06-16T00:45:49.581+0000] {processor.py:925} INFO - DAG(s) 'extract_raw_data_pipeline' retrieved from /opt/airflow/dags/driven_data_pipeline.py
[2026-06-16T00:45:49.641+0000] {logging_mixin.py:190} INFO - [2026-06-16T00:45:49.641+0000] {dag.py:3239} INFO - Sync 1 DAGs
[2026-06-16T00:45:49.680+0000] {logging_mixin.py:190} INFO - [2026-06-16T00:45:49.680+0000] {dag.py:4180} INFO - Setting next_dagrun for extract_raw_data_pipeline to 2026-06-15 07:00:00+00:00, run_after=2026-06-16 07:00:00+00:00
[2026-06-16T00:45:49.719+0000] {processor.py:208} INFO - Processing /opt/airflow/dags/driven_data_pipeline.py took 0.445 seconds
[2026-06-16T00:46:20.274+0000] {processor.py:186} INFO - Started process (PID=1809) to work on /opt/airflow/dags/driven_data_pipeline.py
[2026-06-16T00:46:20.277+0000] {processor.py:914} INFO - Processing file /opt/airflow/dags/driven_data_pipeline.py for tasks to queue
[2026-06-16T00:46:20.283+0000] {logging_mixin.py:190} INFO - [2026-06-16T00:46:20.282+0000] {dagbag.py:588} INFO - Filling up the DagBag from /opt/airflow/dags/driven_data_pipeline.py
[2026-06-16T00:46:20.607+0000] {processor.py:925} INFO - DAG(s) 'extract_raw_data_pipeline' retrieved from /opt/airflow/dags/driven_data_pipeline.py
[2026-06-16T00:46:20.633+0000] {logging_mixin.py:190} INFO - [2026-06-16T00:46:20.633+0000] {dag.py:3239} INFO - Sync 1 DAGs
[2026-06-16T00:46:20.657+0000] {logging_mixin.py:190} INFO - [2026-06-16T00:46:20.656+0000] {dag.py:4180} INFO - Setting next_dagrun for extract_raw_data_pipeline to 2026-06-15 07:00:00+00:00, run_after=2026-06-16 07:00:00+00:00
[2026-06-16T00:46:20.689+0000] {processor.py:208} INFO - Processing /opt/airflow/dags/driven_data_pipeline.py took 0.432 seconds
[2026-06-16T00:46:51.286+0000] {processor.py:186} INFO - Started process (PID=1819) to work on /opt/airflow/dags/driven_data_pipeline.py
[2026-06-16T00:46:51.289+0000] {processor.py:914} INFO - Processing file /opt/airflow/dags/driven_data_pipeline.py for tasks to queue
[2026-06-16T00:46:51.294+0000] {logging_mixin.py:190} INFO - [2026-06-16T00:46:51.293+0000] {dagbag.py:588} INFO - Filling up the DagBag from /opt/airflow/dags/driven_data_pipeline.py
[2026-06-16T00:46:51.634+0000] {processor.py:925} INFO - DAG(s) 'extract_raw_data_pipeline' retrieved from /opt/airflow/dags/driven_data_pipeline.py
[2026-06-16T00:46:51.666+0000] {logging_mixin.py:190} INFO - [2026-06-16T00:46:51.666+0000] {dag.py:3239} INFO - Sync 1 DAGs
[2026-06-16T00:46:51.698+0000] {logging_mixin.py:190} INFO - [2026-06-16T00:46:51.698+0000] {dag.py:4180} INFO - Setting next_dagrun for extract_raw_data_pipeline to 2026-06-15 07:00:00+00:00, run_after=2026-06-16 07:00:00+00:00
[2026-06-16T00:46:51.728+0000] {processor.py:208} INFO - Processing /opt/airflow/dags/driven_data_pipeline.py took 0.456 seconds
[2026-06-16T00:47:22.294+0000] {processor.py:186} INFO - Started process (PID=1829) to work on /opt/airflow/dags/driven_data_pipeline.py
[2026-06-16T00:47:22.298+0000] {processor.py:914} INFO - Processing file /opt/airflow/dags/driven_data_pipeline.py for tasks to queue
[2026-06-16T00:47:22.303+0000] {logging_mixin.py:190} INFO - [2026-06-16T00:47:22.302+0000] {dagbag.py:588} INFO - Filling up the DagBag from /opt/airflow/dags/driven_data_pipeline.py
[2026-06-16T00:47:22.593+0000] {processor.py:925} INFO - DAG(s) 'extract_raw_data_pipeline' retrieved from /opt/airflow/dags/driven_data_pipeline.py
[2026-06-16T00:47:22.628+0000] {logging_mixin.py:190} INFO - [2026-06-16T00:47:22.627+0000] {dag.py:3239} INFO - Sync 1 DAGs
[2026-06-16T00:47:22.658+0000] {logging_mixin.py:190} INFO - [2026-06-16T00:47:22.657+0000] {dag.py:4180} INFO - Setting next_dagrun for extract_raw_data_pipeline to 2026-06-15 07:00:00+00:00, run_after=2026-06-16 07:00:00+00:00
[2026-06-16T00:47:22.699+0000] {processor.py:208} INFO - Processing /opt/airflow/dags/driven_data_pipeline.py took 0.414 seconds
[2026-06-16T00:47:53.245+0000] {processor.py:186} INFO - Started process (PID=1840) to work on /opt/airflow/dags/driven_data_pipeline.py
[2026-06-16T00:47:53.247+0000] {processor.py:914} INFO - Processing file /opt/airflow/dags/driven_data_pipeline.py for tasks to queue
[2026-06-16T00:47:53.255+0000] {logging_mixin.py:190} INFO - [2026-06-16T00:47:53.254+0000] {dagbag.py:588} INFO - Filling up the DagBag from /opt/airflow/dags/driven_data_pipeline.py
[2026-06-16T00:47:53.512+0000] {processor.py:925} INFO - DAG(s) 'extract_raw_data_pipeline' retrieved from /opt/airflow/dags/driven_data_pipeline.py
[2026-06-16T00:47:53.545+0000] {logging_mixin.py:190} INFO - [2026-06-16T00:47:53.544+0000] {dag.py:3239} INFO - Sync 1 DAGs
[2026-06-16T00:47:53.586+0000] {logging_mixin.py:190} INFO - [2026-06-16T00:47:53.586+0000] {dag.py:4180} INFO - Setting next_dagrun for extract_raw_data_pipeline to 2026-06-15 07:00:00+00:00, run_after=2026-06-16 07:00:00+00:00
[2026-06-16T00:47:53.628+0000] {processor.py:208} INFO - Processing /opt/airflow/dags/driven_data_pipeline.py took 0.400 seconds
[2026-06-16T00:48:24.125+0000] {processor.py:186} INFO - Started process (PID=1850) to work on /opt/airflow/dags/driven_data_pipeline.py
[2026-06-16T00:48:24.127+0000] {processor.py:914} INFO - Processing file /opt/airflow/dags/driven_data_pipeline.py for tasks to queue
[2026-06-16T00:48:24.131+0000] {logging_mixin.py:190} INFO - [2026-06-16T00:48:24.131+0000] {dagbag.py:588} INFO - Filling up the DagBag from /opt/airflow/dags/driven_data_pipeline.py
[2026-06-16T00:48:24.529+0000] {processor.py:925} INFO - DAG(s) 'extract_raw_data_pipeline' retrieved from /opt/airflow/dags/driven_data_pipeline.py
[2026-06-16T00:48:24.564+0000] {logging_mixin.py:190} INFO - [2026-06-16T00:48:24.563+0000] {dag.py:3239} INFO - Sync 1 DAGs
[2026-06-16T00:48:24.591+0000] {logging_mixin.py:190} INFO - [2026-06-16T00:48:24.591+0000] {dag.py:4180} INFO - Setting next_dagrun for extract_raw_data_pipeline to 2026-06-15 07:00:00+00:00, run_after=2026-06-16 07:00:00+00:00
[2026-06-16T00:48:24.616+0000] {processor.py:208} INFO - Processing /opt/airflow/dags/driven_data_pipeline.py took 0.507 seconds
[2026-06-16T00:48:55.320+0000] {processor.py:186} INFO - Started process (PID=1860) to work on /opt/airflow/dags/driven_data_pipeline.py
[2026-06-16T00:48:55.323+0000] {processor.py:914} INFO - Processing file /opt/airflow/dags/driven_data_pipeline.py for tasks to queue
[2026-06-16T00:48:55.329+0000] {logging_mixin.py:190} INFO - [2026-06-16T00:48:55.328+0000] {dagbag.py:588} INFO - Filling up the DagBag from /opt/airflow/dags/driven_data_pipeline.py
[2026-06-16T00:48:55.655+0000] {processor.py:925} INFO - DAG(s) 'extract_raw_data_pipeline' retrieved from /opt/airflow/dags/driven_data_pipeline.py
[2026-06-16T00:48:55.683+0000] {logging_mixin.py:190} INFO - [2026-06-16T00:48:55.683+0000] {dag.py:3239} INFO - Sync 1 DAGs
[2026-06-16T00:48:55.708+0000] {logging_mixin.py:190} INFO - [2026-06-16T00:48:55.708+0000] {dag.py:4180} INFO - Setting next_dagrun for extract_raw_data_pipeline to 2026-06-15 07:00:00+00:00, run_after=2026-06-16 07:00:00+00:00
[2026-06-16T00:48:55.740+0000] {processor.py:208} INFO - Processing /opt/airflow/dags/driven_data_pipeline.py took 0.435 seconds
[2026-06-16T00:49:26.286+0000] {processor.py:186} INFO - Started process (PID=1870) to work on /opt/airflow/dags/driven_data_pipeline.py
[2026-06-16T00:49:26.287+0000] {processor.py:914} INFO - Processing file /opt/airflow/dags/driven_data_pipeline.py for tasks to queue
[2026-06-16T00:49:26.291+0000] {logging_mixin.py:190} INFO - [2026-06-16T00:49:26.291+0000] {dagbag.py:588} INFO - Filling up the DagBag from /opt/airflow/dags/driven_data_pipeline.py
[2026-06-16T00:49:26.667+0000] {processor.py:925} INFO - DAG(s) 'extract_raw_data_pipeline' retrieved from /opt/airflow/dags/driven_data_pipeline.py
[2026-06-16T00:49:26.706+0000] {logging_mixin.py:190} INFO - [2026-06-16T00:49:26.706+0000] {dag.py:3239} INFO - Sync 1 DAGs
[2026-06-16T00:49:26.744+0000] {logging_mixin.py:190} INFO - [2026-06-16T00:49:26.744+0000] {dag.py:4180} INFO - Setting next_dagrun for extract_raw_data_pipeline to 2026-06-15 07:00:00+00:00, run_after=2026-06-16 07:00:00+00:00
[2026-06-16T00:49:26.777+0000] {processor.py:208} INFO - Processing /opt/airflow/dags/driven_data_pipeline.py took 0.501 seconds
[2026-06-16T00:49:57.285+0000] {processor.py:186} INFO - Started process (PID=1880) to work on /opt/airflow/dags/driven_data_pipeline.py
[2026-06-16T00:49:57.288+0000] {processor.py:914} INFO - Processing file /opt/airflow/dags/driven_data_pipeline.py for tasks to queue
[2026-06-16T00:49:57.294+0000] {logging_mixin.py:190} INFO - [2026-06-16T00:49:57.293+0000] {dagbag.py:588} INFO - Filling up the DagBag from /opt/airflow/dags/driven_data_pipeline.py
[2026-06-16T00:49:57.553+0000] {processor.py:925} INFO - DAG(s) 'extract_raw_data_pipeline' retrieved from /opt/airflow/dags/driven_data_pipeline.py
[2026-06-16T00:49:57.584+0000] {logging_mixin.py:190} INFO - [2026-06-16T00:49:57.584+0000] {dag.py:3239} INFO - Sync 1 DAGs
[2026-06-16T00:49:57.613+0000] {logging_mixin.py:190} INFO - [2026-06-16T00:49:57.613+0000] {dag.py:4180} INFO - Setting next_dagrun for extract_raw_data_pipeline to 2026-06-15 07:00:00+00:00, run_after=2026-06-16 07:00:00+00:00
[2026-06-16T00:49:57.647+0000] {processor.py:208} INFO - Processing /opt/airflow/dags/driven_data_pipeline.py took 0.380 seconds
[2026-06-16T00:50:28.231+0000] {processor.py:186} INFO - Started process (PID=1890) to work on /opt/airflow/dags/driven_data_pipeline.py
[2026-06-16T00:50:28.233+0000] {processor.py:914} INFO - Processing file /opt/airflow/dags/driven_data_pipeline.py for tasks to queue
[2026-06-16T00:50:28.239+0000] {logging_mixin.py:190} INFO - [2026-06-16T00:50:28.238+0000] {dagbag.py:588} INFO - Filling up the DagBag from /opt/airflow/dags/driven_data_pipeline.py
[2026-06-16T00:50:28.541+0000] {processor.py:925} INFO - DAG(s) 'extract_raw_data_pipeline' retrieved from /opt/airflow/dags/driven_data_pipeline.py
[2026-06-16T00:50:28.574+0000] {logging_mixin.py:190} INFO - [2026-06-16T00:50:28.574+0000] {dag.py:3239} INFO - Sync 1 DAGs
[2026-06-16T00:50:28.604+0000] {logging_mixin.py:190} INFO - [2026-06-16T00:50:28.604+0000] {dag.py:4180} INFO - Setting next_dagrun for extract_raw_data_pipeline to 2026-06-15 07:00:00+00:00, run_after=2026-06-16 07:00:00+00:00
[2026-06-16T00:50:28.644+0000] {processor.py:208} INFO - Processing /opt/airflow/dags/driven_data_pipeline.py took 0.425 seconds
[2026-06-16T00:50:59.127+0000] {processor.py:186} INFO - Started process (PID=1906) to work on /opt/airflow/dags/driven_data_pipeline.py
[2026-06-16T00:50:59.129+0000] {processor.py:914} INFO - Processing file /opt/airflow/dags/driven_data_pipeline.py for tasks to queue
[2026-06-16T00:50:59.132+0000] {logging_mixin.py:190} INFO - [2026-06-16T00:50:59.131+0000] {dagbag.py:588} INFO - Filling up the DagBag from /opt/airflow/dags/driven_data_pipeline.py
[2026-06-16T00:50:59.366+0000] {processor.py:925} INFO - DAG(s) 'extract_raw_data_pipeline' retrieved from /opt/airflow/dags/driven_data_pipeline.py
[2026-06-16T00:50:59.389+0000] {logging_mixin.py:190} INFO - [2026-06-16T00:50:59.389+0000] {dag.py:3239} INFO - Sync 1 DAGs
[2026-06-16T00:50:59.409+0000] {logging_mixin.py:190} INFO - [2026-06-16T00:50:59.409+0000] {dag.py:4180} INFO - Setting next_dagrun for extract_raw_data_pipeline to 2026-06-15 07:00:00+00:00, run_after=2026-06-16 07:00:00+00:00
[2026-06-16T00:50:59.438+0000] {processor.py:208} INFO - Processing /opt/airflow/dags/driven_data_pipeline.py took 0.317 seconds
[2026-06-16T00:51:30.029+0000] {processor.py:186} INFO - Started process (PID=1915) to work on /opt/airflow/dags/driven_data_pipeline.py
[2026-06-16T00:51:30.031+0000] {processor.py:914} INFO - Processing file /opt/airflow/dags/driven_data_pipeline.py for tasks to queue
[2026-06-16T00:51:30.036+0000] {logging_mixin.py:190} INFO - [2026-06-16T00:51:30.035+0000] {dagbag.py:588} INFO - Filling up the DagBag from /opt/airflow/dags/driven_data_pipeline.py
[2026-06-16T00:51:30.275+0000] {processor.py:925} INFO - DAG(s) 'extract_raw_data_pipeline' retrieved from /opt/airflow/dags/driven_data_pipeline.py
[2026-06-16T00:51:30.303+0000] {logging_mixin.py:190} INFO - [2026-06-16T00:51:30.302+0000] {dag.py:3239} INFO - Sync 1 DAGs
[2026-06-16T00:51:30.332+0000] {logging_mixin.py:190} INFO - [2026-06-16T00:51:30.331+0000] {dag.py:4180} INFO - Setting next_dagrun for extract_raw_data_pipeline to 2026-06-15 07:00:00+00:00, run_after=2026-06-16 07:00:00+00:00
[2026-06-16T00:51:30.375+0000] {processor.py:208} INFO - Processing /opt/airflow/dags/driven_data_pipeline.py took 0.365 seconds
[2026-06-16T00:52:00.874+0000] {processor.py:186} INFO - Started process (PID=1925) to work on /opt/airflow/dags/driven_data_pipeline.py
[2026-06-16T00:52:00.876+0000] {processor.py:914} INFO - Processing file /opt/airflow/dags/driven_data_pipeline.py for tasks to queue
[2026-06-16T00:52:00.878+0000] {logging_mixin.py:190} INFO - [2026-06-16T00:52:00.878+0000] {dagbag.py:588} INFO - Filling up the DagBag from /opt/airflow/dags/driven_data_pipeline.py
[2026-06-16T00:52:01.099+0000] {processor.py:925} INFO - DAG(s) 'extract_raw_data_pipeline' retrieved from /opt/airflow/dags/driven_data_pipeline.py
[2026-06-16T00:52:01.124+0000] {logging_mixin.py:190} INFO - [2026-06-16T00:52:01.123+0000] {dag.py:3239} INFO - Sync 1 DAGs
[2026-06-16T00:52:01.145+0000] {logging_mixin.py:190} INFO - [2026-06-16T00:52:01.144+0000] {dag.py:4180} INFO - Setting next_dagrun for extract_raw_data_pipeline to 2026-06-15 07:00:00+00:00, run_after=2026-06-16 07:00:00+00:00
[2026-06-16T00:52:01.182+0000] {processor.py:208} INFO - Processing /opt/airflow/dags/driven_data_pipeline.py took 0.315 seconds
[2026-06-16T00:52:31.769+0000] {processor.py:186} INFO - Started process (PID=1936) to work on /opt/airflow/dags/driven_data_pipeline.py
[2026-06-16T00:52:31.771+0000] {processor.py:914} INFO - Processing file /opt/airflow/dags/driven_data_pipeline.py for tasks to queue
[2026-06-16T00:52:31.778+0000] {logging_mixin.py:190} INFO - [2026-06-16T00:52:31.777+0000] {dagbag.py:588} INFO - Filling up the DagBag from /opt/airflow/dags/driven_data_pipeline.py
[2026-06-16T00:52:32.058+0000] {processor.py:925} INFO - DAG(s) 'extract_raw_data_pipeline' retrieved from /opt/airflow/dags/driven_data_pipeline.py
[2026-06-16T00:52:32.085+0000] {logging_mixin.py:190} INFO - [2026-06-16T00:52:32.085+0000] {dag.py:3239} INFO - Sync 1 DAGs
[2026-06-16T00:52:32.108+0000] {logging_mixin.py:190} INFO - [2026-06-16T00:52:32.108+0000] {dag.py:4180} INFO - Setting next_dagrun for extract_raw_data_pipeline to 2026-06-15 07:00:00+00:00, run_after=2026-06-16 07:00:00+00:00
[2026-06-16T00:52:32.146+0000] {processor.py:208} INFO - Processing /opt/airflow/dags/driven_data_pipeline.py took 0.389 seconds
[2026-06-16T00:53:02.708+0000] {processor.py:186} INFO - Started process (PID=1946) to work on /opt/airflow/dags/driven_data_pipeline.py
[2026-06-16T00:53:02.711+0000] {processor.py:914} INFO - Processing file /opt/airflow/dags/driven_data_pipeline.py for tasks to queue
[2026-06-16T00:53:02.717+0000] {logging_mixin.py:190} INFO - [2026-06-16T00:53:02.716+0000] {dagbag.py:588} INFO - Filling up the DagBag from /opt/airflow/dags/driven_data_pipeline.py
[2026-06-16T00:53:03.018+0000] {processor.py:925} INFO - DAG(s) 'extract_raw_data_pipeline' retrieved from /opt/airflow/dags/driven_data_pipeline.py
[2026-06-16T00:53:03.050+0000] {logging_mixin.py:190} INFO - [2026-06-16T00:53:03.050+0000] {dag.py:3239} INFO - Sync 1 DAGs
[2026-06-16T00:53:03.102+0000] {logging_mixin.py:190} INFO - [2026-06-16T00:53:03.101+0000] {dag.py:4180} INFO - Setting next_dagrun for extract_raw_data_pipeline to 2026-06-15 07:00:00+00:00, run_after=2026-06-16 07:00:00+00:00
[2026-06-16T00:53:03.147+0000] {processor.py:208} INFO - Processing /opt/airflow/dags/driven_data_pipeline.py took 0.453 seconds
[2026-06-16T00:53:33.684+0000] {processor.py:186} INFO - Started process (PID=1956) to work on /opt/airflow/dags/driven_data_pipeline.py
[2026-06-16T00:53:33.688+0000] {processor.py:914} INFO - Processing file /opt/airflow/dags/driven_data_pipeline.py for tasks to queue
[2026-06-16T00:53:33.693+0000] {logging_mixin.py:190} INFO - [2026-06-16T00:53:33.693+0000] {dagbag.py:588} INFO - Filling up the DagBag from /opt/airflow/dags/driven_data_pipeline.py
[2026-06-16T00:53:34.010+0000] {processor.py:925} INFO - DAG(s) 'extract_raw_data_pipeline' retrieved from /opt/airflow/dags/driven_data_pipeline.py
[2026-06-16T00:53:34.037+0000] {logging_mixin.py:190} INFO - [2026-06-16T00:53:34.037+0000] {dag.py:3239} INFO - Sync 1 DAGs
[2026-06-16T00:53:34.071+0000] {logging_mixin.py:190} INFO - [2026-06-16T00:53:34.070+0000] {dag.py:4180} INFO - Setting next_dagrun for extract_raw_data_pipeline to 2026-06-15 07:00:00+00:00, run_after=2026-06-16 07:00:00+00:00
[2026-06-16T00:53:34.125+0000] {processor.py:208} INFO - Processing /opt/airflow/dags/driven_data_pipeline.py took 0.454 seconds
[2026-06-16T00:54:04.854+0000] {processor.py:186} INFO - Started process (PID=1966) to work on /opt/airflow/dags/driven_data_pipeline.py
[2026-06-16T00:54:04.857+0000] {processor.py:914} INFO - Processing file /opt/airflow/dags/driven_data_pipeline.py for tasks to queue
[2026-06-16T00:54:04.864+0000] {logging_mixin.py:190} INFO - [2026-06-16T00:54:04.863+0000] {dagbag.py:588} INFO - Filling up the DagBag from /opt/airflow/dags/driven_data_pipeline.py
[2026-06-16T00:54:05.131+0000] {processor.py:925} INFO - DAG(s) 'extract_raw_data_pipeline' retrieved from /opt/airflow/dags/driven_data_pipeline.py
[2026-06-16T00:54:05.161+0000] {logging_mixin.py:190} INFO - [2026-06-16T00:54:05.161+0000] {dag.py:3239} INFO - Sync 1 DAGs
[2026-06-16T00:54:05.196+0000] {logging_mixin.py:190} INFO - [2026-06-16T00:54:05.196+0000] {dag.py:4180} INFO - Setting next_dagrun for extract_raw_data_pipeline to 2026-06-15 07:00:00+00:00, run_after=2026-06-16 07:00:00+00:00
[2026-06-16T00:54:05.239+0000] {processor.py:208} INFO - Processing /opt/airflow/dags/driven_data_pipeline.py took 0.400 seconds
[2026-06-16T00:54:35.854+0000] {processor.py:186} INFO - Started process (PID=1976) to work on /opt/airflow/dags/driven_data_pipeline.py
[2026-06-16T00:54:35.857+0000] {processor.py:914} INFO - Processing file /opt/airflow/dags/driven_data_pipeline.py for tasks to queue
[2026-06-16T00:54:35.862+0000] {logging_mixin.py:190} INFO - [2026-06-16T00:54:35.861+0000] {dagbag.py:588} INFO - Filling up the DagBag from /opt/airflow/dags/driven_data_pipeline.py
[2026-06-16T00:54:36.184+0000] {processor.py:925} INFO - DAG(s) 'extract_raw_data_pipeline' retrieved from /opt/airflow/dags/driven_data_pipeline.py
[2026-06-16T00:54:36.217+0000] {logging_mixin.py:190} INFO - [2026-06-16T00:54:36.217+0000] {dag.py:3239} INFO - Sync 1 DAGs
[2026-06-16T00:54:36.242+0000] {logging_mixin.py:190} INFO - [2026-06-16T00:54:36.242+0000] {dag.py:4180} INFO - Setting next_dagrun for extract_raw_data_pipeline to 2026-06-15 07:00:00+00:00, run_after=2026-06-16 07:00:00+00:00
[2026-06-16T00:54:36.282+0000] {processor.py:208} INFO - Processing /opt/airflow/dags/driven_data_pipeline.py took 0.442 seconds
[2026-06-16T00:55:06.802+0000] {processor.py:186} INFO - Started process (PID=1986) to work on /opt/airflow/dags/driven_data_pipeline.py
[2026-06-16T00:55:06.804+0000] {processor.py:914} INFO - Processing file /opt/airflow/dags/driven_data_pipeline.py for tasks to queue
[2026-06-16T00:55:06.810+0000] {logging_mixin.py:190} INFO - [2026-06-16T00:55:06.809+0000] {dagbag.py:588} INFO - Filling up the DagBag from /opt/airflow/dags/driven_data_pipeline.py
[2026-06-16T00:55:07.065+0000] {processor.py:925} INFO - DAG(s) 'extract_raw_data_pipeline' retrieved from /opt/airflow/dags/driven_data_pipeline.py
[2026-06-16T00:55:07.101+0000] {logging_mixin.py:190} INFO - [2026-06-16T00:55:07.101+0000] {dag.py:3239} INFO - Sync 1 DAGs
[2026-06-16T00:55:07.122+0000] {logging_mixin.py:190} INFO - [2026-06-16T00:55:07.122+0000] {dag.py:4180} INFO - Setting next_dagrun for extract_raw_data_pipeline to 2026-06-15 07:00:00+00:00, run_after=2026-06-16 07:00:00+00:00
[2026-06-16T00:55:07.143+0000] {processor.py:208} INFO - Processing /opt/airflow/dags/driven_data_pipeline.py took 0.355 seconds
[2026-06-16T00:55:37.687+0000] {processor.py:186} INFO - Started process (PID=1996) to work on /opt/airflow/dags/driven_data_pipeline.py
[2026-06-16T00:55:37.688+0000] {processor.py:914} INFO - Processing file /opt/airflow/dags/driven_data_pipeline.py for tasks to queue
[2026-06-16T00:55:37.691+0000] {logging_mixin.py:190} INFO - [2026-06-16T00:55:37.691+0000] {dagbag.py:588} INFO - Filling up the DagBag from /opt/airflow/dags/driven_data_pipeline.py
[2026-06-16T00:55:37.913+0000] {processor.py:925} INFO - DAG(s) 'extract_raw_data_pipeline' retrieved from /opt/airflow/dags/driven_data_pipeline.py
[2026-06-16T00:55:37.935+0000] {logging_mixin.py:190} INFO - [2026-06-16T00:55:37.935+0000] {dag.py:3239} INFO - Sync 1 DAGs
[2026-06-16T00:55:37.959+0000] {logging_mixin.py:190} INFO - [2026-06-16T00:55:37.959+0000] {dag.py:4180} INFO - Setting next_dagrun for extract_raw_data_pipeline to 2026-06-15 07:00:00+00:00, run_after=2026-06-16 07:00:00+00:00
[2026-06-16T00:55:37.985+0000] {processor.py:208} INFO - Processing /opt/airflow/dags/driven_data_pipeline.py took 0.308 seconds
[2026-06-16T00:56:08.626+0000] {processor.py:186} INFO - Started process (PID=2006) to work on /opt/airflow/dags/driven_data_pipeline.py
[2026-06-16T00:56:08.629+0000] {processor.py:914} INFO - Processing file /opt/airflow/dags/driven_data_pipeline.py for tasks to queue
[2026-06-16T00:56:08.635+0000] {logging_mixin.py:190} INFO - [2026-06-16T00:56:08.634+0000] {dagbag.py:588} INFO - Filling up the DagBag from /opt/airflow/dags/driven_data_pipeline.py
[2026-06-16T00:56:08.913+0000] {processor.py:925} INFO - DAG(s) 'extract_raw_data_pipeline' retrieved from /opt/airflow/dags/driven_data_pipeline.py
[2026-06-16T00:56:08.957+0000] {logging_mixin.py:190} INFO - [2026-06-16T00:56:08.956+0000] {dag.py:3239} INFO - Sync 1 DAGs
[2026-06-16T00:56:09.003+0000] {logging_mixin.py:190} INFO - [2026-06-16T00:56:09.002+0000] {dag.py:4180} INFO - Setting next_dagrun for extract_raw_data_pipeline to 2026-06-15 07:00:00+00:00, run_after=2026-06-16 07:00:00+00:00
[2026-06-16T00:56:09.053+0000] {processor.py:208} INFO - Processing /opt/airflow/dags/driven_data_pipeline.py took 0.439 seconds
[2026-06-16T00:56:39.601+0000] {processor.py:186} INFO - Started process (PID=2016) to work on /opt/airflow/dags/driven_data_pipeline.py
[2026-06-16T00:56:39.604+0000] {processor.py:914} INFO - Processing file /opt/airflow/dags/driven_data_pipeline.py for tasks to queue
[2026-06-16T00:56:39.608+0000] {logging_mixin.py:190} INFO - [2026-06-16T00:56:39.608+0000] {dagbag.py:588} INFO - Filling up the DagBag from /opt/airflow/dags/driven_data_pipeline.py
[2026-06-16T00:56:39.809+0000] {processor.py:925} INFO - DAG(s) 'extract_raw_data_pipeline' retrieved from /opt/airflow/dags/driven_data_pipeline.py
[2026-06-16T00:56:39.835+0000] {logging_mixin.py:190} INFO - [2026-06-16T00:56:39.835+0000] {dag.py:3239} INFO - Sync 1 DAGs
[2026-06-16T00:56:39.860+0000] {logging_mixin.py:190} INFO - [2026-06-16T00:56:39.859+0000] {dag.py:4180} INFO - Setting next_dagrun for extract_raw_data_pipeline to 2026-06-15 07:00:00+00:00, run_after=2026-06-16 07:00:00+00:00
[2026-06-16T00:56:39.890+0000] {processor.py:208} INFO - Processing /opt/airflow/dags/driven_data_pipeline.py took 0.305 seconds
[2026-06-16T00:57:10.523+0000] {processor.py:186} INFO - Started process (PID=2026) to work on /opt/airflow/dags/driven_data_pipeline.py
[2026-06-16T00:57:10.526+0000] {processor.py:914} INFO - Processing file /opt/airflow/dags/driven_data_pipeline.py for tasks to queue
[2026-06-16T00:57:10.532+0000] {logging_mixin.py:190} INFO - [2026-06-16T00:57:10.531+0000] {dagbag.py:588} INFO - Filling up the DagBag from /opt/airflow/dags/driven_data_pipeline.py
[2026-06-16T00:57:10.823+0000] {processor.py:925} INFO - DAG(s) 'extract_raw_data_pipeline' retrieved from /opt/airflow/dags/driven_data_pipeline.py
[2026-06-16T00:57:10.850+0000] {logging_mixin.py:190} INFO - [2026-06-16T00:57:10.850+0000] {dag.py:3239} INFO - Sync 1 DAGs
[2026-06-16T00:57:10.880+0000] {logging_mixin.py:190} INFO - [2026-06-16T00:57:10.880+0000] {dag.py:4180} INFO - Setting next_dagrun for extract_raw_data_pipeline to 2026-06-15 07:00:00+00:00, run_after=2026-06-16 07:00:00+00:00
[2026-06-16T00:57:10.921+0000] {processor.py:208} INFO - Processing /opt/airflow/dags/driven_data_pipeline.py took 0.412 seconds
[2026-06-16T00:57:41.521+0000] {processor.py:186} INFO - Started process (PID=2036) to work on /opt/airflow/dags/driven_data_pipeline.py
[2026-06-16T00:57:41.523+0000] {processor.py:914} INFO - Processing file /opt/airflow/dags/driven_data_pipeline.py for tasks to queue
[2026-06-16T00:57:41.529+0000] {logging_mixin.py:190} INFO - [2026-06-16T00:57:41.528+0000] {dagbag.py:588} INFO - Filling up the DagBag from /opt/airflow/dags/driven_data_pipeline.py
[2026-06-16T00:57:41.854+0000] {processor.py:925} INFO - DAG(s) 'extract_raw_data_pipeline' retrieved from /opt/airflow/dags/driven_data_pipeline.py
[2026-06-16T00:57:41.883+0000] {logging_mixin.py:190} INFO - [2026-06-16T00:57:41.883+0000] {dag.py:3239} INFO - Sync 1 DAGs
[2026-06-16T00:57:41.918+0000] {logging_mixin.py:190} INFO - [2026-06-16T00:57:41.917+0000] {dag.py:4180} INFO - Setting next_dagrun for extract_raw_data_pipeline to 2026-06-15 07:00:00+00:00, run_after=2026-06-16 07:00:00+00:00
[2026-06-16T00:57:41.965+0000] {processor.py:208} INFO - Processing /opt/airflow/dags/driven_data_pipeline.py took 0.459 seconds
[2026-06-16T00:58:12.497+0000] {processor.py:186} INFO - Started process (PID=2046) to work on /opt/airflow/dags/driven_data_pipeline.py
[2026-06-16T00:58:12.500+0000] {processor.py:914} INFO - Processing file /opt/airflow/dags/driven_data_pipeline.py for tasks to queue
[2026-06-16T00:58:12.511+0000] {logging_mixin.py:190} INFO - [2026-06-16T00:58:12.510+0000] {dagbag.py:588} INFO - Filling up the DagBag from /opt/airflow/dags/driven_data_pipeline.py
[2026-06-16T00:58:12.874+0000] {processor.py:925} INFO - DAG(s) 'extract_raw_data_pipeline' retrieved from /opt/airflow/dags/driven_data_pipeline.py
[2026-06-16T00:58:12.908+0000] {logging_mixin.py:190} INFO - [2026-06-16T00:58:12.908+0000] {dag.py:3239} INFO - Sync 1 DAGs
[2026-06-16T00:58:12.936+0000] {logging_mixin.py:190} INFO - [2026-06-16T00:58:12.936+0000] {dag.py:4180} INFO - Setting next_dagrun for extract_raw_data_pipeline to 2026-06-15 07:00:00+00:00, run_after=2026-06-16 07:00:00+00:00
[2026-06-16T00:58:12.976+0000] {processor.py:208} INFO - Processing /opt/airflow/dags/driven_data_pipeline.py took 0.495 seconds
[2026-06-16T00:58:43.569+0000] {processor.py:186} INFO - Started process (PID=2056) to work on /opt/airflow/dags/driven_data_pipeline.py
[2026-06-16T00:58:43.572+0000] {processor.py:914} INFO - Processing file /opt/airflow/dags/driven_data_pipeline.py for tasks to queue
[2026-06-16T00:58:43.581+0000] {logging_mixin.py:190} INFO - [2026-06-16T00:58:43.580+0000] {dagbag.py:588} INFO - Filling up the DagBag from /opt/airflow/dags/driven_data_pipeline.py
[2026-06-16T00:58:43.893+0000] {processor.py:925} INFO - DAG(s) 'extract_raw_data_pipeline' retrieved from /opt/airflow/dags/driven_data_pipeline.py
[2026-06-16T00:58:43.924+0000] {logging_mixin.py:190} INFO - [2026-06-16T00:58:43.923+0000] {dag.py:3239} INFO - Sync 1 DAGs
[2026-06-16T00:58:43.956+0000] {logging_mixin.py:190} INFO - [2026-06-16T00:58:43.956+0000] {dag.py:4180} INFO - Setting next_dagrun for extract_raw_data_pipeline to 2026-06-15 07:00:00+00:00, run_after=2026-06-16 07:00:00+00:00
[2026-06-16T00:58:43.992+0000] {processor.py:208} INFO - Processing /opt/airflow/dags/driven_data_pipeline.py took 0.438 seconds
[2026-06-16T00:59:14.667+0000] {processor.py:186} INFO - Started process (PID=2066) to work on /opt/airflow/dags/driven_data_pipeline.py
[2026-06-16T00:59:14.669+0000] {processor.py:914} INFO - Processing file /opt/airflow/dags/driven_data_pipeline.py for tasks to queue
[2026-06-16T00:59:14.673+0000] {logging_mixin.py:190} INFO - [2026-06-16T00:59:14.672+0000] {dagbag.py:588} INFO - Filling up the DagBag from /opt/airflow/dags/driven_data_pipeline.py
[2026-06-16T00:59:14.976+0000] {processor.py:925} INFO - DAG(s) 'extract_raw_data_pipeline' retrieved from /opt/airflow/dags/driven_data_pipeline.py
[2026-06-16T00:59:15.030+0000] {logging_mixin.py:190} INFO - [2026-06-16T00:59:15.029+0000] {dag.py:3239} INFO - Sync 1 DAGs
[2026-06-16T00:59:15.082+0000] {logging_mixin.py:190} INFO - [2026-06-16T00:59:15.081+0000] {dag.py:4180} INFO - Setting next_dagrun for extract_raw_data_pipeline to 2026-06-15 07:00:00+00:00, run_after=2026-06-16 07:00:00+00:00
[2026-06-16T00:59:15.108+0000] {processor.py:208} INFO - Processing /opt/airflow/dags/driven_data_pipeline.py took 0.453 seconds
[2026-06-16T00:59:45.675+0000] {processor.py:186} INFO - Started process (PID=2076) to work on /opt/airflow/dags/driven_data_pipeline.py
[2026-06-16T00:59:45.677+0000] {processor.py:914} INFO - Processing file /opt/airflow/dags/driven_data_pipeline.py for tasks to queue
[2026-06-16T00:59:45.680+0000] {logging_mixin.py:190} INFO - [2026-06-16T00:59:45.680+0000] {dagbag.py:588} INFO - Filling up the DagBag from /opt/airflow/dags/driven_data_pipeline.py
[2026-06-16T00:59:45.938+0000] {processor.py:925} INFO - DAG(s) 'extract_raw_data_pipeline' retrieved from /opt/airflow/dags/driven_data_pipeline.py
[2026-06-16T00:59:45.962+0000] {logging_mixin.py:190} INFO - [2026-06-16T00:59:45.962+0000] {dag.py:3239} INFO - Sync 1 DAGs
[2026-06-16T00:59:45.986+0000] {logging_mixin.py:190} INFO - [2026-06-16T00:59:45.985+0000] {dag.py:4180} INFO - Setting next_dagrun for extract_raw_data_pipeline to 2026-06-15 07:00:00+00:00, run_after=2026-06-16 07:00:00+00:00
[2026-06-16T00:59:46.015+0000] {processor.py:208} INFO - Processing /opt/airflow/dags/driven_data_pipeline.py took 0.356 seconds
[2026-06-16T01:00:16.577+0000] {processor.py:186} INFO - Started process (PID=2086) to work on /opt/airflow/dags/driven_data_pipeline.py
[2026-06-16T01:00:16.579+0000] {processor.py:914} INFO - Processing file /opt/airflow/dags/driven_data_pipeline.py for tasks to queue
[2026-06-16T01:00:16.583+0000] {logging_mixin.py:190} INFO - [2026-06-16T01:00:16.583+0000] {dagbag.py:588} INFO - Filling up the DagBag from /opt/airflow/dags/driven_data_pipeline.py
[2026-06-16T01:00:16.819+0000] {processor.py:925} INFO - DAG(s) 'extract_raw_data_pipeline' retrieved from /opt/airflow/dags/driven_data_pipeline.py
[2026-06-16T01:00:16.848+0000] {logging_mixin.py:190} INFO - [2026-06-16T01:00:16.847+0000] {dag.py:3239} INFO - Sync 1 DAGs
[2026-06-16T01:00:16.871+0000] {logging_mixin.py:190} INFO - [2026-06-16T01:00:16.871+0000] {dag.py:4180} INFO - Setting next_dagrun for extract_raw_data_pipeline to 2026-06-15 07:00:00+00:00, run_after=2026-06-16 07:00:00+00:00
[2026-06-16T01:00:16.902+0000] {processor.py:208} INFO - Processing /opt/airflow/dags/driven_data_pipeline.py took 0.336 seconds
[2026-06-16T01:00:47.461+0000] {processor.py:186} INFO - Started process (PID=2096) to work on /opt/airflow/dags/driven_data_pipeline.py
[2026-06-16T01:00:47.463+0000] {processor.py:914} INFO - Processing file /opt/airflow/dags/driven_data_pipeline.py for tasks to queue
[2026-06-16T01:00:47.466+0000] {logging_mixin.py:190} INFO - [2026-06-16T01:00:47.466+0000] {dagbag.py:588} INFO - Filling up the DagBag from /opt/airflow/dags/driven_data_pipeline.py
[2026-06-16T01:00:47.681+0000] {processor.py:925} INFO - DAG(s) 'extract_raw_data_pipeline' retrieved from /opt/airflow/dags/driven_data_pipeline.py
[2026-06-16T01:00:47.716+0000] {logging_mixin.py:190} INFO - [2026-06-16T01:00:47.715+0000] {dag.py:3239} INFO - Sync 1 DAGs
[2026-06-16T01:00:47.749+0000] {logging_mixin.py:190} INFO - [2026-06-16T01:00:47.749+0000] {dag.py:4180} INFO - Setting next_dagrun for extract_raw_data_pipeline to 2026-06-15 07:00:00+00:00, run_after=2026-06-16 07:00:00+00:00
[2026-06-16T01:00:47.790+0000] {processor.py:208} INFO - Processing /opt/airflow/dags/driven_data_pipeline.py took 0.337 seconds
[2026-06-16T01:01:18.419+0000] {processor.py:186} INFO - Started process (PID=2106) to work on /opt/airflow/dags/driven_data_pipeline.py
[2026-06-16T01:01:18.421+0000] {processor.py:914} INFO - Processing file /opt/airflow/dags/driven_data_pipeline.py for tasks to queue
[2026-06-16T01:01:18.427+0000] {logging_mixin.py:190} INFO - [2026-06-16T01:01:18.426+0000] {dagbag.py:588} INFO - Filling up the DagBag from /opt/airflow/dags/driven_data_pipeline.py
[2026-06-16T01:01:18.668+0000] {processor.py:925} INFO - DAG(s) 'extract_raw_data_pipeline' retrieved from /opt/airflow/dags/driven_data_pipeline.py
[2026-06-16T01:01:18.692+0000] {logging_mixin.py:190} INFO - [2026-06-16T01:01:18.691+0000] {dag.py:3239} INFO - Sync 1 DAGs
[2026-06-16T01:01:18.717+0000] {logging_mixin.py:190} INFO - [2026-06-16T01:01:18.717+0000] {dag.py:4180} INFO - Setting next_dagrun for extract_raw_data_pipeline to 2026-06-15 07:00:00+00:00, run_after=2026-06-16 07:00:00+00:00
[2026-06-16T01:01:18.742+0000] {processor.py:208} INFO - Processing /opt/airflow/dags/driven_data_pipeline.py took 0.334 seconds
[2026-06-16T01:01:49.343+0000] {processor.py:186} INFO - Started process (PID=2116) to work on /opt/airflow/dags/driven_data_pipeline.py
[2026-06-16T01:01:49.345+0000] {processor.py:914} INFO - Processing file /opt/airflow/dags/driven_data_pipeline.py for tasks to queue
[2026-06-16T01:01:49.350+0000] {logging_mixin.py:190} INFO - [2026-06-16T01:01:49.348+0000] {dagbag.py:588} INFO - Filling up the DagBag from /opt/airflow/dags/driven_data_pipeline.py
[2026-06-16T01:01:49.564+0000] {processor.py:925} INFO - DAG(s) 'extract_raw_data_pipeline' retrieved from /opt/airflow/dags/driven_data_pipeline.py
[2026-06-16T01:01:49.596+0000] {logging_mixin.py:190} INFO - [2026-06-16T01:01:49.596+0000] {dag.py:3239} INFO - Sync 1 DAGs
[2026-06-16T01:01:49.635+0000] {logging_mixin.py:190} INFO - [2026-06-16T01:01:49.635+0000] {dag.py:4180} INFO - Setting next_dagrun for extract_raw_data_pipeline to 2026-06-15 07:00:00+00:00, run_after=2026-06-16 07:00:00+00:00
[2026-06-16T01:01:49.687+0000] {processor.py:208} INFO - Processing /opt/airflow/dags/driven_data_pipeline.py took 0.357 seconds
[2026-06-16T01:02:20.206+0000] {processor.py:186} INFO - Started process (PID=2126) to work on /opt/airflow/dags/driven_data_pipeline.py
[2026-06-16T01:02:20.209+0000] {processor.py:914} INFO - Processing file /opt/airflow/dags/driven_data_pipeline.py for tasks to queue
[2026-06-16T01:02:20.212+0000] {logging_mixin.py:190} INFO - [2026-06-16T01:02:20.212+0000] {dagbag.py:588} INFO - Filling up the DagBag from /opt/airflow/dags/driven_data_pipeline.py
[2026-06-16T01:02:20.435+0000] {processor.py:925} INFO - DAG(s) 'extract_raw_data_pipeline' retrieved from /opt/airflow/dags/driven_data_pipeline.py
[2026-06-16T01:02:20.464+0000] {logging_mixin.py:190} INFO - [2026-06-16T01:02:20.464+0000] {dag.py:3239} INFO - Sync 1 DAGs
[2026-06-16T01:02:20.486+0000] {logging_mixin.py:190} INFO - [2026-06-16T01:02:20.486+0000] {dag.py:4180} INFO - Setting next_dagrun for extract_raw_data_pipeline to 2026-06-15 07:00:00+00:00, run_after=2026-06-16 07:00:00+00:00
[2026-06-16T01:02:20.509+0000] {processor.py:208} INFO - Processing /opt/airflow/dags/driven_data_pipeline.py took 0.314 seconds
[2026-06-16T01:02:51.037+0000] {processor.py:186} INFO - Started process (PID=2136) to work on /opt/airflow/dags/driven_data_pipeline.py
[2026-06-16T01:02:51.039+0000] {processor.py:914} INFO - Processing file /opt/airflow/dags/driven_data_pipeline.py for tasks to queue
[2026-06-16T01:02:51.042+0000] {logging_mixin.py:190} INFO - [2026-06-16T01:02:51.041+0000] {dagbag.py:588} INFO - Filling up the DagBag from /opt/airflow/dags/driven_data_pipeline.py
[2026-06-16T01:02:51.269+0000] {processor.py:925} INFO - DAG(s) 'extract_raw_data_pipeline' retrieved from /opt/airflow/dags/driven_data_pipeline.py
[2026-06-16T01:02:51.293+0000] {logging_mixin.py:190} INFO - [2026-06-16T01:02:51.293+0000] {dag.py:3239} INFO - Sync 1 DAGs
[2026-06-16T01:02:51.315+0000] {logging_mixin.py:190} INFO - [2026-06-16T01:02:51.314+0000] {dag.py:4180} INFO - Setting next_dagrun for extract_raw_data_pipeline to 2026-06-15 07:00:00+00:00, run_after=2026-06-16 07:00:00+00:00
[2026-06-16T01:02:51.343+0000] {processor.py:208} INFO - Processing /opt/airflow/dags/driven_data_pipeline.py took 0.312 seconds
[2026-06-16T01:03:21.989+0000] {processor.py:186} INFO - Started process (PID=2146) to work on /opt/airflow/dags/driven_data_pipeline.py
[2026-06-16T01:03:21.992+0000] {processor.py:914} INFO - Processing file /opt/airflow/dags/driven_data_pipeline.py for tasks to queue
[2026-06-16T01:03:21.998+0000] {logging_mixin.py:190} INFO - [2026-06-16T01:03:21.997+0000] {dagbag.py:588} INFO - Filling up the DagBag from /opt/airflow/dags/driven_data_pipeline.py
[2026-06-16T01:03:22.279+0000] {processor.py:925} INFO - DAG(s) 'extract_raw_data_pipeline' retrieved from /opt/airflow/dags/driven_data_pipeline.py
[2026-06-16T01:03:22.310+0000] {logging_mixin.py:190} INFO - [2026-06-16T01:03:22.309+0000] {dag.py:3239} INFO - Sync 1 DAGs
[2026-06-16T01:03:22.336+0000] {logging_mixin.py:190} INFO - [2026-06-16T01:03:22.336+0000] {dag.py:4180} INFO - Setting next_dagrun for extract_raw_data_pipeline to 2026-06-15 07:00:00+00:00, run_after=2026-06-16 07:00:00+00:00
[2026-06-16T01:03:22.380+0000] {processor.py:208} INFO - Processing /opt/airflow/dags/driven_data_pipeline.py took 0.403 seconds
[2026-06-16T01:03:52.959+0000] {processor.py:186} INFO - Started process (PID=2156) to work on /opt/airflow/dags/driven_data_pipeline.py
[2026-06-16T01:03:52.961+0000] {processor.py:914} INFO - Processing file /opt/airflow/dags/driven_data_pipeline.py for tasks to queue
[2026-06-16T01:03:52.964+0000] {logging_mixin.py:190} INFO - [2026-06-16T01:03:52.964+0000] {dagbag.py:588} INFO - Filling up the DagBag from /opt/airflow/dags/driven_data_pipeline.py
[2026-06-16T01:03:53.220+0000] {processor.py:925} INFO - DAG(s) 'extract_raw_data_pipeline' retrieved from /opt/airflow/dags/driven_data_pipeline.py
[2026-06-16T01:03:53.254+0000] {logging_mixin.py:190} INFO - [2026-06-16T01:03:53.254+0000] {dag.py:3239} INFO - Sync 1 DAGs
[2026-06-16T01:03:53.278+0000] {logging_mixin.py:190} INFO - [2026-06-16T01:03:53.278+0000] {dag.py:4180} INFO - Setting next_dagrun for extract_raw_data_pipeline to 2026-06-15 07:00:00+00:00, run_after=2026-06-16 07:00:00+00:00
[2026-06-16T01:03:53.301+0000] {processor.py:208} INFO - Processing /opt/airflow/dags/driven_data_pipeline.py took 0.349 seconds
[2026-06-16T01:04:24.079+0000] {processor.py:186} INFO - Started process (PID=2166) to work on /opt/airflow/dags/driven_data_pipeline.py
[2026-06-16T01:04:24.082+0000] {processor.py:914} INFO - Processing file /opt/airflow/dags/driven_data_pipeline.py for tasks to queue
[2026-06-16T01:04:24.090+0000] {logging_mixin.py:190} INFO - [2026-06-16T01:04:24.090+0000] {dagbag.py:588} INFO - Filling up the DagBag from /opt/airflow/dags/driven_data_pipeline.py
[2026-06-16T01:04:24.408+0000] {processor.py:925} INFO - DAG(s) 'extract_raw_data_pipeline' retrieved from /opt/airflow/dags/driven_data_pipeline.py
[2026-06-16T01:04:24.434+0000] {logging_mixin.py:190} INFO - [2026-06-16T01:04:24.434+0000] {dag.py:3239} INFO - Sync 1 DAGs
[2026-06-16T01:04:24.455+0000] {logging_mixin.py:190} INFO - [2026-06-16T01:04:24.455+0000] {dag.py:4180} INFO - Setting next_dagrun for extract_raw_data_pipeline to 2026-06-15 07:00:00+00:00, run_after=2026-06-16 07:00:00+00:00
[2026-06-16T01:04:24.487+0000] {processor.py:208} INFO - Processing /opt/airflow/dags/driven_data_pipeline.py took 0.422 seconds
[2026-06-16T01:04:55.082+0000] {processor.py:186} INFO - Started process (PID=2176) to work on /opt/airflow/dags/driven_data_pipeline.py
[2026-06-16T01:04:55.084+0000] {processor.py:914} INFO - Processing file /opt/airflow/dags/driven_data_pipeline.py for tasks to queue
[2026-06-16T01:04:55.092+0000] {logging_mixin.py:190} INFO - [2026-06-16T01:04:55.091+0000] {dagbag.py:588} INFO - Filling up the DagBag from /opt/airflow/dags/driven_data_pipeline.py
[2026-06-16T01:04:55.411+0000] {processor.py:925} INFO - DAG(s) 'extract_raw_data_pipeline' retrieved from /opt/airflow/dags/driven_data_pipeline.py
[2026-06-16T01:04:55.441+0000] {logging_mixin.py:190} INFO - [2026-06-16T01:04:55.440+0000] {dag.py:3239} INFO - Sync 1 DAGs
[2026-06-16T01:04:55.464+0000] {logging_mixin.py:190} INFO - [2026-06-16T01:04:55.464+0000] {dag.py:4180} INFO - Setting next_dagrun for extract_raw_data_pipeline to 2026-06-15 07:00:00+00:00, run_after=2026-06-16 07:00:00+00:00
[2026-06-16T01:04:55.493+0000] {processor.py:208} INFO - Processing /opt/airflow/dags/driven_data_pipeline.py took 0.429 seconds
[2026-06-16T01:05:26.070+0000] {processor.py:186} INFO - Started process (PID=2186) to work on /opt/airflow/dags/driven_data_pipeline.py
[2026-06-16T01:05:26.074+0000] {processor.py:914} INFO - Processing file /opt/airflow/dags/driven_data_pipeline.py for tasks to queue
[2026-06-16T01:05:26.082+0000] {logging_mixin.py:190} INFO - [2026-06-16T01:05:26.080+0000] {dagbag.py:588} INFO - Filling up the DagBag from /opt/airflow/dags/driven_data_pipeline.py
[2026-06-16T01:05:26.343+0000] {processor.py:925} INFO - DAG(s) 'extract_raw_data_pipeline' retrieved from /opt/airflow/dags/driven_data_pipeline.py
[2026-06-16T01:05:26.372+0000] {logging_mixin.py:190} INFO - [2026-06-16T01:05:26.372+0000] {dag.py:3239} INFO - Sync 1 DAGs
[2026-06-16T01:05:26.401+0000] {logging_mixin.py:190} INFO - [2026-06-16T01:05:26.401+0000] {dag.py:4180} INFO - Setting next_dagrun for extract_raw_data_pipeline to 2026-06-15 07:00:00+00:00, run_after=2026-06-16 07:00:00+00:00
[2026-06-16T01:05:26.450+0000] {processor.py:208} INFO - Processing /opt/airflow/dags/driven_data_pipeline.py took 0.397 seconds
[2026-06-16T01:05:57.045+0000] {processor.py:186} INFO - Started process (PID=2196) to work on /opt/airflow/dags/driven_data_pipeline.py
[2026-06-16T01:05:57.048+0000] {processor.py:914} INFO - Processing file /opt/airflow/dags/driven_data_pipeline.py for tasks to queue
[2026-06-16T01:05:57.055+0000] {logging_mixin.py:190} INFO - [2026-06-16T01:05:57.054+0000] {dagbag.py:588} INFO - Filling up the DagBag from /opt/airflow/dags/driven_data_pipeline.py
[2026-06-16T01:05:57.374+0000] {processor.py:925} INFO - DAG(s) 'extract_raw_data_pipeline' retrieved from /opt/airflow/dags/driven_data_pipeline.py
[2026-06-16T01:05:57.399+0000] {logging_mixin.py:190} INFO - [2026-06-16T01:05:57.399+0000] {dag.py:3239} INFO - Sync 1 DAGs
[2026-06-16T01:05:57.426+0000] {logging_mixin.py:190} INFO - [2026-06-16T01:05:57.425+0000] {dag.py:4180} INFO - Setting next_dagrun for extract_raw_data_pipeline to 2026-06-15 07:00:00+00:00, run_after=2026-06-16 07:00:00+00:00
[2026-06-16T01:05:57.460+0000] {processor.py:208} INFO - Processing /opt/airflow/dags/driven_data_pipeline.py took 0.432 seconds
