[2026-06-15T19:33:49.454+0000] {local_task_job_runner.py:123} INFO - ::group::Pre task execution logs
[2026-06-15T19:33:49.481+0000] {taskinstance.py:2612} INFO - Dependencies all met for dep_context=non-requeueable deps ti=<TaskInstance: extract_raw_data_pipeline.create_raw_table manual__2026-06-15T19:33:45.226505+00:00 [queued]>
[2026-06-15T19:33:49.496+0000] {taskinstance.py:2612} INFO - Dependencies all met for dep_context=requeueable deps ti=<TaskInstance: extract_raw_data_pipeline.create_raw_table manual__2026-06-15T19:33:45.226505+00:00 [queued]>
[2026-06-15T19:33:49.499+0000] {taskinstance.py:2865} INFO - Starting attempt 1 of 1
[2026-06-15T19:33:49.523+0000] {taskinstance.py:2888} INFO - Executing <Task(SQLExecuteQueryOperator): create_raw_table> on 2026-06-15 19:33:45.226505+00:00
[2026-06-15T19:33:49.533+0000] {warnings.py:112} WARNING - /home/***/.local/lib/python3.12/site-packages/***/task/task_runner/standard_task_runner.py:70: DeprecationWarning: This process (pid=1120) is multi-threaded, use of fork() may lead to deadlocks in the child.
  pid = os.fork()

[2026-06-15T19:33:49.536+0000] {standard_task_runner.py:72} INFO - Started process 1122 to run task
[2026-06-15T19:33:49.537+0000] {standard_task_runner.py:104} INFO - Running: ['***', 'tasks', 'run', 'extract_raw_data_pipeline', 'create_raw_table', 'manual__2026-06-15T19:33:45.226505+00:00', '--job-id', '22', '--raw', '--subdir', 'DAGS_FOLDER/driven_data_pipeline.py', '--cfg-path', '/tmp/tmptd3s19ns']
[2026-06-15T19:33:49.539+0000] {standard_task_runner.py:105} INFO - Job 22: Subtask create_raw_table
[2026-06-15T19:33:49.604+0000] {task_command.py:467} INFO - Running <TaskInstance: extract_raw_data_pipeline.create_raw_table manual__2026-06-15T19:33:45.226505+00:00 [running]> on host 56fd351e601a
[2026-06-15T19:33:49.728+0000] {taskinstance.py:3131} INFO - Exporting env vars: AIRFLOW_CTX_DAG_OWNER='***' AIRFLOW_CTX_DAG_ID='extract_raw_data_pipeline' AIRFLOW_CTX_TASK_ID='create_raw_table' AIRFLOW_CTX_EXECUTION_DATE='2026-06-15T19:33:45.226505+00:00' AIRFLOW_CTX_TRY_NUMBER='1' AIRFLOW_CTX_DAG_RUN_ID='manual__2026-06-15T19:33:45.226505+00:00'
[2026-06-15T19:33:49.730+0000] {taskinstance.py:731} INFO - ::endgroup::
[2026-06-15T19:33:49.747+0000] {sql.py:266} INFO - Executing: 
        CREATE TABLE IF NOT EXISTS driven_raw.raw_batch_data (
            person_name VARCHAR(100),
            user_name VARCHAR(100),
            email VARCHAR(100),
            personal_number VARCHAR(100),
            birth_date VARCHAR(100),
            address VARCHAR(255),
            phone VARCHAR(100),
            mac_address VARCHAR(100),
            ip_address VARCHAR(100),
            iban VARCHAR(100),
            accessed_at TIMESTAMP,
            session_duration INT,
            download_speed INT,
            upload_speed INT,
            consumed_traffic INT,
            unique_id VARCHAR(100)
        );
    
[2026-06-15T19:33:49.760+0000] {base.py:84} INFO - Retrieving connection 'postgres_conn'
[2026-06-15T19:33:49.770+0000] {base.py:84} INFO - Retrieving connection 'postgres_conn'
[2026-06-15T19:33:49.776+0000] {sql.py:509} INFO - Running statement: 
        CREATE TABLE IF NOT EXISTS driven_raw.raw_batch_data (
            person_name VARCHAR(100),
            user_name VARCHAR(100),
            email VARCHAR(100),
            personal_number VARCHAR(100),
            birth_date VARCHAR(100),
            address VARCHAR(255),
            phone VARCHAR(100),
            mac_address VARCHAR(100),
            ip_address VARCHAR(100),
            iban VARCHAR(100),
            accessed_at TIMESTAMP,
            session_duration INT,
            download_speed INT,
            upload_speed INT,
            consumed_traffic INT,
            unique_id VARCHAR(100)
        );
    , parameters: None
[2026-06-15T19:33:49.789+0000] {taskinstance.py:340} INFO - ::group::Post task execution logs
[2026-06-15T19:33:49.791+0000] {taskinstance.py:352} INFO - Marking task as SUCCESS. dag_id=extract_raw_data_pipeline, task_id=create_raw_table, run_id=manual__2026-06-15T19:33:45.226505+00:00, execution_date=20260615T193345, start_date=20260615T193349, end_date=20260615T193349
[2026-06-15T19:33:49.836+0000] {local_task_job_runner.py:266} INFO - Task exited with return code 0
[2026-06-15T19:33:49.889+0000] {taskinstance.py:3900} INFO - 1 downstream tasks scheduled from follow-on schedule check
[2026-06-15T19:33:49.895+0000] {local_task_job_runner.py:245} INFO - ::endgroup::
