[2026-06-15T19:23:04.529+0000] {local_task_job_runner.py:123} INFO - ::group::Pre task execution logs
[2026-06-15T19:23:04.555+0000] {taskinstance.py:2612} INFO - Dependencies all met for dep_context=non-requeueable deps ti=<TaskInstance: extract_raw_data_pipeline.run_dbt_staging manual__2026-06-15T19:22:54.042136+00:00 [queued]>
[2026-06-15T19:23:04.566+0000] {taskinstance.py:2612} INFO - Dependencies all met for dep_context=requeueable deps ti=<TaskInstance: extract_raw_data_pipeline.run_dbt_staging manual__2026-06-15T19:22:54.042136+00:00 [queued]>
[2026-06-15T19:23:04.568+0000] {taskinstance.py:2865} INFO - Starting attempt 1 of 1
[2026-06-15T19:23:04.587+0000] {taskinstance.py:2888} INFO - Executing <Task(BashOperator): run_dbt_staging> on 2026-06-15 19:22:54.042136+00:00
[2026-06-15T19:23:04.596+0000] {warnings.py:112} WARNING - /home/***/.local/lib/python3.12/site-packages/***/task/task_runner/standard_task_runner.py:70: DeprecationWarning: This process (pid=920) is multi-threaded, use of fork() may lead to deadlocks in the child.
  pid = os.fork()

[2026-06-15T19:23:04.600+0000] {standard_task_runner.py:72} INFO - Started process 922 to run task
[2026-06-15T19:23:04.600+0000] {standard_task_runner.py:104} INFO - Running: ['***', 'tasks', 'run', 'extract_raw_data_pipeline', 'run_dbt_staging', 'manual__2026-06-15T19:22:54.042136+00:00', '--job-id', '18', '--raw', '--subdir', 'DAGS_FOLDER/driven_data_pipeline.py', '--cfg-path', '/tmp/tmp3mhhl5fs']
[2026-06-15T19:23:04.604+0000] {standard_task_runner.py:105} INFO - Job 18: Subtask run_dbt_staging
[2026-06-15T19:23:04.689+0000] {task_command.py:467} INFO - Running <TaskInstance: extract_raw_data_pipeline.run_dbt_staging manual__2026-06-15T19:22:54.042136+00:00 [running]> on host 56fd351e601a
[2026-06-15T19:23:04.784+0000] {taskinstance.py:3131} INFO - Exporting env vars: AIRFLOW_CTX_DAG_OWNER='***' AIRFLOW_CTX_DAG_ID='extract_raw_data_pipeline' AIRFLOW_CTX_TASK_ID='run_dbt_staging' AIRFLOW_CTX_EXECUTION_DATE='2026-06-15T19:22:54.042136+00:00' AIRFLOW_CTX_TRY_NUMBER='1' AIRFLOW_CTX_DAG_RUN_ID='manual__2026-06-15T19:22:54.042136+00:00'
[2026-06-15T19:23:04.786+0000] {taskinstance.py:731} INFO - ::endgroup::
[2026-06-15T19:23:04.813+0000] {subprocess.py:63} INFO - Tmp dir root location: /tmp
[2026-06-15T19:23:04.815+0000] {subprocess.py:75} INFO - Running command: ['/usr/bin/bash', '-c', '\n        set -x\n        cd /opt/***/dbt\n        dbt run --select tag:staging\n    ']
[2026-06-15T19:23:04.834+0000] {subprocess.py:86} INFO - Output:
[2026-06-15T19:23:04.840+0000] {subprocess.py:93} INFO - + cd /opt/***/dbt
[2026-06-15T19:23:04.842+0000] {subprocess.py:93} INFO - + dbt run --select tag:staging
[2026-06-15T19:23:08.360+0000] {subprocess.py:93} INFO - [0m19:23:08  Running with dbt=1.8.0
[2026-06-15T19:23:08.957+0000] {subprocess.py:93} INFO - [0m19:23:08  Registered adapter: postgres=1.8.2
[2026-06-15T19:23:10.967+0000] {subprocess.py:93} INFO - [0m19:23:10  Found 9 models, 10 sources, 428 macros
[2026-06-15T19:23:10.974+0000] {subprocess.py:93} INFO - [0m19:23:10
[2026-06-15T19:23:11.243+0000] {subprocess.py:93} INFO - [0m19:23:11  Concurrency: 1 threads (target='dev')
[2026-06-15T19:23:11.245+0000] {subprocess.py:93} INFO - [0m19:23:11
[2026-06-15T19:23:11.265+0000] {subprocess.py:93} INFO - [0m19:23:11  1 of 5 START sql table model driven_staging.dim_address ........................ [RUN]
[2026-06-15T19:23:11.603+0000] {subprocess.py:93} INFO - [0m19:23:11  1 of 5 OK created sql table model driven_staging.dim_address ................... [[32mSELECT 14590[0m in 0.33s]
[2026-06-15T19:23:11.607+0000] {subprocess.py:93} INFO - [0m19:23:11  2 of 5 START sql table model driven_staging.dim_date ........................... [RUN]
[2026-06-15T19:23:11.751+0000] {subprocess.py:93} INFO - [0m19:23:11  2 of 5 OK created sql table model driven_staging.dim_date ...................... [[32mSELECT 14590[0m in 0.14s]
[2026-06-15T19:23:11.755+0000] {subprocess.py:93} INFO - [0m19:23:11  3 of 5 START sql table model driven_staging.dim_finance ........................ [RUN]
[2026-06-15T19:23:11.894+0000] {subprocess.py:93} INFO - [0m19:23:11  3 of 5 OK created sql table model driven_staging.dim_finance ................... [[32mSELECT 14590[0m in 0.13s]
[2026-06-15T19:23:11.897+0000] {subprocess.py:93} INFO - [0m19:23:11  4 of 5 START sql table model driven_staging.dim_person ......................... [RUN]
[2026-06-15T19:23:12.119+0000] {subprocess.py:93} INFO - [0m19:23:12  4 of 5 OK created sql table model driven_staging.dim_person .................... [[32mSELECT 14590[0m in 0.22s]
[2026-06-15T19:23:12.126+0000] {subprocess.py:93} INFO - [0m19:23:12  5 of 5 START sql table model driven_staging.fact_network_usage ................. [RUN]
[2026-06-15T19:23:12.304+0000] {subprocess.py:93} INFO - [0m19:23:12  5 of 5 OK created sql table model driven_staging.fact_network_usage ............ [[32mSELECT 14590[0m in 0.17s]
[2026-06-15T19:23:12.331+0000] {subprocess.py:93} INFO - [0m19:23:12
[2026-06-15T19:23:12.333+0000] {subprocess.py:93} INFO - [0m19:23:12  Finished running 5 table models in 0 hours 0 minutes and 1.36 seconds (1.36s).
[2026-06-15T19:23:12.456+0000] {subprocess.py:93} INFO - [0m19:23:12
[2026-06-15T19:23:12.458+0000] {subprocess.py:93} INFO - [0m19:23:12  [32mCompleted successfully[0m
[2026-06-15T19:23:12.460+0000] {subprocess.py:93} INFO - [0m19:23:12
[2026-06-15T19:23:12.461+0000] {subprocess.py:93} INFO - [0m19:23:12  Done. PASS=5 WARN=0 ERROR=0 SKIP=0 TOTAL=5
[2026-06-15T19:23:13.407+0000] {subprocess.py:97} INFO - Command exited with return code 0
[2026-06-15T19:23:13.445+0000] {taskinstance.py:340} INFO - ::group::Post task execution logs
[2026-06-15T19:23:13.446+0000] {taskinstance.py:352} INFO - Marking task as SUCCESS. dag_id=extract_raw_data_pipeline, task_id=run_dbt_staging, run_id=manual__2026-06-15T19:22:54.042136+00:00, execution_date=20260615T192254, start_date=20260615T192304, end_date=20260615T192313
[2026-06-15T19:23:13.480+0000] {local_task_job_runner.py:266} INFO - Task exited with return code 0
[2026-06-15T19:23:13.504+0000] {taskinstance.py:3900} INFO - 1 downstream tasks scheduled from follow-on schedule check
[2026-06-15T19:23:13.508+0000] {local_task_job_runner.py:245} INFO - ::endgroup::
