[2026-06-15T19:23:02.168+0000] {local_task_job_runner.py:123} INFO - ::group::Pre task execution logs
[2026-06-15T19:23:02.197+0000] {taskinstance.py:2612} INFO - Dependencies all met for dep_context=non-requeueable deps ti=<TaskInstance: extract_raw_data_pipeline.load_raw_data manual__2026-06-15T19:22:54.042136+00:00 [queued]>
[2026-06-15T19:23:02.209+0000] {taskinstance.py:2612} INFO - Dependencies all met for dep_context=requeueable deps ti=<TaskInstance: extract_raw_data_pipeline.load_raw_data manual__2026-06-15T19:22:54.042136+00:00 [queued]>
[2026-06-15T19:23:02.210+0000] {taskinstance.py:2865} INFO - Starting attempt 1 of 1
[2026-06-15T19:23:02.227+0000] {taskinstance.py:2888} INFO - Executing <Task(SQLExecuteQueryOperator): load_raw_data> on 2026-06-15 19:22:54.042136+00:00
[2026-06-15T19:23:02.233+0000] {warnings.py:112} WARNING - /home/***/.local/lib/python3.12/site-packages/***/task/task_runner/standard_task_runner.py:70: DeprecationWarning: This process (pid=916) is multi-threaded, use of fork() may lead to deadlocks in the child.
  pid = os.fork()

[2026-06-15T19:23:02.236+0000] {standard_task_runner.py:104} INFO - Running: ['***', 'tasks', 'run', 'extract_raw_data_pipeline', 'load_raw_data', 'manual__2026-06-15T19:22:54.042136+00:00', '--job-id', '17', '--raw', '--subdir', 'DAGS_FOLDER/driven_data_pipeline.py', '--cfg-path', '/tmp/tmpvysh86zd']
[2026-06-15T19:23:02.237+0000] {standard_task_runner.py:72} INFO - Started process 918 to run task
[2026-06-15T19:23:02.238+0000] {standard_task_runner.py:105} INFO - Job 17: Subtask load_raw_data
[2026-06-15T19:23:02.305+0000] {task_command.py:467} INFO - Running <TaskInstance: extract_raw_data_pipeline.load_raw_data manual__2026-06-15T19:22:54.042136+00:00 [running]> on host 56fd351e601a
[2026-06-15T19:23:02.400+0000] {taskinstance.py:3131} INFO - Exporting env vars: AIRFLOW_CTX_DAG_OWNER='***' AIRFLOW_CTX_DAG_ID='extract_raw_data_pipeline' AIRFLOW_CTX_TASK_ID='load_raw_data' AIRFLOW_CTX_EXECUTION_DATE='2026-06-15T19:22:54.042136+00:00' AIRFLOW_CTX_TRY_NUMBER='1' AIRFLOW_CTX_DAG_RUN_ID='manual__2026-06-15T19:22:54.042136+00:00'
[2026-06-15T19:23:02.402+0000] {taskinstance.py:731} INFO - ::endgroup::
[2026-06-15T19:23:02.416+0000] {sql.py:266} INFO - Executing: 
        COPY driven_raw.raw_batch_data (
            person_name,
            user_name,
            email,
            personal_number,
            birth_date,
            address,
            phone,
            mac_address,
            ip_address,
            iban,
            accessed_at,
            session_duration,
            download_speed,
            upload_speed,
            consumed_traffic,
            unique_id
        )
        FROM '/opt/***/data/raw_data.csv'
        DELIMITER ','
        CSV HEADER;
    
[2026-06-15T19:23:02.426+0000] {base.py:84} INFO - Retrieving connection 'postgres_conn'
[2026-06-15T19:23:02.437+0000] {base.py:84} INFO - Retrieving connection 'postgres_conn'
[2026-06-15T19:23:02.444+0000] {sql.py:509} INFO - Running statement: 
        COPY driven_raw.raw_batch_data (
            person_name,
            user_name,
            email,
            personal_number,
            birth_date,
            address,
            phone,
            mac_address,
            ip_address,
            iban,
            accessed_at,
            session_duration,
            download_speed,
            upload_speed,
            consumed_traffic,
            unique_id
        )
        FROM '/opt/***/data/raw_data.csv'
        DELIMITER ','
        CSV HEADER;
    , parameters: None
[2026-06-15T19:23:02.619+0000] {sql.py:518} INFO - Rows affected: 8534
[2026-06-15T19:23:02.673+0000] {taskinstance.py:340} INFO - ::group::Post task execution logs
[2026-06-15T19:23:02.675+0000] {taskinstance.py:352} INFO - Marking task as SUCCESS. dag_id=extract_raw_data_pipeline, task_id=load_raw_data, run_id=manual__2026-06-15T19:22:54.042136+00:00, execution_date=20260615T192254, start_date=20260615T192302, end_date=20260615T192302
[2026-06-15T19:23:02.737+0000] {local_task_job_runner.py:266} INFO - Task exited with return code 0
[2026-06-15T19:23:02.795+0000] {taskinstance.py:3900} INFO - 1 downstream tasks scheduled from follow-on schedule check
[2026-06-15T19:23:02.802+0000] {local_task_job_runner.py:245} INFO - ::endgroup::
