[2026-06-15T19:34:04.910+0000] {local_task_job_runner.py:123} INFO - ::group::Pre task execution logs
[2026-06-15T19:34:04.950+0000] {taskinstance.py:2612} INFO - Dependencies all met for dep_context=non-requeueable deps ti=<TaskInstance: extract_raw_data_pipeline.run_dbt_trusted manual__2026-06-15T19:33:45.226505+00:00 [queued]>
[2026-06-15T19:34:04.966+0000] {taskinstance.py:2612} INFO - Dependencies all met for dep_context=requeueable deps ti=<TaskInstance: extract_raw_data_pipeline.run_dbt_trusted manual__2026-06-15T19:33:45.226505+00:00 [queued]>
[2026-06-15T19:34:04.969+0000] {taskinstance.py:2865} INFO - Starting attempt 1 of 1
[2026-06-15T19:34:05.008+0000] {taskinstance.py:2888} INFO - Executing <Task(BashOperator): run_dbt_trusted> on 2026-06-15 19:33:45.226505+00:00
[2026-06-15T19:34:05.020+0000] {warnings.py:112} WARNING - /home/***/.local/lib/python3.12/site-packages/***/task/task_runner/standard_task_runner.py:70: DeprecationWarning: This process (pid=1154) is multi-threaded, use of fork() may lead to deadlocks in the child.
  pid = os.fork()

[2026-06-15T19:34:05.024+0000] {standard_task_runner.py:72} INFO - Started process 1156 to run task
[2026-06-15T19:34:05.024+0000] {standard_task_runner.py:104} INFO - Running: ['***', 'tasks', 'run', 'extract_raw_data_pipeline', 'run_dbt_trusted', 'manual__2026-06-15T19:33:45.226505+00:00', '--job-id', '25', '--raw', '--subdir', 'DAGS_FOLDER/driven_data_pipeline.py', '--cfg-path', '/tmp/tmpd8k195e8']
[2026-06-15T19:34:05.026+0000] {standard_task_runner.py:105} INFO - Job 25: Subtask run_dbt_trusted
[2026-06-15T19:34:05.118+0000] {task_command.py:467} INFO - Running <TaskInstance: extract_raw_data_pipeline.run_dbt_trusted manual__2026-06-15T19:33:45.226505+00:00 [running]> on host 56fd351e601a
[2026-06-15T19:34:05.242+0000] {taskinstance.py:3131} INFO - Exporting env vars: AIRFLOW_CTX_DAG_OWNER='***' AIRFLOW_CTX_DAG_ID='extract_raw_data_pipeline' AIRFLOW_CTX_TASK_ID='run_dbt_trusted' AIRFLOW_CTX_EXECUTION_DATE='2026-06-15T19:33:45.226505+00:00' AIRFLOW_CTX_TRY_NUMBER='1' AIRFLOW_CTX_DAG_RUN_ID='manual__2026-06-15T19:33:45.226505+00:00'
[2026-06-15T19:34:05.244+0000] {taskinstance.py:731} INFO - ::endgroup::
[2026-06-15T19:34:05.267+0000] {subprocess.py:63} INFO - Tmp dir root location: /tmp
[2026-06-15T19:34:05.269+0000] {subprocess.py:75} INFO - Running command: ['/usr/bin/bash', '-c', '\n        set -x\n        cd /opt/***/dbt\n        dbt run --select tag:trusted\n    ']
[2026-06-15T19:34:05.284+0000] {subprocess.py:86} INFO - Output:
[2026-06-15T19:34:05.286+0000] {subprocess.py:93} INFO - + cd /opt/***/dbt
[2026-06-15T19:34:05.287+0000] {subprocess.py:93} INFO - + dbt run --select tag:trusted
[2026-06-15T19:34:08.788+0000] {subprocess.py:93} INFO - [0m19:34:08  Running with dbt=1.8.0
[2026-06-15T19:34:09.291+0000] {subprocess.py:93} INFO - [0m19:34:09  Registered adapter: postgres=1.8.2
[2026-06-15T19:34:10.575+0000] {subprocess.py:93} INFO - [0m19:34:10  Found 9 models, 10 sources, 428 macros
[2026-06-15T19:34:10.581+0000] {subprocess.py:93} INFO - [0m19:34:10
[2026-06-15T19:34:10.764+0000] {subprocess.py:93} INFO - [0m19:34:10  Concurrency: 1 threads (target='dev')
[2026-06-15T19:34:10.766+0000] {subprocess.py:93} INFO - [0m19:34:10
[2026-06-15T19:34:10.794+0000] {subprocess.py:93} INFO - [0m19:34:10  1 of 4 START sql table model driven_trusted.non_pii_data ....................... [RUN]
[2026-06-15T19:34:10.997+0000] {subprocess.py:93} INFO - [0m19:34:10  1 of 4 ERROR creating sql table model driven_trusted.non_pii_data .............. [[31mERROR[0m in 0.20s]
[2026-06-15T19:34:11.001+0000] {subprocess.py:93} INFO - [0m19:34:11  2 of 4 START sql table model driven_trusted.payment_data ....................... [RUN]
[2026-06-15T19:34:11.249+0000] {subprocess.py:93} INFO - [0m19:34:11  2 of 4 OK created sql table model driven_trusted.payment_data .................. [[32mSELECT 17116[0m in 0.24s]
[2026-06-15T19:34:11.252+0000] {subprocess.py:93} INFO - [0m19:34:11  3 of 4 START sql table model driven_trusted.pii_data ........................... [RUN]
[2026-06-15T19:34:11.356+0000] {subprocess.py:93} INFO - [0m19:34:11  3 of 4 ERROR creating sql table model driven_trusted.pii_data .................. [[31mERROR[0m in 0.10s]
[2026-06-15T19:34:11.361+0000] {subprocess.py:93} INFO - [0m19:34:11  4 of 4 START sql table model driven_trusted.technical_data ..................... [RUN]
[2026-06-15T19:34:11.625+0000] {subprocess.py:93} INFO - [0m19:34:11  4 of 4 OK created sql table model driven_trusted.technical_data ................ [[32mSELECT 17116[0m in 0.26s]
[2026-06-15T19:34:11.646+0000] {subprocess.py:93} INFO - [0m19:34:11
[2026-06-15T19:34:11.647+0000] {subprocess.py:93} INFO - [0m19:34:11  Finished running 4 table models in 0 hours 0 minutes and 1.06 seconds (1.06s).
[2026-06-15T19:34:11.767+0000] {subprocess.py:93} INFO - [0m19:34:11
[2026-06-15T19:34:11.768+0000] {subprocess.py:93} INFO - [0m19:34:11  [31mCompleted with 2 errors and 0 warnings:[0m
[2026-06-15T19:34:11.770+0000] {subprocess.py:93} INFO - [0m19:34:11
[2026-06-15T19:34:11.771+0000] {subprocess.py:93} INFO - [0m19:34:11    Database Error in model trusted_non_pii_data (models/trusted_non_pii_data.sql)
[2026-06-15T19:34:11.771+0000] {subprocess.py:93} INFO -   column df.clabe does not exist
[2026-06-15T19:34:11.772+0000] {subprocess.py:93} INFO -   LINE 26:         SUBSTRING(df.clabe, 1, 5) || '*****' AS iban,
[2026-06-15T19:34:11.773+0000] {subprocess.py:93} INFO -                              ^
[2026-06-15T19:34:11.774+0000] {subprocess.py:93} INFO -   compiled code at target/run/dbt_driven_data/models/trusted_non_pii_data.sql
[2026-06-15T19:34:11.774+0000] {subprocess.py:93} INFO - [0m19:34:11
[2026-06-15T19:34:11.776+0000] {subprocess.py:93} INFO - [0m19:34:11    Database Error in model trusted_pii_data (models/trusted_pii_data.sql)
[2026-06-15T19:34:11.777+0000] {subprocess.py:93} INFO -   column df.clabe does not exist
[2026-06-15T19:34:11.777+0000] {subprocess.py:93} INFO -   LINE 26:         df.clabe,
[2026-06-15T19:34:11.778+0000] {subprocess.py:93} INFO -                    ^
[2026-06-15T19:34:11.779+0000] {subprocess.py:93} INFO -   compiled code at target/run/dbt_driven_data/models/trusted_pii_data.sql
[2026-06-15T19:34:11.779+0000] {subprocess.py:93} INFO - [0m19:34:11
[2026-06-15T19:34:11.780+0000] {subprocess.py:93} INFO - [0m19:34:11  Done. PASS=2 WARN=0 ERROR=2 SKIP=0 TOTAL=4
[2026-06-15T19:34:12.528+0000] {subprocess.py:97} INFO - Command exited with return code 1
[2026-06-15T19:34:12.547+0000] {taskinstance.py:3310} ERROR - Task failed with exception
Traceback (most recent call last):
  File "/home/airflow/.local/lib/python3.12/site-packages/airflow/models/taskinstance.py", line 767, in _execute_task
    result = _execute_callable(context=context, **execute_callable_kwargs)
             ^^^^^^^^^^^^^^^^^^^^^^^^^^^^^^^^^^^^^^^^^^^^^^^^^^^^^^^^^^^^^
  File "/home/airflow/.local/lib/python3.12/site-packages/airflow/models/taskinstance.py", line 733, in _execute_callable
    return ExecutionCallableRunner(
           ^^^^^^^^^^^^^^^^^^^^^^^^
  File "/home/airflow/.local/lib/python3.12/site-packages/airflow/utils/operator_helpers.py", line 252, in run
    return self.func(*args, **kwargs)
           ^^^^^^^^^^^^^^^^^^^^^^^^^^
  File "/home/airflow/.local/lib/python3.12/site-packages/airflow/models/baseoperator.py", line 406, in wrapper
    return func(self, *args, **kwargs)
           ^^^^^^^^^^^^^^^^^^^^^^^^^^^
  File "/home/airflow/.local/lib/python3.12/site-packages/airflow/operators/bash.py", line 249, in execute
    raise AirflowException(
airflow.exceptions.AirflowException: Bash command failed. The command returned a non-zero exit code 1.
[2026-06-15T19:34:12.554+0000] {taskinstance.py:1225} INFO - Marking task as FAILED. dag_id=extract_raw_data_pipeline, task_id=run_dbt_trusted, run_id=manual__2026-06-15T19:33:45.226505+00:00, execution_date=20260615T193345, start_date=20260615T193404, end_date=20260615T193412
[2026-06-15T19:34:12.578+0000] {taskinstance.py:340} INFO - ::group::Post task execution logs
[2026-06-15T19:34:12.579+0000] {standard_task_runner.py:124} ERROR - Failed to execute job 25 for task run_dbt_trusted (Bash command failed. The command returned a non-zero exit code 1.; 1156)
Traceback (most recent call last):
  File "/home/airflow/.local/lib/python3.12/site-packages/airflow/task/task_runner/standard_task_runner.py", line 117, in _start_by_fork
    ret = args.func(args, dag=self.dag)
          ^^^^^^^^^^^^^^^^^^^^^^^^^^^^^
  File "/home/airflow/.local/lib/python3.12/site-packages/airflow/cli/cli_config.py", line 49, in command
    return func(*args, **kwargs)
           ^^^^^^^^^^^^^^^^^^^^^
  File "/home/airflow/.local/lib/python3.12/site-packages/airflow/utils/cli.py", line 115, in wrapper
    return f(*args, **kwargs)
           ^^^^^^^^^^^^^^^^^^
  File "/home/airflow/.local/lib/python3.12/site-packages/airflow/cli/commands/task_command.py", line 483, in task_run
    task_return_code = _run_task_by_selected_method(args, _dag, ti)
                       ^^^^^^^^^^^^^^^^^^^^^^^^^^^^^^^^^^^^^^^^^^^^
  File "/home/airflow/.local/lib/python3.12/site-packages/airflow/cli/commands/task_command.py", line 256, in _run_task_by_selected_method
    return _run_raw_task(args, ti)
           ^^^^^^^^^^^^^^^^^^^^^^^
  File "/home/airflow/.local/lib/python3.12/site-packages/airflow/cli/commands/task_command.py", line 341, in _run_raw_task
    return ti._run_raw_task(
           ^^^^^^^^^^^^^^^^^
  File "/home/airflow/.local/lib/python3.12/site-packages/airflow/utils/session.py", line 97, in wrapper
    return func(*args, session=session, **kwargs)
           ^^^^^^^^^^^^^^^^^^^^^^^^^^^^^^^^^^^^^^
  File "/home/airflow/.local/lib/python3.12/site-packages/airflow/models/taskinstance.py", line 3004, in _run_raw_task
    return _run_raw_task(
           ^^^^^^^^^^^^^^
  File "/home/airflow/.local/lib/python3.12/site-packages/airflow/models/taskinstance.py", line 273, in _run_raw_task
    TaskInstance._execute_task_with_callbacks(
  File "/home/airflow/.local/lib/python3.12/site-packages/airflow/models/taskinstance.py", line 3158, in _execute_task_with_callbacks
    result = self._execute_task(context, task_orig)
             ^^^^^^^^^^^^^^^^^^^^^^^^^^^^^^^^^^^^^^
  File "/home/airflow/.local/lib/python3.12/site-packages/airflow/models/taskinstance.py", line 3182, in _execute_task
    return _execute_task(self, context, task_orig)
           ^^^^^^^^^^^^^^^^^^^^^^^^^^^^^^^^^^^^^^^
  File "/home/airflow/.local/lib/python3.12/site-packages/airflow/models/taskinstance.py", line 767, in _execute_task
    result = _execute_callable(context=context, **execute_callable_kwargs)
             ^^^^^^^^^^^^^^^^^^^^^^^^^^^^^^^^^^^^^^^^^^^^^^^^^^^^^^^^^^^^^
  File "/home/airflow/.local/lib/python3.12/site-packages/airflow/models/taskinstance.py", line 733, in _execute_callable
    return ExecutionCallableRunner(
           ^^^^^^^^^^^^^^^^^^^^^^^^
  File "/home/airflow/.local/lib/python3.12/site-packages/airflow/utils/operator_helpers.py", line 252, in run
    return self.func(*args, **kwargs)
           ^^^^^^^^^^^^^^^^^^^^^^^^^^
  File "/home/airflow/.local/lib/python3.12/site-packages/airflow/models/baseoperator.py", line 406, in wrapper
    return func(self, *args, **kwargs)
           ^^^^^^^^^^^^^^^^^^^^^^^^^^^
  File "/home/airflow/.local/lib/python3.12/site-packages/airflow/operators/bash.py", line 249, in execute
    raise AirflowException(
airflow.exceptions.AirflowException: Bash command failed. The command returned a non-zero exit code 1.
[2026-06-15T19:34:12.612+0000] {local_task_job_runner.py:266} INFO - Task exited with return code 1
[2026-06-15T19:34:12.628+0000] {taskinstance.py:3900} INFO - 0 downstream tasks scheduled from follow-on schedule check
[2026-06-15T19:34:12.632+0000] {local_task_job_runner.py:245} INFO - ::endgroup::
