[2026-06-15T19:37:35.469+0000] {local_task_job_runner.py:123} INFO - ::group::Pre task execution logs
[2026-06-15T19:37:35.493+0000] {taskinstance.py:2612} INFO - Dependencies all met for dep_context=non-requeueable deps ti=<TaskInstance: extract_raw_data_pipeline.run_dbt_staging manual__2026-06-15T19:37:26.955506+00:00 [queued]>
[2026-06-15T19:37:35.504+0000] {taskinstance.py:2612} INFO - Dependencies all met for dep_context=requeueable deps ti=<TaskInstance: extract_raw_data_pipeline.run_dbt_staging manual__2026-06-15T19:37:26.955506+00:00 [queued]>
[2026-06-15T19:37:35.505+0000] {taskinstance.py:2865} INFO - Starting attempt 1 of 1
[2026-06-15T19:37:35.519+0000] {taskinstance.py:2888} INFO - Executing <Task(BashOperator): run_dbt_staging> on 2026-06-15 19:37:26.955506+00:00
[2026-06-15T19:37:35.525+0000] {warnings.py:112} WARNING - /home/***/.local/lib/python3.12/site-packages/***/task/task_runner/standard_task_runner.py:70: DeprecationWarning: This process (pid=1238) is multi-threaded, use of fork() may lead to deadlocks in the child.
  pid = os.fork()

[2026-06-15T19:37:35.527+0000] {standard_task_runner.py:72} INFO - Started process 1240 to run task
[2026-06-15T19:37:35.527+0000] {standard_task_runner.py:104} INFO - Running: ['***', 'tasks', 'run', 'extract_raw_data_pipeline', 'run_dbt_staging', 'manual__2026-06-15T19:37:26.955506+00:00', '--job-id', '30', '--raw', '--subdir', 'DAGS_FOLDER/driven_data_pipeline.py', '--cfg-path', '/tmp/tmpqp97jvgv']
[2026-06-15T19:37:35.529+0000] {standard_task_runner.py:105} INFO - Job 30: Subtask run_dbt_staging
[2026-06-15T19:37:35.588+0000] {task_command.py:467} INFO - Running <TaskInstance: extract_raw_data_pipeline.run_dbt_staging manual__2026-06-15T19:37:26.955506+00:00 [running]> on host 56fd351e601a
[2026-06-15T19:37:35.665+0000] {taskinstance.py:3131} INFO - Exporting env vars: AIRFLOW_CTX_DAG_OWNER='***' AIRFLOW_CTX_DAG_ID='extract_raw_data_pipeline' AIRFLOW_CTX_TASK_ID='run_dbt_staging' AIRFLOW_CTX_EXECUTION_DATE='2026-06-15T19:37:26.955506+00:00' AIRFLOW_CTX_TRY_NUMBER='1' AIRFLOW_CTX_DAG_RUN_ID='manual__2026-06-15T19:37:26.955506+00:00'
[2026-06-15T19:37:35.666+0000] {taskinstance.py:731} INFO - ::endgroup::
[2026-06-15T19:37:35.680+0000] {subprocess.py:63} INFO - Tmp dir root location: /tmp
[2026-06-15T19:37:35.681+0000] {subprocess.py:75} INFO - Running command: ['/usr/bin/bash', '-c', '\n        set -x\n        cd /opt/***/dbt\n        dbt run --select tag:staging\n    ']
[2026-06-15T19:37:35.692+0000] {subprocess.py:86} INFO - Output:
[2026-06-15T19:37:35.693+0000] {subprocess.py:93} INFO - + cd /opt/***/dbt
[2026-06-15T19:37:35.694+0000] {subprocess.py:93} INFO - + dbt run --select tag:staging
[2026-06-15T19:37:37.970+0000] {subprocess.py:93} INFO - [0m19:37:37  Running with dbt=1.8.0
[2026-06-15T19:37:38.370+0000] {subprocess.py:93} INFO - [0m19:37:38  Registered adapter: postgres=1.8.2
[2026-06-15T19:37:39.968+0000] {subprocess.py:93} INFO - [0m19:37:39  Found 9 models, 10 sources, 428 macros
[2026-06-15T19:37:39.972+0000] {subprocess.py:93} INFO - [0m19:37:39
[2026-06-15T19:37:40.122+0000] {subprocess.py:93} INFO - [0m19:37:40  Concurrency: 1 threads (target='dev')
[2026-06-15T19:37:40.124+0000] {subprocess.py:93} INFO - [0m19:37:40
[2026-06-15T19:37:40.138+0000] {subprocess.py:93} INFO - [0m19:37:40  1 of 5 START sql table model driven_staging.dim_address ........................ [RUN]
[2026-06-15T19:37:40.373+0000] {subprocess.py:93} INFO - [0m19:37:40  1 of 5 OK created sql table model driven_staging.dim_address ................... [[32mSELECT 17861[0m in 0.23s]
[2026-06-15T19:37:40.378+0000] {subprocess.py:93} INFO - [0m19:37:40  2 of 5 START sql table model driven_staging.dim_date ........................... [RUN]
[2026-06-15T19:37:40.523+0000] {subprocess.py:93} INFO - [0m19:37:40  2 of 5 OK created sql table model driven_staging.dim_date ...................... [[32mSELECT 17861[0m in 0.14s]
[2026-06-15T19:37:40.526+0000] {subprocess.py:93} INFO - [0m19:37:40  3 of 5 START sql table model driven_staging.dim_finance ........................ [RUN]
[2026-06-15T19:37:40.667+0000] {subprocess.py:93} INFO - [0m19:37:40  3 of 5 OK created sql table model driven_staging.dim_finance ................... [[32mSELECT 17861[0m in 0.14s]
[2026-06-15T19:37:40.671+0000] {subprocess.py:93} INFO - [0m19:37:40  4 of 5 START sql table model driven_staging.dim_person ......................... [RUN]
[2026-06-15T19:37:40.819+0000] {subprocess.py:93} INFO - [0m19:37:40  4 of 5 OK created sql table model driven_staging.dim_person .................... [[32mSELECT 17861[0m in 0.15s]
[2026-06-15T19:37:40.822+0000] {subprocess.py:93} INFO - [0m19:37:40  5 of 5 START sql table model driven_staging.fact_network_usage ................. [RUN]
[2026-06-15T19:37:40.999+0000] {subprocess.py:93} INFO - [0m19:37:40  5 of 5 OK created sql table model driven_staging.fact_network_usage ............ [[32mSELECT 17861[0m in 0.17s]
[2026-06-15T19:37:41.031+0000] {subprocess.py:93} INFO - [0m19:37:41
[2026-06-15T19:37:41.033+0000] {subprocess.py:93} INFO - [0m19:37:41  Finished running 5 table models in 0 hours 0 minutes and 1.06 seconds (1.06s).
[2026-06-15T19:37:41.169+0000] {subprocess.py:93} INFO - [0m19:37:41
[2026-06-15T19:37:41.170+0000] {subprocess.py:93} INFO - [0m19:37:41  [32mCompleted successfully[0m
[2026-06-15T19:37:41.171+0000] {subprocess.py:93} INFO - [0m19:37:41
[2026-06-15T19:37:41.172+0000] {subprocess.py:93} INFO - [0m19:37:41  Done. PASS=5 WARN=0 ERROR=0 SKIP=0 TOTAL=5
[2026-06-15T19:37:41.606+0000] {subprocess.py:97} INFO - Command exited with return code 0
[2026-06-15T19:37:41.637+0000] {taskinstance.py:340} INFO - ::group::Post task execution logs
[2026-06-15T19:37:41.638+0000] {taskinstance.py:352} INFO - Marking task as SUCCESS. dag_id=extract_raw_data_pipeline, task_id=run_dbt_staging, run_id=manual__2026-06-15T19:37:26.955506+00:00, execution_date=20260615T193726, start_date=20260615T193735, end_date=20260615T193741
[2026-06-15T19:37:41.665+0000] {local_task_job_runner.py:266} INFO - Task exited with return code 0
[2026-06-15T19:37:41.692+0000] {taskinstance.py:3900} INFO - 1 downstream tasks scheduled from follow-on schedule check
[2026-06-15T19:37:41.695+0000] {local_task_job_runner.py:245} INFO - ::endgroup::
