[2026-06-15T19:33:46.987+0000] {local_task_job_runner.py:123} INFO - ::group::Pre task execution logs
[2026-06-15T19:33:47.007+0000] {taskinstance.py:2612} INFO - Dependencies all met for dep_context=non-requeueable deps ti=<TaskInstance: extract_raw_data_pipeline.extract_raw_data manual__2026-06-15T19:33:45.226505+00:00 [queued]>
[2026-06-15T19:33:47.018+0000] {taskinstance.py:2612} INFO - Dependencies all met for dep_context=requeueable deps ti=<TaskInstance: extract_raw_data_pipeline.extract_raw_data manual__2026-06-15T19:33:45.226505+00:00 [queued]>
[2026-06-15T19:33:47.019+0000] {taskinstance.py:2865} INFO - Starting attempt 1 of 1
[2026-06-15T19:33:47.033+0000] {taskinstance.py:2888} INFO - Executing <Task(PythonOperator): extract_raw_data> on 2026-06-15 19:33:45.226505+00:00
[2026-06-15T19:33:47.039+0000] {warnings.py:112} WARNING - /home/***/.local/lib/python3.12/site-packages/***/task/task_runner/standard_task_runner.py:70: DeprecationWarning: This process (pid=1100) is multi-threaded, use of fork() may lead to deadlocks in the child.
  pid = os.fork()

[2026-06-15T19:33:47.042+0000] {standard_task_runner.py:72} INFO - Started process 1105 to run task
[2026-06-15T19:33:47.042+0000] {standard_task_runner.py:104} INFO - Running: ['***', 'tasks', 'run', 'extract_raw_data_pipeline', 'extract_raw_data', 'manual__2026-06-15T19:33:45.226505+00:00', '--job-id', '20', '--raw', '--subdir', 'DAGS_FOLDER/driven_data_pipeline.py', '--cfg-path', '/tmp/tmpqf0mdd6b']
[2026-06-15T19:33:47.043+0000] {standard_task_runner.py:105} INFO - Job 20: Subtask extract_raw_data
[2026-06-15T19:33:47.108+0000] {task_command.py:467} INFO - Running <TaskInstance: extract_raw_data_pipeline.extract_raw_data manual__2026-06-15T19:33:45.226505+00:00 [running]> on host 56fd351e601a
[2026-06-15T19:33:47.187+0000] {taskinstance.py:3131} INFO - Exporting env vars: AIRFLOW_CTX_DAG_OWNER='***' AIRFLOW_CTX_DAG_ID='extract_raw_data_pipeline' AIRFLOW_CTX_TASK_ID='extract_raw_data' AIRFLOW_CTX_EXECUTION_DATE='2026-06-15T19:33:45.226505+00:00' AIRFLOW_CTX_TRY_NUMBER='1' AIRFLOW_CTX_DAG_RUN_ID='manual__2026-06-15T19:33:45.226505+00:00'
[2026-06-15T19:33:47.189+0000] {taskinstance.py:731} INFO - ::endgroup::
[2026-06-15T19:33:47.208+0000] {batch_generator.py:101} INFO - Started batch processing for 2026-06-15.
[2026-06-15T19:33:47.209+0000] {batch_generator.py:21} INFO - Creted synthetic data for MXcontry code.
[2026-06-15T19:33:47.987+0000] {batch_generator.py:76} INFO - written{rows} records to the CSV file
[2026-06-15T19:33:48.071+0000] {batch_generator.py:83} INFO - Added UUID to the daraset.
[2026-06-15T19:33:48.139+0000] {batch_generator.py:92} INFO - Updated accessed timestamp
[2026-06-15T19:33:48.140+0000] {batch_generator.py:111} INFO - finish bash processing 2026-06-15
[2026-06-15T19:33:48.142+0000] {batch_generator.py:145} INFO - Finished batch processing 2026-06-15.
[2026-06-15T19:33:48.143+0000] {python.py:240} INFO - Done. Returned value was: None
[2026-06-15T19:33:48.157+0000] {taskinstance.py:340} INFO - ::group::Post task execution logs
[2026-06-15T19:33:48.159+0000] {taskinstance.py:352} INFO - Marking task as SUCCESS. dag_id=extract_raw_data_pipeline, task_id=extract_raw_data, run_id=manual__2026-06-15T19:33:45.226505+00:00, execution_date=20260615T193345, start_date=20260615T193347, end_date=20260615T193348
[2026-06-15T19:33:48.225+0000] {local_task_job_runner.py:266} INFO - Task exited with return code 0
[2026-06-15T19:33:48.282+0000] {taskinstance.py:3900} INFO - 1 downstream tasks scheduled from follow-on schedule check
[2026-06-15T19:33:48.288+0000] {local_task_job_runner.py:245} INFO - ::endgroup::
