[2026-06-15T19:22:55.266+0000] {local_task_job_runner.py:123} INFO - ::group::Pre task execution logs
[2026-06-15T19:22:55.286+0000] {taskinstance.py:2612} INFO - Dependencies all met for dep_context=non-requeueable deps ti=<TaskInstance: extract_raw_data_pipeline.extract_raw_data manual__2026-06-15T19:22:54.042136+00:00 [queued]>
[2026-06-15T19:22:55.298+0000] {taskinstance.py:2612} INFO - Dependencies all met for dep_context=requeueable deps ti=<TaskInstance: extract_raw_data_pipeline.extract_raw_data manual__2026-06-15T19:22:54.042136+00:00 [queued]>
[2026-06-15T19:22:55.299+0000] {taskinstance.py:2865} INFO - Starting attempt 1 of 1
[2026-06-15T19:22:55.318+0000] {taskinstance.py:2888} INFO - Executing <Task(PythonOperator): extract_raw_data> on 2026-06-15 19:22:54.042136+00:00
[2026-06-15T19:22:55.326+0000] {warnings.py:112} WARNING - /home/***/.local/lib/python3.12/site-packages/***/task/task_runner/standard_task_runner.py:70: DeprecationWarning: This process (pid=893) is multi-threaded, use of fork() may lead to deadlocks in the child.
  pid = os.fork()

[2026-06-15T19:22:55.327+0000] {standard_task_runner.py:72} INFO - Started process 897 to run task
[2026-06-15T19:22:55.327+0000] {standard_task_runner.py:104} INFO - Running: ['***', 'tasks', 'run', 'extract_raw_data_pipeline', 'extract_raw_data', 'manual__2026-06-15T19:22:54.042136+00:00', '--job-id', '14', '--raw', '--subdir', 'DAGS_FOLDER/driven_data_pipeline.py', '--cfg-path', '/tmp/tmp75ufzhib']
[2026-06-15T19:22:55.329+0000] {standard_task_runner.py:105} INFO - Job 14: Subtask extract_raw_data
[2026-06-15T19:22:55.405+0000] {task_command.py:467} INFO - Running <TaskInstance: extract_raw_data_pipeline.extract_raw_data manual__2026-06-15T19:22:54.042136+00:00 [running]> on host 56fd351e601a
[2026-06-15T19:22:55.498+0000] {taskinstance.py:3131} INFO - Exporting env vars: AIRFLOW_CTX_DAG_OWNER='***' AIRFLOW_CTX_DAG_ID='extract_raw_data_pipeline' AIRFLOW_CTX_TASK_ID='extract_raw_data' AIRFLOW_CTX_EXECUTION_DATE='2026-06-15T19:22:54.042136+00:00' AIRFLOW_CTX_TRY_NUMBER='1' AIRFLOW_CTX_DAG_RUN_ID='manual__2026-06-15T19:22:54.042136+00:00'
[2026-06-15T19:22:55.500+0000] {taskinstance.py:731} INFO - ::endgroup::
[2026-06-15T19:22:55.520+0000] {batch_generator.py:101} INFO - Started batch processing for 2026-06-15.
[2026-06-15T19:22:55.521+0000] {batch_generator.py:21} INFO - Creted synthetic data for MXcontry code.
[2026-06-15T19:22:58.574+0000] {batch_generator.py:76} INFO - written{rows} records to the CSV file
[2026-06-15T19:22:58.727+0000] {batch_generator.py:83} INFO - Added UUID to the daraset.
[2026-06-15T19:22:58.836+0000] {batch_generator.py:92} INFO - Updated accessed timestamp
[2026-06-15T19:22:58.838+0000] {batch_generator.py:111} INFO - finish bash processing 2026-06-15
[2026-06-15T19:22:58.839+0000] {batch_generator.py:145} INFO - Finished batch processing 2026-06-15.
[2026-06-15T19:22:58.841+0000] {python.py:240} INFO - Done. Returned value was: None
[2026-06-15T19:22:58.862+0000] {taskinstance.py:340} INFO - ::group::Post task execution logs
[2026-06-15T19:22:58.864+0000] {taskinstance.py:352} INFO - Marking task as SUCCESS. dag_id=extract_raw_data_pipeline, task_id=extract_raw_data, run_id=manual__2026-06-15T19:22:54.042136+00:00, execution_date=20260615T192254, start_date=20260615T192255, end_date=20260615T192258
[2026-06-15T19:22:58.925+0000] {local_task_job_runner.py:266} INFO - Task exited with return code 0
[2026-06-15T19:22:58.966+0000] {taskinstance.py:3900} INFO - 1 downstream tasks scheduled from follow-on schedule check
[2026-06-15T19:22:58.971+0000] {local_task_job_runner.py:245} INFO - ::endgroup::
